
>>>p3>>>OUTPUT

<<<c1>>>
Prod: p1 MSG: 1       BERNARDO        Who's there?
Prod: p1 MSG: 2       FRANCISCO       Nay, answer me: stand, and unfold yourself.
Prod: p1 MSG: 3       BERNARDO        Long live the king!
Prod: p1 MSG: 4       FRANCISCO       Bernardo?
Prod: p1 MSG: 5       BERNARDO        He.
Prod: p1 MSG: 6       FRANCISCO       You come most carefully upon your hour.
Prod: p1 MSG: 7       BERNARDO        'Tis now struck twelve; get thee to bed, Francisco.
Prod: p1 MSG: 8       FRANCISCO       For this relief much thanks: 'tis bitter cold,And I am sick at he$
Prod: p1 MSG: 9       BERNARDO        Have you had quiet guard?
Prod: p1 MSG: 10      FRANCISCO       Not a mouse stirring.

<<<c2>>>
Prod: p1 MSG: 1       BERNARDO        Who's there?
Prod: p1 MSG: 2       FRANCISCO       Nay, answer me: stand, and unfold yourself.
Prod: p1 MSG: 3       BERNARDO        Long live the king!
Prod: p1 MSG: 4       FRANCISCO       Bernardo?
Prod: p1 MSG: 5       BERNARDO        He.
Prod: p1 MSG: 6       FRANCISCO       You come most carefully upon your hour.
Prod: p1 MSG: 7       BERNARDO        'Tis now struck twelve; get thee to bed, Francisco.
Prod: p1 MSG: 8       FRANCISCO       For this relief much thanks: 'tis bitter cold,And I am sick at he$
Prod: p1 MSG: 9       BERNARDO        Have you had quiet guard?
Prod: p1 MSG: 10      FRANCISCO       Not a mouse stirring.
