[2015-08-10 16:00:42,110] INFO [Controller 2]: Broker 2 starting become controller state transition (kafka.controller.KafkaController)
[2015-08-10 16:00:42,112] INFO [Controller 2]: Initialized controller epoch to 54 and zk version 53 (kafka.controller.KafkaController)
[2015-08-10 16:00:42,118] INFO [Controller 2]: Controller 2 incremented epoch to 55 (kafka.controller.KafkaController)
[2015-08-10 16:00:42,205] DEBUG [Channel manager on controller 2]: Controller 2 trying to connect to broker 2 (kafka.controller.ControllerChannelManager)
[2015-08-10 16:00:42,213] INFO [Controller-2-to-broker-2-send-thread], Controller 2 connected to id:2,host:fufuka,port:9093 for sending state change requests (kafka.controller.RequestSendThread)
[2015-08-10 16:00:42,215] INFO [Controller-2-to-broker-2-send-thread], Starting  (kafka.controller.RequestSendThread)
[2015-08-10 16:00:42,217] INFO [Controller 2]: Partitions undergoing preferred replica election:  (kafka.controller.KafkaController)
[2015-08-10 16:00:42,217] INFO [Controller 2]: Partitions that completed preferred replica election:  (kafka.controller.KafkaController)
[2015-08-10 16:00:42,217] INFO [Controller 2]: Resuming preferred replica election for partitions:  (kafka.controller.KafkaController)
[2015-08-10 16:00:42,220] INFO [Controller 2]: Partitions being reassigned: Map() (kafka.controller.KafkaController)
[2015-08-10 16:00:42,221] INFO [Controller 2]: Partitions already reassigned: List() (kafka.controller.KafkaController)
[2015-08-10 16:00:42,222] INFO [Controller 2]: Resuming reassignment of partitions: Map() (kafka.controller.KafkaController)
[2015-08-10 16:00:42,226] INFO [Controller 2]: List of topics to be deleted:  (kafka.controller.KafkaController)
[2015-08-10 16:00:42,227] INFO [Controller 2]: List of topics ineligible for deletion: t3,t6,t2,t7,t1 (kafka.controller.KafkaController)
[2015-08-10 16:00:42,230] INFO [Controller 2]: Currently active brokers in the cluster: Set(2) (kafka.controller.KafkaController)
[2015-08-10 16:00:42,231] INFO [Controller 2]: Currently shutting brokers in the cluster: Set() (kafka.controller.KafkaController)
[2015-08-10 16:00:42,231] INFO [Controller 2]: Current list of topics in the cluster: Set(t4, t3, t6, t2, t7, t1) (kafka.controller.KafkaController)
[2015-08-10 16:00:42,237] INFO [Replica state machine on controller 2]: Invoking state change to OnlineReplica for replicas [Topic=t3,Partition=1,Replica=2],[Topic=t2,Partition=1,Replica=2],[Topic=t4,Partition=0,Replica=2],[Topic=t1,Partition=2,Replica=2],[Topic=t1,Partition=0,Replica=2] (kafka.controller.ReplicaStateMachine)
[2015-08-10 16:00:42,249] INFO [Replica state machine on controller 2]: Started replica state machine with initial state -> Map([Topic=t3,Partition=1,Replica=2] -> OnlineReplica, [Topic=t6,Partition=0,Replica=0] -> ReplicaDeletionIneligible, [Topic=t2,Partition=1,Replica=2] -> OnlineReplica, [Topic=t2,Partition=0,Replica=0] -> ReplicaDeletionIneligible, [Topic=t1,Partition=0,Replica=2] -> OnlineReplica, [Topic=t2,Partition=2,Replica=0] -> ReplicaDeletionIneligible, [Topic=t1,Partition=1,Replica=0] -> ReplicaDeletionIneligible, [Topic=t7,Partition=0,Replica=0] -> ReplicaDeletionIneligible, [Topic=t3,Partition=0,Replica=0] -> ReplicaDeletionIneligible, [Topic=t4,Partition=0,Replica=2] -> OnlineReplica, [Topic=t1,Partition=2,Replica=2] -> OnlineReplica, [Topic=t3,Partition=2,Replica=0] -> ReplicaDeletionIneligible) (kafka.controller.ReplicaStateMachine)
[2015-08-10 16:00:42,265] DEBUG [OfflinePartitionLeaderSelector]: No broker in ISR is alive for [t2,2]. Pick the leader from the alive assigned replicas:  (kafka.controller.OfflinePartitionLeaderSelector)
[2015-08-10 16:00:42,272] DEBUG [OfflinePartitionLeaderSelector]: No broker in ISR is alive for [t2,0]. Pick the leader from the alive assigned replicas:  (kafka.controller.OfflinePartitionLeaderSelector)
[2015-08-10 16:00:42,278] DEBUG [OfflinePartitionLeaderSelector]: No broker in ISR is alive for [t7,0]. Pick the leader from the alive assigned replicas:  (kafka.controller.OfflinePartitionLeaderSelector)
[2015-08-10 16:00:42,283] DEBUG [OfflinePartitionLeaderSelector]: No broker in ISR is alive for [t1,1]. Pick the leader from the alive assigned replicas:  (kafka.controller.OfflinePartitionLeaderSelector)
[2015-08-10 16:00:42,288] DEBUG [OfflinePartitionLeaderSelector]: No broker in ISR is alive for [t3,2]. Pick the leader from the alive assigned replicas:  (kafka.controller.OfflinePartitionLeaderSelector)
[2015-08-10 16:00:42,293] DEBUG [OfflinePartitionLeaderSelector]: No broker in ISR is alive for [t3,0]. Pick the leader from the alive assigned replicas:  (kafka.controller.OfflinePartitionLeaderSelector)
[2015-08-10 16:00:42,299] DEBUG [OfflinePartitionLeaderSelector]: No broker in ISR is alive for [t6,0]. Pick the leader from the alive assigned replicas:  (kafka.controller.OfflinePartitionLeaderSelector)
[2015-08-10 16:00:42,300] INFO [Partition state machine on Controller 2]: Started partition state machine with initial state -> Map([t2,1] -> OnlinePartition, [t1,2] -> OnlinePartition, [t3,1] -> OnlinePartition, [t1,0] -> OnlinePartition, [t2,2] -> OfflinePartition, [t2,0] -> OfflinePartition, [t7,0] -> OfflinePartition, [t1,1] -> OfflinePartition, [t3,2] -> OfflinePartition, [t3,0] -> OfflinePartition, [t6,0] -> OfflinePartition, [t4,0] -> OnlinePartition) (kafka.controller.PartitionStateMachine)
[2015-08-10 16:00:42,303] INFO [Controller 2]: Broker 2 is ready to serve as the new controller with epoch 55 (kafka.controller.KafkaController)
[2015-08-10 16:00:42,304] INFO [Controller 2]: Starting preferred replica leader election for partitions  (kafka.controller.KafkaController)
[2015-08-10 16:00:42,305] INFO [Partition state machine on Controller 2]: Invoking state change to OnlinePartition for partitions  (kafka.controller.PartitionStateMachine)
[2015-08-10 16:00:42,310] INFO [Controller 2]: starting the partition rebalance scheduler (kafka.controller.KafkaController)
[2015-08-10 16:00:42,313] INFO [delete-topics-thread-2], Starting  (kafka.controller.TopicDeletionManager$DeleteTopicsThread)
[2015-08-10 16:00:42,314] DEBUG [Topic Deletion Manager 2], Waiting for signal to start or continue topic deletion (kafka.controller.TopicDeletionManager)
[2015-08-10 16:00:43,287] INFO [Controller 2]: Shutting down broker 2 (kafka.controller.KafkaController)
[2015-08-10 16:00:43,288] DEBUG [Controller 2]: All shutting down brokers: 2 (kafka.controller.KafkaController)
[2015-08-10 16:00:43,289] DEBUG [Controller 2]: Live brokers:  (kafka.controller.KafkaController)
[2015-08-10 16:00:43,292] TRACE [Controller 2]: All leaders = [t2,1] -> (Leader:2,ISR:2,LeaderEpoch:46,ControllerEpoch:54),[t1,2] -> (Leader:2,ISR:2,LeaderEpoch:46,ControllerEpoch:54),[t1,0] -> (Leader:2,ISR:2,LeaderEpoch:46,ControllerEpoch:54),[t3,1] -> (Leader:2,ISR:2,LeaderEpoch:46,ControllerEpoch:54),[t7,0] -> (Leader:0,ISR:0,LeaderEpoch:45,ControllerEpoch:54),[t2,0] -> (Leader:0,ISR:0,LeaderEpoch:45,ControllerEpoch:54),[t2,2] -> (Leader:0,ISR:0,LeaderEpoch:45,ControllerEpoch:54),[t1,1] -> (Leader:0,ISR:0,LeaderEpoch:45,ControllerEpoch:54),[t3,2] -> (Leader:0,ISR:0,LeaderEpoch:45,ControllerEpoch:54),[t3,0] -> (Leader:0,ISR:0,LeaderEpoch:45,ControllerEpoch:54),[t6,0] -> (Leader:0,ISR:0,LeaderEpoch:45,ControllerEpoch:54),[t4,0] -> (Leader:2,ISR:2,LeaderEpoch:46,ControllerEpoch:54) (kafka.controller.KafkaController)
[2015-08-10 16:00:43,584] INFO [delete-topics-thread-2], Shutting down (kafka.controller.TopicDeletionManager$DeleteTopicsThread)
[2015-08-10 16:00:43,584] INFO [delete-topics-thread-2], Shutdown completed (kafka.controller.TopicDeletionManager$DeleteTopicsThread)
[2015-08-10 16:00:43,584] INFO [delete-topics-thread-2], Stopped  (kafka.controller.TopicDeletionManager$DeleteTopicsThread)
[2015-08-10 16:00:43,586] INFO [Partition state machine on Controller 2]: Stopped partition state machine (kafka.controller.PartitionStateMachine)
[2015-08-10 16:00:43,586] INFO [Replica state machine on controller 2]: Stopped replica state machine (kafka.controller.ReplicaStateMachine)
[2015-08-10 16:00:43,587] INFO [Controller-2-to-broker-2-send-thread], Shutting down (kafka.controller.RequestSendThread)
[2015-08-10 16:00:43,587] INFO [Controller-2-to-broker-2-send-thread], Stopped  (kafka.controller.RequestSendThread)
[2015-08-10 16:00:43,587] INFO [Controller-2-to-broker-2-send-thread], Shutdown completed (kafka.controller.RequestSendThread)
