[2015-08-18 19:40:12,151] INFO Closing socket connection to /10.15.100.202. (kafka.network.Processor)
[2015-08-18 19:40:12,217] INFO Closing socket connection to /10.15.100.202. (kafka.network.Processor)
[2015-08-18 19:40:13,652] INFO Closing socket connection to /127.0.0.1. (kafka.network.Processor)
[2015-08-18 19:40:13,723] INFO Closing socket connection to /10.15.100.202. (kafka.network.Processor)
[2015-08-18 19:40:14,765] INFO Closing socket connection to /127.0.0.1. (kafka.network.Processor)
[2015-08-18 19:40:15,850] INFO Closing socket connection to /127.0.0.1. (kafka.network.Processor)
[2015-08-18 19:40:16,082] INFO Closing socket connection to /10.15.100.202. (kafka.network.Processor)
[2015-08-18 19:40:29,582] ERROR Closing socket for /10.15.100.202 because of error (kafka.network.Processor)
java.io.IOException: Broken pipe
	at sun.nio.ch.FileDispatcherImpl.write0(Native Method)
	at sun.nio.ch.SocketDispatcher.write(SocketDispatcher.java:47)
	at sun.nio.ch.IOUtil.writeFromNativeBuffer(IOUtil.java:93)
	at sun.nio.ch.IOUtil.write(IOUtil.java:65)
	at sun.nio.ch.SocketChannelImpl.write(SocketChannelImpl.java:471)
	at kafka.api.TopicDataSend.writeTo(FetchResponse.scala:123)
	at kafka.network.MultiSend.writeTo(Transmission.scala:101)
	at kafka.api.FetchResponseSend.writeTo(FetchResponse.scala:231)
	at kafka.network.Processor.write(SocketServer.scala:472)
	at kafka.network.Processor.run(SocketServer.scala:342)
	at java.lang.Thread.run(Thread.java:745)
[2015-08-18 19:40:29,582] ERROR Closing socket for /10.15.100.202 because of error (kafka.network.Processor)
java.io.IOException: Connection reset by peer
	at sun.nio.ch.FileDispatcherImpl.read0(Native Method)
	at sun.nio.ch.SocketDispatcher.read(SocketDispatcher.java:39)
	at sun.nio.ch.IOUtil.readIntoNativeBuffer(IOUtil.java:223)
	at sun.nio.ch.IOUtil.read(IOUtil.java:197)
	at sun.nio.ch.SocketChannelImpl.read(SocketChannelImpl.java:380)
	at kafka.utils.Utils$.read(Utils.scala:380)
	at kafka.network.BoundedByteBufferReceive.readFrom(BoundedByteBufferReceive.scala:54)
	at kafka.network.Processor.read(SocketServer.scala:444)
	at kafka.network.Processor.run(SocketServer.scala:340)
	at java.lang.Thread.run(Thread.java:745)
[2015-08-18 19:40:29,583] ERROR Closing socket for /10.15.100.202 because of error (kafka.network.Processor)
java.io.IOException: Connection reset by peer
	at sun.nio.ch.FileDispatcherImpl.read0(Native Method)
	at sun.nio.ch.SocketDispatcher.read(SocketDispatcher.java:39)
	at sun.nio.ch.IOUtil.readIntoNativeBuffer(IOUtil.java:223)
	at sun.nio.ch.IOUtil.read(IOUtil.java:197)
	at sun.nio.ch.SocketChannelImpl.read(SocketChannelImpl.java:380)
	at kafka.utils.Utils$.read(Utils.scala:380)
	at kafka.network.BoundedByteBufferReceive.readFrom(BoundedByteBufferReceive.scala:54)
	at kafka.network.Processor.read(SocketServer.scala:444)
	at kafka.network.Processor.run(SocketServer.scala:340)
	at java.lang.Thread.run(Thread.java:745)
[2015-08-18 19:40:29,606] INFO Closing socket connection to /10.15.100.202. (kafka.network.Processor)
[2015-08-18 19:40:29,664] INFO Closing socket connection to /10.15.100.202. (kafka.network.Processor)
[2015-08-18 19:40:29,712] INFO Closing socket connection to /10.15.100.202. (kafka.network.Processor)
[2015-08-18 19:40:30,715] INFO Closing socket connection to /127.0.0.1. (kafka.network.Processor)
[2015-08-18 19:40:30,761] INFO Closing socket connection to /10.15.100.202. (kafka.network.Processor)
[2015-08-18 19:40:31,787] INFO Closing socket connection to /127.0.0.1. (kafka.network.Processor)
[2015-08-18 19:40:31,828] INFO Closing socket connection to /10.15.100.202. (kafka.network.Processor)
[2015-08-18 19:40:32,833] INFO Closing socket connection to /127.0.0.1. (kafka.network.Processor)
[2015-08-18 19:40:32,960] INFO Closing socket connection to /10.15.100.202. (kafka.network.Processor)
[2015-08-18 19:40:46,479] INFO Closing socket connection to /10.15.100.202. (kafka.network.Processor)
[2015-08-18 19:40:46,480] INFO Closing socket connection to /10.15.100.202. (kafka.network.Processor)
[2015-08-18 19:40:46,515] INFO Closing socket connection to /10.15.100.202. (kafka.network.Processor)
[2015-08-18 19:40:46,535] ERROR Closing socket for /10.15.100.202 because of error (kafka.network.Processor)
java.io.IOException: Broken pipe
	at sun.nio.ch.FileChannelImpl.transferTo0(Native Method)
	at sun.nio.ch.FileChannelImpl.transferToDirectly(FileChannelImpl.java:443)
	at sun.nio.ch.FileChannelImpl.transferTo(FileChannelImpl.java:575)
	at kafka.log.FileMessageSet.writeTo(FileMessageSet.scala:147)
	at kafka.api.PartitionDataSend.writeTo(FetchResponse.scala:70)
	at kafka.network.MultiSend.writeTo(Transmission.scala:101)
	at kafka.api.TopicDataSend.writeTo(FetchResponse.scala:125)
	at kafka.network.MultiSend.writeTo(Transmission.scala:101)
	at kafka.api.FetchResponseSend.writeTo(FetchResponse.scala:231)
	at kafka.network.Processor.write(SocketServer.scala:472)
	at kafka.network.Processor.run(SocketServer.scala:342)
	at java.lang.Thread.run(Thread.java:745)
[2015-08-18 19:40:46,543] INFO Closing socket connection to /10.15.100.202. (kafka.network.Processor)
[2015-08-18 19:40:47,574] INFO Closing socket connection to /127.0.0.1. (kafka.network.Processor)
[2015-08-18 19:40:47,644] INFO Closing socket connection to /10.15.100.202. (kafka.network.Processor)
[2015-08-18 19:40:48,645] INFO Closing socket connection to /127.0.0.1. (kafka.network.Processor)
[2015-08-18 19:40:49,686] INFO Closing socket connection to /127.0.0.1. (kafka.network.Processor)
[2015-08-18 19:40:49,786] INFO Closing socket connection to /10.15.100.202. (kafka.network.Processor)
[2015-08-18 19:40:49,833] INFO Closing socket connection to /10.15.100.202. (kafka.network.Processor)
[2015-08-18 19:40:57,629] INFO Closing socket connection to /10.15.100.202. (kafka.network.Processor)
[2015-08-18 19:40:57,629] ERROR Closing socket for /10.15.100.202 because of error (kafka.network.Processor)
java.io.IOException: Connection reset by peer
	at sun.nio.ch.FileDispatcherImpl.read0(Native Method)
	at sun.nio.ch.SocketDispatcher.read(SocketDispatcher.java:39)
	at sun.nio.ch.IOUtil.readIntoNativeBuffer(IOUtil.java:223)
	at sun.nio.ch.IOUtil.read(IOUtil.java:197)
	at sun.nio.ch.SocketChannelImpl.read(SocketChannelImpl.java:380)
	at kafka.utils.Utils$.read(Utils.scala:380)
	at kafka.network.BoundedByteBufferReceive.readFrom(BoundedByteBufferReceive.scala:54)
	at kafka.network.Processor.read(SocketServer.scala:444)
	at kafka.network.Processor.run(SocketServer.scala:340)
	at java.lang.Thread.run(Thread.java:745)
[2015-08-18 19:40:57,630] ERROR Closing socket for /10.15.100.202 because of error (kafka.network.Processor)
java.io.IOException: Broken pipe
	at sun.nio.ch.FileDispatcherImpl.write0(Native Method)
	at sun.nio.ch.SocketDispatcher.write(SocketDispatcher.java:47)
	at sun.nio.ch.IOUtil.writeFromNativeBuffer(IOUtil.java:93)
	at sun.nio.ch.IOUtil.write(IOUtil.java:65)
	at sun.nio.ch.SocketChannelImpl.write(SocketChannelImpl.java:471)
	at kafka.api.TopicDataSend.writeTo(FetchResponse.scala:123)
	at kafka.network.MultiSend.writeTo(Transmission.scala:101)
	at kafka.api.FetchResponseSend.writeTo(FetchResponse.scala:231)
	at kafka.network.Processor.write(SocketServer.scala:472)
	at kafka.network.Processor.run(SocketServer.scala:342)
	at java.lang.Thread.run(Thread.java:745)
[2015-08-18 19:40:57,637] INFO Closing socket connection to /10.15.100.202. (kafka.network.Processor)
[2015-08-18 19:40:57,670] INFO Closing socket connection to /10.15.100.202. (kafka.network.Processor)
[2015-08-18 19:40:57,688] INFO Closing socket connection to /10.15.100.202. (kafka.network.Processor)
[2015-08-18 19:40:58,694] INFO Closing socket connection to /127.0.0.1. (kafka.network.Processor)
[2015-08-18 19:40:59,775] INFO Closing socket connection to /127.0.0.1. (kafka.network.Processor)
[2015-08-18 19:40:59,801] INFO Closing socket connection to /10.15.100.202. (kafka.network.Processor)
[2015-08-18 19:41:00,807] INFO Closing socket connection to /127.0.0.1. (kafka.network.Processor)
[2015-08-18 19:41:00,948] INFO Closing socket connection to /10.15.100.202. (kafka.network.Processor)
[2015-08-18 19:41:10,741] ERROR Closing socket for /10.15.100.202 because of error (kafka.network.Processor)
java.io.IOException: Broken pipe
	at sun.nio.ch.FileChannelImpl.transferTo0(Native Method)
	at sun.nio.ch.FileChannelImpl.transferToDirectly(FileChannelImpl.java:443)
	at sun.nio.ch.FileChannelImpl.transferTo(FileChannelImpl.java:575)
	at kafka.log.FileMessageSet.writeTo(FileMessageSet.scala:147)
	at kafka.api.PartitionDataSend.writeTo(FetchResponse.scala:70)
	at kafka.network.MultiSend.writeTo(Transmission.scala:101)
	at kafka.api.TopicDataSend.writeTo(FetchResponse.scala:125)
	at kafka.network.MultiSend.writeTo(Transmission.scala:101)
	at kafka.api.FetchResponseSend.writeTo(FetchResponse.scala:231)
	at kafka.network.Processor.write(SocketServer.scala:472)
	at kafka.network.Processor.run(SocketServer.scala:342)
	at java.lang.Thread.run(Thread.java:745)
[2015-08-18 19:41:10,742] ERROR Closing socket for /10.15.100.202 because of error (kafka.network.Processor)
java.io.IOException: Broken pipe
	at sun.nio.ch.FileDispatcherImpl.write0(Native Method)
	at sun.nio.ch.SocketDispatcher.write(SocketDispatcher.java:47)
	at sun.nio.ch.IOUtil.writeFromNativeBuffer(IOUtil.java:93)
	at sun.nio.ch.IOUtil.write(IOUtil.java:51)
	at sun.nio.ch.SocketChannelImpl.write(SocketChannelImpl.java:471)
	at sun.nio.ch.FileChannelImpl.transferToTrustedChannel(FileChannelImpl.java:483)
	at sun.nio.ch.FileChannelImpl.transferTo(FileChannelImpl.java:579)
	at kafka.log.FileMessageSet.writeTo(FileMessageSet.scala:147)
	at kafka.api.PartitionDataSend.writeTo(FetchResponse.scala:70)
	at kafka.network.MultiSend.writeTo(Transmission.scala:101)
	at kafka.api.TopicDataSend.writeTo(FetchResponse.scala:125)
	at kafka.network.MultiSend.writeTo(Transmission.scala:101)
	at kafka.api.FetchResponseSend.writeTo(FetchResponse.scala:231)
	at kafka.network.Processor.write(SocketServer.scala:472)
	at kafka.network.Processor.run(SocketServer.scala:342)
	at java.lang.Thread.run(Thread.java:745)
[2015-08-18 19:41:10,747] INFO Closing socket connection to /10.15.100.202. (kafka.network.Processor)
[2015-08-18 19:41:10,764] ERROR Closing socket for /10.15.100.202 because of error (kafka.network.Processor)
java.io.IOException: Broken pipe
	at sun.nio.ch.FileChannelImpl.transferTo0(Native Method)
	at sun.nio.ch.FileChannelImpl.transferToDirectly(FileChannelImpl.java:443)
	at sun.nio.ch.FileChannelImpl.transferTo(FileChannelImpl.java:575)
	at kafka.log.FileMessageSet.writeTo(FileMessageSet.scala:147)
	at kafka.api.PartitionDataSend.writeTo(FetchResponse.scala:70)
	at kafka.network.MultiSend.writeTo(Transmission.scala:101)
	at kafka.api.TopicDataSend.writeTo(FetchResponse.scala:125)
	at kafka.network.MultiSend.writeTo(Transmission.scala:101)
	at kafka.api.FetchResponseSend.writeTo(FetchResponse.scala:231)
	at kafka.network.Processor.write(SocketServer.scala:472)
	at kafka.network.Processor.run(SocketServer.scala:342)
	at java.lang.Thread.run(Thread.java:745)
[2015-08-18 19:41:10,769] INFO Closing socket connection to /10.15.100.202. (kafka.network.Processor)
[2015-08-18 19:41:10,788] INFO Closing socket connection to /10.15.100.202. (kafka.network.Processor)
[2015-08-18 19:41:11,791] INFO Closing socket connection to /127.0.0.1. (kafka.network.Processor)
[2015-08-18 19:41:12,841] INFO Closing socket connection to /127.0.0.1. (kafka.network.Processor)
[2015-08-18 19:41:13,876] INFO Closing socket connection to /127.0.0.1. (kafka.network.Processor)
[2015-08-18 19:41:13,914] INFO Closing socket connection to /10.15.100.202. (kafka.network.Processor)
[2015-08-18 19:41:13,944] INFO Closing socket connection to /10.15.100.202. (kafka.network.Processor)
[2015-08-18 19:41:13,968] INFO Closing socket connection to /10.15.100.202. (kafka.network.Processor)
[2015-08-18 19:41:28,020] ERROR Closing socket for /10.15.100.202 because of error (kafka.network.Processor)
java.io.IOException: Broken pipe
	at sun.nio.ch.FileChannelImpl.transferTo0(Native Method)
	at sun.nio.ch.FileChannelImpl.transferToDirectly(FileChannelImpl.java:443)
	at sun.nio.ch.FileChannelImpl.transferTo(FileChannelImpl.java:575)
	at kafka.log.FileMessageSet.writeTo(FileMessageSet.scala:147)
	at kafka.api.PartitionDataSend.writeTo(FetchResponse.scala:70)
	at kafka.network.MultiSend.writeTo(Transmission.scala:101)
	at kafka.api.TopicDataSend.writeTo(FetchResponse.scala:125)
	at kafka.network.MultiSend.writeTo(Transmission.scala:101)
	at kafka.api.FetchResponseSend.writeTo(FetchResponse.scala:231)
	at kafka.network.Processor.write(SocketServer.scala:472)
	at kafka.network.Processor.run(SocketServer.scala:342)
	at java.lang.Thread.run(Thread.java:745)
[2015-08-18 19:41:28,021] ERROR Closing socket for /10.15.100.202 because of error (kafka.network.Processor)
java.io.IOException: Connection reset by peer
	at sun.nio.ch.FileDispatcherImpl.read0(Native Method)
	at sun.nio.ch.SocketDispatcher.read(SocketDispatcher.java:39)
	at sun.nio.ch.IOUtil.readIntoNativeBuffer(IOUtil.java:223)
	at sun.nio.ch.IOUtil.read(IOUtil.java:197)
	at sun.nio.ch.SocketChannelImpl.read(SocketChannelImpl.java:380)
	at kafka.utils.Utils$.read(Utils.scala:380)
	at kafka.network.BoundedByteBufferReceive.readFrom(BoundedByteBufferReceive.scala:54)
	at kafka.network.Processor.read(SocketServer.scala:444)
	at kafka.network.Processor.run(SocketServer.scala:340)
	at java.lang.Thread.run(Thread.java:745)
[2015-08-18 19:41:28,026] INFO Closing socket connection to /10.15.100.202. (kafka.network.Processor)
[2015-08-18 19:41:28,047] ERROR Closing socket for /10.15.100.202 because of error (kafka.network.Processor)
java.io.IOException: Broken pipe
	at sun.nio.ch.FileChannelImpl.transferTo0(Native Method)
	at sun.nio.ch.FileChannelImpl.transferToDirectly(FileChannelImpl.java:443)
	at sun.nio.ch.FileChannelImpl.transferTo(FileChannelImpl.java:575)
	at kafka.log.FileMessageSet.writeTo(FileMessageSet.scala:147)
	at kafka.api.PartitionDataSend.writeTo(FetchResponse.scala:70)
	at kafka.network.MultiSend.writeTo(Transmission.scala:101)
	at kafka.api.TopicDataSend.writeTo(FetchResponse.scala:125)
	at kafka.network.MultiSend.writeTo(Transmission.scala:101)
	at kafka.api.FetchResponseSend.writeTo(FetchResponse.scala:231)
	at kafka.network.Processor.write(SocketServer.scala:472)
	at kafka.network.Processor.run(SocketServer.scala:342)
	at java.lang.Thread.run(Thread.java:745)
[2015-08-18 19:41:28,052] INFO Closing socket connection to /10.15.100.202. (kafka.network.Processor)
[2015-08-18 19:41:29,082] INFO Closing socket connection to /127.0.0.1. (kafka.network.Processor)
[2015-08-18 19:41:30,129] INFO Closing socket connection to /127.0.0.1. (kafka.network.Processor)
[2015-08-18 19:41:30,158] INFO Closing socket connection to /10.15.100.202. (kafka.network.Processor)
[2015-08-18 19:41:31,163] INFO Closing socket connection to /127.0.0.1. (kafka.network.Processor)
[2015-08-18 19:41:31,247] INFO Closing socket connection to /10.15.100.202. (kafka.network.Processor)
[2015-08-18 19:41:44,990] ERROR Closing socket for /10.15.100.202 because of error (kafka.network.Processor)
java.io.IOException: Broken pipe
	at sun.nio.ch.FileChannelImpl.transferTo0(Native Method)
	at sun.nio.ch.FileChannelImpl.transferToDirectly(FileChannelImpl.java:443)
	at sun.nio.ch.FileChannelImpl.transferTo(FileChannelImpl.java:575)
	at kafka.log.FileMessageSet.writeTo(FileMessageSet.scala:147)
	at kafka.api.PartitionDataSend.writeTo(FetchResponse.scala:70)
	at kafka.network.MultiSend.writeTo(Transmission.scala:101)
	at kafka.api.TopicDataSend.writeTo(FetchResponse.scala:125)
	at kafka.network.MultiSend.writeTo(Transmission.scala:101)
	at kafka.api.FetchResponseSend.writeTo(FetchResponse.scala:231)
	at kafka.network.Processor.write(SocketServer.scala:472)
	at kafka.network.Processor.run(SocketServer.scala:342)
	at java.lang.Thread.run(Thread.java:745)
[2015-08-18 19:41:44,991] ERROR Closing socket for /10.15.100.202 because of error (kafka.network.Processor)
java.io.IOException: Connection reset by peer
	at sun.nio.ch.FileDispatcherImpl.read0(Native Method)
	at sun.nio.ch.SocketDispatcher.read(SocketDispatcher.java:39)
	at sun.nio.ch.IOUtil.readIntoNativeBuffer(IOUtil.java:223)
	at sun.nio.ch.IOUtil.read(IOUtil.java:197)
	at sun.nio.ch.SocketChannelImpl.read(SocketChannelImpl.java:380)
	at kafka.utils.Utils$.read(Utils.scala:380)
	at kafka.network.BoundedByteBufferReceive.readFrom(BoundedByteBufferReceive.scala:54)
	at kafka.network.Processor.read(SocketServer.scala:444)
	at kafka.network.Processor.run(SocketServer.scala:340)
	at java.lang.Thread.run(Thread.java:745)
[2015-08-18 19:41:44,995] INFO Closing socket connection to /10.15.100.202. (kafka.network.Processor)
[2015-08-18 19:41:45,014] ERROR Closing socket for /10.15.100.202 because of error (kafka.network.Processor)
java.io.IOException: Broken pipe
	at sun.nio.ch.FileDispatcherImpl.write0(Native Method)
	at sun.nio.ch.SocketDispatcher.write(SocketDispatcher.java:47)
	at sun.nio.ch.IOUtil.writeFromNativeBuffer(IOUtil.java:93)
	at sun.nio.ch.IOUtil.write(IOUtil.java:51)
	at sun.nio.ch.SocketChannelImpl.write(SocketChannelImpl.java:471)
	at sun.nio.ch.FileChannelImpl.transferToTrustedChannel(FileChannelImpl.java:483)
	at sun.nio.ch.FileChannelImpl.transferTo(FileChannelImpl.java:579)
	at kafka.log.FileMessageSet.writeTo(FileMessageSet.scala:147)
	at kafka.api.PartitionDataSend.writeTo(FetchResponse.scala:70)
	at kafka.network.MultiSend.writeTo(Transmission.scala:101)
	at kafka.api.TopicDataSend.writeTo(FetchResponse.scala:125)
	at kafka.network.MultiSend.writeTo(Transmission.scala:101)
	at kafka.api.FetchResponseSend.writeTo(FetchResponse.scala:231)
	at kafka.network.Processor.write(SocketServer.scala:472)
	at kafka.network.Processor.run(SocketServer.scala:342)
	at java.lang.Thread.run(Thread.java:745)
[2015-08-18 19:41:45,017] INFO Closing socket connection to /10.15.100.202. (kafka.network.Processor)
[2015-08-18 19:41:45,035] INFO Closing socket connection to /10.15.100.202. (kafka.network.Processor)
[2015-08-18 19:41:46,041] INFO Closing socket connection to /127.0.0.1. (kafka.network.Processor)
[2015-08-18 19:41:46,064] INFO Closing socket connection to /10.15.100.202. (kafka.network.Processor)
[2015-08-18 19:41:47,089] INFO Closing socket connection to /127.0.0.1. (kafka.network.Processor)
[2015-08-18 19:41:48,113] INFO Closing socket connection to /127.0.0.1. (kafka.network.Processor)
[2015-08-18 19:41:48,143] INFO Closing socket connection to /10.15.100.202. (kafka.network.Processor)
[2015-08-18 19:41:48,161] INFO Closing socket connection to /10.15.100.202. (kafka.network.Processor)
[2015-08-18 19:41:48,194] INFO Closing socket connection to /10.15.100.202. (kafka.network.Processor)
[2015-08-18 19:41:48,211] INFO Closing socket connection to /10.15.100.202. (kafka.network.Processor)
[2015-08-18 19:41:56,548] ERROR Closing socket for /10.15.100.202 because of error (kafka.network.Processor)
java.io.IOException: Broken pipe
	at sun.nio.ch.FileChannelImpl.transferTo0(Native Method)
	at sun.nio.ch.FileChannelImpl.transferToDirectly(FileChannelImpl.java:443)
	at sun.nio.ch.FileChannelImpl.transferTo(FileChannelImpl.java:575)
	at kafka.log.FileMessageSet.writeTo(FileMessageSet.scala:147)
	at kafka.api.PartitionDataSend.writeTo(FetchResponse.scala:70)
	at kafka.network.MultiSend.writeTo(Transmission.scala:101)
	at kafka.api.TopicDataSend.writeTo(FetchResponse.scala:125)
	at kafka.network.MultiSend.writeTo(Transmission.scala:101)
	at kafka.api.FetchResponseSend.writeTo(FetchResponse.scala:231)
	at kafka.network.Processor.write(SocketServer.scala:472)
	at kafka.network.Processor.run(SocketServer.scala:342)
	at java.lang.Thread.run(Thread.java:745)
[2015-08-18 19:41:56,549] ERROR Closing socket for /10.15.100.202 because of error (kafka.network.Processor)
java.io.IOException: Broken pipe
	at sun.nio.ch.FileDispatcherImpl.write0(Native Method)
	at sun.nio.ch.SocketDispatcher.write(SocketDispatcher.java:47)
	at sun.nio.ch.IOUtil.writeFromNativeBuffer(IOUtil.java:93)
	at sun.nio.ch.IOUtil.write(IOUtil.java:65)
	at sun.nio.ch.SocketChannelImpl.write(SocketChannelImpl.java:471)
	at kafka.api.TopicDataSend.writeTo(FetchResponse.scala:123)
	at kafka.network.MultiSend.writeTo(Transmission.scala:101)
	at kafka.api.FetchResponseSend.writeTo(FetchResponse.scala:231)
	at kafka.network.Processor.write(SocketServer.scala:472)
	at kafka.network.Processor.run(SocketServer.scala:342)
	at java.lang.Thread.run(Thread.java:745)
[2015-08-18 19:41:56,553] INFO Closing socket connection to /10.15.100.202. (kafka.network.Processor)
[2015-08-18 19:41:56,572] ERROR Closing socket for /10.15.100.202 because of error (kafka.network.Processor)
java.io.IOException: Broken pipe
	at sun.nio.ch.FileDispatcherImpl.write0(Native Method)
	at sun.nio.ch.SocketDispatcher.write(SocketDispatcher.java:47)
	at sun.nio.ch.IOUtil.writeFromNativeBuffer(IOUtil.java:93)
	at sun.nio.ch.IOUtil.write(IOUtil.java:65)
	at sun.nio.ch.SocketChannelImpl.write(SocketChannelImpl.java:471)
	at kafka.api.TopicDataSend.writeTo(FetchResponse.scala:123)
	at kafka.network.MultiSend.writeTo(Transmission.scala:101)
	at kafka.api.FetchResponseSend.writeTo(FetchResponse.scala:231)
	at kafka.network.Processor.write(SocketServer.scala:472)
	at kafka.network.Processor.run(SocketServer.scala:342)
	at java.lang.Thread.run(Thread.java:745)
[2015-08-18 19:41:56,577] INFO Closing socket connection to /10.15.100.202. (kafka.network.Processor)
[2015-08-18 19:41:56,598] INFO Closing socket connection to /10.15.100.202. (kafka.network.Processor)
[2015-08-18 19:41:57,605] INFO Closing socket connection to /127.0.0.1. (kafka.network.Processor)
[2015-08-18 19:41:57,628] INFO Closing socket connection to /10.15.100.202. (kafka.network.Processor)
[2015-08-18 19:41:57,709] INFO Closing socket connection to /10.15.100.202. (kafka.network.Processor)
[2015-08-18 19:41:58,711] INFO Closing socket connection to /127.0.0.1. (kafka.network.Processor)
[2015-08-18 19:41:58,737] INFO Closing socket connection to /10.15.100.202. (kafka.network.Processor)
[2015-08-18 19:41:59,741] INFO Closing socket connection to /127.0.0.1. (kafka.network.Processor)
[2015-08-18 19:41:59,790] INFO Closing socket connection to /10.15.100.202. (kafka.network.Processor)
[2015-08-18 19:41:59,813] INFO Closing socket connection to /10.15.100.202. (kafka.network.Processor)
[2015-08-18 19:41:59,844] INFO Closing socket connection to /10.15.100.202. (kafka.network.Processor)
[2015-08-18 19:42:14,093] ERROR Closing socket for /10.15.100.202 because of error (kafka.network.Processor)
java.io.IOException: Connection reset by peer
	at sun.nio.ch.FileDispatcherImpl.read0(Native Method)
	at sun.nio.ch.SocketDispatcher.read(SocketDispatcher.java:39)
	at sun.nio.ch.IOUtil.readIntoNativeBuffer(IOUtil.java:223)
	at sun.nio.ch.IOUtil.read(IOUtil.java:197)
	at sun.nio.ch.SocketChannelImpl.read(SocketChannelImpl.java:380)
	at kafka.utils.Utils$.read(Utils.scala:380)
	at kafka.network.BoundedByteBufferReceive.readFrom(BoundedByteBufferReceive.scala:54)
	at kafka.network.Processor.read(SocketServer.scala:444)
	at kafka.network.Processor.run(SocketServer.scala:340)
	at java.lang.Thread.run(Thread.java:745)
[2015-08-18 19:42:14,115] ERROR Closing socket for /10.15.100.202 because of error (kafka.network.Processor)
java.io.IOException: Broken pipe
	at sun.nio.ch.FileChannelImpl.transferTo0(Native Method)
	at sun.nio.ch.FileChannelImpl.transferToDirectly(FileChannelImpl.java:443)
	at sun.nio.ch.FileChannelImpl.transferTo(FileChannelImpl.java:575)
	at kafka.log.FileMessageSet.writeTo(FileMessageSet.scala:147)
	at kafka.api.PartitionDataSend.writeTo(FetchResponse.scala:70)
	at kafka.network.MultiSend.writeTo(Transmission.scala:101)
	at kafka.api.TopicDataSend.writeTo(FetchResponse.scala:125)
	at kafka.network.MultiSend.writeTo(Transmission.scala:101)
	at kafka.api.FetchResponseSend.writeTo(FetchResponse.scala:231)
	at kafka.network.Processor.write(SocketServer.scala:472)
	at kafka.network.Processor.run(SocketServer.scala:342)
	at java.lang.Thread.run(Thread.java:745)
[2015-08-18 19:42:14,119] INFO Closing socket connection to /10.15.100.202. (kafka.network.Processor)
[2015-08-18 19:42:14,131] ERROR Closing socket for /10.15.100.202 because of error (kafka.network.Processor)
java.io.IOException: Broken pipe
	at sun.nio.ch.FileChannelImpl.transferTo0(Native Method)
	at sun.nio.ch.FileChannelImpl.transferToDirectly(FileChannelImpl.java:443)
	at sun.nio.ch.FileChannelImpl.transferTo(FileChannelImpl.java:575)
	at kafka.log.FileMessageSet.writeTo(FileMessageSet.scala:147)
	at kafka.api.PartitionDataSend.writeTo(FetchResponse.scala:70)
	at kafka.network.MultiSend.writeTo(Transmission.scala:101)
	at kafka.api.TopicDataSend.writeTo(FetchResponse.scala:125)
	at kafka.network.MultiSend.writeTo(Transmission.scala:101)
	at kafka.api.FetchResponseSend.writeTo(FetchResponse.scala:231)
	at kafka.network.Processor.write(SocketServer.scala:472)
	at kafka.network.Processor.run(SocketServer.scala:342)
	at java.lang.Thread.run(Thread.java:745)
[2015-08-18 19:42:14,135] INFO Closing socket connection to /10.15.100.202. (kafka.network.Processor)
[2015-08-18 19:42:15,158] INFO Closing socket connection to /127.0.0.1. (kafka.network.Processor)
[2015-08-18 19:42:15,203] INFO Closing socket connection to /10.15.100.202. (kafka.network.Processor)
[2015-08-18 19:42:16,210] INFO Closing socket connection to /127.0.0.1. (kafka.network.Processor)
[2015-08-18 19:42:17,248] INFO Closing socket connection to /127.0.0.1. (kafka.network.Processor)
[2015-08-18 19:42:17,482] INFO Closing socket connection to /10.15.100.202. (kafka.network.Processor)
[2015-08-18 19:42:26,951] ERROR Closing socket for /10.15.100.202 because of error (kafka.network.Processor)
java.io.IOException: Connection reset by peer
	at sun.nio.ch.FileDispatcherImpl.read0(Native Method)
	at sun.nio.ch.SocketDispatcher.read(SocketDispatcher.java:39)
	at sun.nio.ch.IOUtil.readIntoNativeBuffer(IOUtil.java:223)
	at sun.nio.ch.IOUtil.read(IOUtil.java:197)
	at sun.nio.ch.SocketChannelImpl.read(SocketChannelImpl.java:380)
	at kafka.utils.Utils$.read(Utils.scala:380)
	at kafka.network.BoundedByteBufferReceive.readFrom(BoundedByteBufferReceive.scala:54)
	at kafka.network.Processor.read(SocketServer.scala:444)
	at kafka.network.Processor.run(SocketServer.scala:340)
	at java.lang.Thread.run(Thread.java:745)
[2015-08-18 19:42:26,951] ERROR Closing socket for /10.15.100.202 because of error (kafka.network.Processor)
java.io.IOException: Connection reset by peer
	at sun.nio.ch.FileDispatcherImpl.read0(Native Method)
	at sun.nio.ch.SocketDispatcher.read(SocketDispatcher.java:39)
	at sun.nio.ch.IOUtil.readIntoNativeBuffer(IOUtil.java:223)
	at sun.nio.ch.IOUtil.read(IOUtil.java:197)
	at sun.nio.ch.SocketChannelImpl.read(SocketChannelImpl.java:380)
	at kafka.utils.Utils$.read(Utils.scala:380)
	at kafka.network.BoundedByteBufferReceive.readFrom(BoundedByteBufferReceive.scala:54)
	at kafka.network.Processor.read(SocketServer.scala:444)
	at kafka.network.Processor.run(SocketServer.scala:340)
	at java.lang.Thread.run(Thread.java:745)
[2015-08-18 19:42:26,974] INFO Closing socket connection to /10.15.100.202. (kafka.network.Processor)
[2015-08-18 19:42:26,990] ERROR Closing socket for /10.15.100.202 because of error (kafka.network.Processor)
java.io.IOException: Broken pipe
	at sun.nio.ch.FileChannelImpl.transferTo0(Native Method)
	at sun.nio.ch.FileChannelImpl.transferToDirectly(FileChannelImpl.java:443)
	at sun.nio.ch.FileChannelImpl.transferTo(FileChannelImpl.java:575)
	at kafka.log.FileMessageSet.writeTo(FileMessageSet.scala:147)
	at kafka.api.PartitionDataSend.writeTo(FetchResponse.scala:70)
	at kafka.network.MultiSend.writeTo(Transmission.scala:101)
	at kafka.api.TopicDataSend.writeTo(FetchResponse.scala:125)
	at kafka.network.MultiSend.writeTo(Transmission.scala:101)
	at kafka.api.FetchResponseSend.writeTo(FetchResponse.scala:231)
	at kafka.network.Processor.write(SocketServer.scala:472)
	at kafka.network.Processor.run(SocketServer.scala:342)
	at java.lang.Thread.run(Thread.java:745)
[2015-08-18 19:42:26,995] INFO Closing socket connection to /10.15.100.202. (kafka.network.Processor)
[2015-08-18 19:42:27,015] INFO Closing socket connection to /10.15.100.202. (kafka.network.Processor)
[2015-08-18 19:42:28,015] INFO Closing socket connection to /127.0.0.1. (kafka.network.Processor)
[2015-08-18 19:42:29,069] INFO Closing socket connection to /127.0.0.1. (kafka.network.Processor)
[2015-08-18 19:42:30,104] INFO Closing socket connection to /127.0.0.1. (kafka.network.Processor)
[2015-08-18 19:42:30,126] INFO Closing socket connection to /10.15.100.202. (kafka.network.Processor)
[2015-08-18 19:42:30,159] INFO Closing socket connection to /10.15.100.202. (kafka.network.Processor)
[2015-08-18 19:42:36,747] ERROR Closing socket for /10.15.100.202 because of error (kafka.network.Processor)
java.io.IOException: Broken pipe
	at sun.nio.ch.FileDispatcherImpl.write0(Native Method)
	at sun.nio.ch.SocketDispatcher.write(SocketDispatcher.java:47)
	at sun.nio.ch.IOUtil.writeFromNativeBuffer(IOUtil.java:93)
	at sun.nio.ch.IOUtil.write(IOUtil.java:65)
	at sun.nio.ch.SocketChannelImpl.write(SocketChannelImpl.java:471)
	at kafka.api.TopicDataSend.writeTo(FetchResponse.scala:123)
	at kafka.network.MultiSend.writeTo(Transmission.scala:101)
	at kafka.api.FetchResponseSend.writeTo(FetchResponse.scala:231)
	at kafka.network.Processor.write(SocketServer.scala:472)
	at kafka.network.Processor.run(SocketServer.scala:342)
	at java.lang.Thread.run(Thread.java:745)
[2015-08-18 19:42:36,747] ERROR Closing socket for /10.15.100.202 because of error (kafka.network.Processor)
java.io.IOException: Connection reset by peer
	at sun.nio.ch.FileDispatcherImpl.read0(Native Method)
	at sun.nio.ch.SocketDispatcher.read(SocketDispatcher.java:39)
	at sun.nio.ch.IOUtil.readIntoNativeBuffer(IOUtil.java:223)
	at sun.nio.ch.IOUtil.read(IOUtil.java:197)
	at sun.nio.ch.SocketChannelImpl.read(SocketChannelImpl.java:380)
	at kafka.utils.Utils$.read(Utils.scala:380)
	at kafka.network.BoundedByteBufferReceive.readFrom(BoundedByteBufferReceive.scala:54)
	at kafka.network.Processor.read(SocketServer.scala:444)
	at kafka.network.Processor.run(SocketServer.scala:340)
	at java.lang.Thread.run(Thread.java:745)
[2015-08-18 19:42:36,748] ERROR Closing socket for /10.15.100.202 because of error (kafka.network.Processor)
java.io.IOException: Connection reset by peer
	at sun.nio.ch.FileDispatcherImpl.read0(Native Method)
	at sun.nio.ch.SocketDispatcher.read(SocketDispatcher.java:39)
	at sun.nio.ch.IOUtil.readIntoNativeBuffer(IOUtil.java:223)
	at sun.nio.ch.IOUtil.read(IOUtil.java:197)
	at sun.nio.ch.SocketChannelImpl.read(SocketChannelImpl.java:380)
	at kafka.utils.Utils$.read(Utils.scala:380)
	at kafka.network.BoundedByteBufferReceive.readFrom(BoundedByteBufferReceive.scala:54)
	at kafka.network.Processor.read(SocketServer.scala:444)
	at kafka.network.Processor.run(SocketServer.scala:340)
	at java.lang.Thread.run(Thread.java:745)
[2015-08-18 19:42:36,764] INFO Closing socket connection to /10.15.100.202. (kafka.network.Processor)
[2015-08-18 19:42:36,781] INFO Closing socket connection to /10.15.100.202. (kafka.network.Processor)
[2015-08-18 19:42:37,800] INFO Closing socket connection to /127.0.0.1. (kafka.network.Processor)
[2015-08-18 19:42:37,824] INFO Closing socket connection to /10.15.100.202. (kafka.network.Processor)
[2015-08-18 19:42:38,839] INFO Closing socket connection to /127.0.0.1. (kafka.network.Processor)
[2015-08-18 19:42:38,860] INFO Closing socket connection to /10.15.100.202. (kafka.network.Processor)
[2015-08-18 19:42:39,865] INFO Closing socket connection to /127.0.0.1. (kafka.network.Processor)
[2015-08-18 19:42:39,929] INFO Closing socket connection to /10.15.100.202. (kafka.network.Processor)
[2015-08-18 19:42:52,390] ERROR Closing socket for /10.15.100.202 because of error (kafka.network.Processor)
java.io.IOException: Broken pipe
	at sun.nio.ch.FileChannelImpl.transferTo0(Native Method)
	at sun.nio.ch.FileChannelImpl.transferToDirectly(FileChannelImpl.java:443)
	at sun.nio.ch.FileChannelImpl.transferTo(FileChannelImpl.java:575)
	at kafka.log.FileMessageSet.writeTo(FileMessageSet.scala:147)
	at kafka.api.PartitionDataSend.writeTo(FetchResponse.scala:70)
	at kafka.network.MultiSend.writeTo(Transmission.scala:101)
	at kafka.api.TopicDataSend.writeTo(FetchResponse.scala:125)
	at kafka.network.MultiSend.writeTo(Transmission.scala:101)
	at kafka.api.FetchResponseSend.writeTo(FetchResponse.scala:231)
	at kafka.network.Processor.write(SocketServer.scala:472)
	at kafka.network.Processor.run(SocketServer.scala:342)
	at java.lang.Thread.run(Thread.java:745)
[2015-08-18 19:42:52,391] ERROR Closing socket for /10.15.100.202 because of error (kafka.network.Processor)
java.io.IOException: Broken pipe
	at sun.nio.ch.FileDispatcherImpl.write0(Native Method)
	at sun.nio.ch.SocketDispatcher.write(SocketDispatcher.java:47)
	at sun.nio.ch.IOUtil.writeFromNativeBuffer(IOUtil.java:93)
	at sun.nio.ch.IOUtil.write(IOUtil.java:65)
	at sun.nio.ch.SocketChannelImpl.write(SocketChannelImpl.java:471)
	at kafka.api.TopicDataSend.writeTo(FetchResponse.scala:123)
	at kafka.network.MultiSend.writeTo(Transmission.scala:101)
	at kafka.api.FetchResponseSend.writeTo(FetchResponse.scala:231)
	at kafka.network.Processor.write(SocketServer.scala:472)
	at kafka.network.Processor.run(SocketServer.scala:342)
	at java.lang.Thread.run(Thread.java:745)
[2015-08-18 19:42:52,399] INFO Closing socket connection to /10.15.100.202. (kafka.network.Processor)
[2015-08-18 19:42:52,417] ERROR Closing socket for /10.15.100.202 because of error (kafka.network.Processor)
java.io.IOException: Broken pipe
	at sun.nio.ch.FileChannelImpl.transferTo0(Native Method)
	at sun.nio.ch.FileChannelImpl.transferToDirectly(FileChannelImpl.java:443)
	at sun.nio.ch.FileChannelImpl.transferTo(FileChannelImpl.java:575)
	at kafka.log.FileMessageSet.writeTo(FileMessageSet.scala:147)
	at kafka.api.PartitionDataSend.writeTo(FetchResponse.scala:70)
	at kafka.network.MultiSend.writeTo(Transmission.scala:101)
	at kafka.api.TopicDataSend.writeTo(FetchResponse.scala:125)
	at kafka.network.MultiSend.writeTo(Transmission.scala:101)
	at kafka.api.FetchResponseSend.writeTo(FetchResponse.scala:231)
	at kafka.network.Processor.write(SocketServer.scala:472)
	at kafka.network.Processor.run(SocketServer.scala:342)
	at java.lang.Thread.run(Thread.java:745)
[2015-08-18 19:42:52,421] INFO Closing socket connection to /10.15.100.202. (kafka.network.Processor)
[2015-08-18 19:42:53,441] INFO Closing socket connection to /127.0.0.1. (kafka.network.Processor)
[2015-08-18 19:42:53,462] INFO Closing socket connection to /10.15.100.202. (kafka.network.Processor)
[2015-08-18 19:42:54,482] INFO Closing socket connection to /127.0.0.1. (kafka.network.Processor)
[2015-08-18 19:42:54,503] INFO Closing socket connection to /10.15.100.202. (kafka.network.Processor)
[2015-08-18 19:42:55,506] INFO Closing socket connection to /127.0.0.1. (kafka.network.Processor)
[2015-08-18 19:42:55,575] INFO Closing socket connection to /10.15.100.202. (kafka.network.Processor)
[2015-08-18 19:42:55,592] INFO Closing socket connection to /10.15.100.202. (kafka.network.Processor)
[2015-08-18 19:42:55,608] INFO Closing socket connection to /10.15.100.202. (kafka.network.Processor)
[2015-08-18 19:42:55,676] INFO Closing socket connection to /10.15.100.202. (kafka.network.Processor)
[2015-08-18 19:43:02,364] ERROR Closing socket for /10.15.100.202 because of error (kafka.network.Processor)
java.io.IOException: Broken pipe
	at sun.nio.ch.FileDispatcherImpl.write0(Native Method)
	at sun.nio.ch.SocketDispatcher.write(SocketDispatcher.java:47)
	at sun.nio.ch.IOUtil.writeFromNativeBuffer(IOUtil.java:93)
	at sun.nio.ch.IOUtil.write(IOUtil.java:65)
	at sun.nio.ch.SocketChannelImpl.write(SocketChannelImpl.java:471)
	at kafka.api.TopicDataSend.writeTo(FetchResponse.scala:123)
	at kafka.network.MultiSend.writeTo(Transmission.scala:101)
	at kafka.api.FetchResponseSend.writeTo(FetchResponse.scala:231)
	at kafka.network.Processor.write(SocketServer.scala:472)
	at kafka.network.Processor.run(SocketServer.scala:342)
	at java.lang.Thread.run(Thread.java:745)
[2015-08-18 19:43:02,365] ERROR Closing socket for /10.15.100.202 because of error (kafka.network.Processor)
java.io.IOException: Broken pipe
	at sun.nio.ch.FileDispatcherImpl.write0(Native Method)
	at sun.nio.ch.SocketDispatcher.write(SocketDispatcher.java:47)
	at sun.nio.ch.IOUtil.writeFromNativeBuffer(IOUtil.java:93)
	at sun.nio.ch.IOUtil.write(IOUtil.java:51)
	at sun.nio.ch.SocketChannelImpl.write(SocketChannelImpl.java:471)
	at sun.nio.ch.FileChannelImpl.transferToTrustedChannel(FileChannelImpl.java:483)
	at sun.nio.ch.FileChannelImpl.transferTo(FileChannelImpl.java:579)
	at kafka.log.FileMessageSet.writeTo(FileMessageSet.scala:147)
	at kafka.api.PartitionDataSend.writeTo(FetchResponse.scala:70)
	at kafka.network.MultiSend.writeTo(Transmission.scala:101)
	at kafka.api.TopicDataSend.writeTo(FetchResponse.scala:125)
	at kafka.network.MultiSend.writeTo(Transmission.scala:101)
	at kafka.api.FetchResponseSend.writeTo(FetchResponse.scala:231)
	at kafka.network.Processor.write(SocketServer.scala:472)
	at kafka.network.Processor.run(SocketServer.scala:342)
	at java.lang.Thread.run(Thread.java:745)
[2015-08-18 19:43:02,365] ERROR Closing socket for /10.15.100.202 because of error (kafka.network.Processor)
java.io.IOException: Connection reset by peer
	at sun.nio.ch.FileDispatcherImpl.read0(Native Method)
	at sun.nio.ch.SocketDispatcher.read(SocketDispatcher.java:39)
	at sun.nio.ch.IOUtil.readIntoNativeBuffer(IOUtil.java:223)
	at sun.nio.ch.IOUtil.read(IOUtil.java:197)
	at sun.nio.ch.SocketChannelImpl.read(SocketChannelImpl.java:380)
	at kafka.utils.Utils$.read(Utils.scala:380)
	at kafka.network.BoundedByteBufferReceive.readFrom(BoundedByteBufferReceive.scala:54)
	at kafka.network.Processor.read(SocketServer.scala:444)
	at kafka.network.Processor.run(SocketServer.scala:340)
	at java.lang.Thread.run(Thread.java:745)
[2015-08-18 19:43:02,368] INFO Closing socket connection to /10.15.100.202. (kafka.network.Processor)
[2015-08-18 19:43:02,388] INFO Closing socket connection to /10.15.100.202. (kafka.network.Processor)
[2015-08-18 19:43:03,408] INFO Closing socket connection to /127.0.0.1. (kafka.network.Processor)
[2015-08-18 19:43:03,435] INFO Closing socket connection to /10.15.100.202. (kafka.network.Processor)
[2015-08-18 19:43:03,448] INFO Closing socket connection to /10.15.100.202. (kafka.network.Processor)
[2015-08-18 19:43:04,450] INFO Closing socket connection to /127.0.0.1. (kafka.network.Processor)
[2015-08-18 19:43:04,478] INFO Closing socket connection to /10.15.100.202. (kafka.network.Processor)
[2015-08-18 19:43:05,480] INFO Closing socket connection to /127.0.0.1. (kafka.network.Processor)
[2015-08-18 19:43:05,535] INFO Closing socket connection to /10.15.100.202. (kafka.network.Processor)
[2015-08-18 19:43:05,558] INFO Closing socket connection to /10.15.100.202. (kafka.network.Processor)
[2015-08-18 19:43:13,702] ERROR Closing socket for /10.15.100.202 because of error (kafka.network.Processor)
java.io.IOException: Connection reset by peer
	at sun.nio.ch.FileDispatcherImpl.read0(Native Method)
	at sun.nio.ch.SocketDispatcher.read(SocketDispatcher.java:39)
	at sun.nio.ch.IOUtil.readIntoNativeBuffer(IOUtil.java:223)
	at sun.nio.ch.IOUtil.read(IOUtil.java:197)
	at sun.nio.ch.SocketChannelImpl.read(SocketChannelImpl.java:380)
	at kafka.utils.Utils$.read(Utils.scala:380)
	at kafka.network.BoundedByteBufferReceive.readFrom(BoundedByteBufferReceive.scala:54)
	at kafka.network.Processor.read(SocketServer.scala:444)
	at kafka.network.Processor.run(SocketServer.scala:340)
	at java.lang.Thread.run(Thread.java:745)
[2015-08-18 19:43:13,705] ERROR Closing socket for /10.15.100.202 because of error (kafka.network.Processor)
java.io.IOException: Connection reset by peer
	at sun.nio.ch.FileDispatcherImpl.read0(Native Method)
	at sun.nio.ch.SocketDispatcher.read(SocketDispatcher.java:39)
	at sun.nio.ch.IOUtil.readIntoNativeBuffer(IOUtil.java:223)
	at sun.nio.ch.IOUtil.read(IOUtil.java:197)
	at sun.nio.ch.SocketChannelImpl.read(SocketChannelImpl.java:380)
	at kafka.utils.Utils$.read(Utils.scala:380)
	at kafka.network.BoundedByteBufferReceive.readFrom(BoundedByteBufferReceive.scala:54)
	at kafka.network.Processor.read(SocketServer.scala:444)
	at kafka.network.Processor.run(SocketServer.scala:340)
	at java.lang.Thread.run(Thread.java:745)
[2015-08-18 19:43:13,705] ERROR Closing socket for /10.15.100.202 because of error (kafka.network.Processor)
java.io.IOException: Connection reset by peer
	at sun.nio.ch.FileDispatcherImpl.read0(Native Method)
	at sun.nio.ch.SocketDispatcher.read(SocketDispatcher.java:39)
	at sun.nio.ch.IOUtil.readIntoNativeBuffer(IOUtil.java:223)
	at sun.nio.ch.IOUtil.read(IOUtil.java:197)
	at sun.nio.ch.SocketChannelImpl.read(SocketChannelImpl.java:380)
	at kafka.utils.Utils$.read(Utils.scala:380)
	at kafka.network.BoundedByteBufferReceive.readFrom(BoundedByteBufferReceive.scala:54)
	at kafka.network.Processor.read(SocketServer.scala:444)
	at kafka.network.Processor.run(SocketServer.scala:340)
	at java.lang.Thread.run(Thread.java:745)
[2015-08-18 19:43:13,724] INFO Closing socket connection to /10.15.100.202. (kafka.network.Processor)
[2015-08-18 19:43:13,743] INFO Closing socket connection to /10.15.100.202. (kafka.network.Processor)
[2015-08-18 19:43:13,766] INFO Closing socket connection to /10.15.100.202. (kafka.network.Processor)
[2015-08-18 19:43:14,770] INFO Closing socket connection to /127.0.0.1. (kafka.network.Processor)
[2015-08-18 19:43:15,814] INFO Closing socket connection to /127.0.0.1. (kafka.network.Processor)
[2015-08-18 19:43:16,846] INFO Closing socket connection to /127.0.0.1. (kafka.network.Processor)
[2015-08-18 19:43:16,919] INFO Closing socket connection to /10.15.100.202. (kafka.network.Processor)
[2015-08-18 19:43:16,956] INFO Closing socket connection to /10.15.100.202. (kafka.network.Processor)
