[2015-08-20 13:38:15,282] TRACE Broker 2 cached leader info (LeaderAndIsrInfo:(Leader:2,ISR:2,LeaderEpoch:32,ControllerEpoch:57),ReplicationFactor:1),AllReplicas:2) for partition [t3,0] in response to UpdateMetadata request sent by controller 1 epoch 58 with correlation id 24 (state.change.logger)
[2015-08-20 13:38:15,283] TRACE Broker 2 cached leader info (LeaderAndIsrInfo:(Leader:1,ISR:1,LeaderEpoch:45,ControllerEpoch:57),ReplicationFactor:1),AllReplicas:1) for partition [t7,0] in response to UpdateMetadata request sent by controller 1 epoch 58 with correlation id 24 (state.change.logger)
[2015-08-20 13:38:15,283] TRACE Broker 2 cached leader info (LeaderAndIsrInfo:(Leader:2,ISR:2,LeaderEpoch:32,ControllerEpoch:57),ReplicationFactor:1),AllReplicas:2) for partition [t1,0] in response to UpdateMetadata request sent by controller 1 epoch 58 with correlation id 24 (state.change.logger)
[2015-08-20 13:38:15,283] TRACE Broker 2 cached leader info (LeaderAndIsrInfo:(Leader:1,ISR:1,LeaderEpoch:45,ControllerEpoch:57),ReplicationFactor:1),AllReplicas:1) for partition [t4,0] in response to UpdateMetadata request sent by controller 1 epoch 58 with correlation id 24 (state.change.logger)
[2015-08-20 13:38:15,283] TRACE Broker 2 cached leader info (LeaderAndIsrInfo:(Leader:1,ISR:1,LeaderEpoch:45,ControllerEpoch:57),ReplicationFactor:1),AllReplicas:1) for partition [t6,0] in response to UpdateMetadata request sent by controller 1 epoch 58 with correlation id 24 (state.change.logger)
[2015-08-20 13:38:15,283] TRACE Broker 2 cached leader info (LeaderAndIsrInfo:(Leader:1,ISR:1,LeaderEpoch:45,ControllerEpoch:57),ReplicationFactor:1),AllReplicas:1) for partition [t2,0] in response to UpdateMetadata request sent by controller 1 epoch 58 with correlation id 24 (state.change.logger)
[2015-08-20 13:38:15,284] TRACE Broker 2 received LeaderAndIsr request (LeaderAndIsrInfo:(Leader:2,ISR:2,LeaderEpoch:32,ControllerEpoch:57),ReplicationFactor:1),AllReplicas:2) correlation id 25 from controller 1 epoch 58 for partition [t1,0] (state.change.logger)
[2015-08-20 13:38:15,284] TRACE Broker 2 received LeaderAndIsr request (LeaderAndIsrInfo:(Leader:2,ISR:2,LeaderEpoch:32,ControllerEpoch:57),ReplicationFactor:1),AllReplicas:2) correlation id 25 from controller 1 epoch 58 for partition [t3,0] (state.change.logger)
[2015-08-20 13:38:15,284] WARN Broker 2 ignoring LeaderAndIsr request from controller 1 with correlation id 25 epoch 58 for partition [t1,0] since its associated leader epoch 32 is old. Current leader epoch is 32 (state.change.logger)
[2015-08-20 13:38:15,284] WARN Broker 2 ignoring LeaderAndIsr request from controller 1 with correlation id 25 epoch 58 for partition [t3,0] since its associated leader epoch 32 is old. Current leader epoch is 32 (state.change.logger)
[2015-08-20 13:38:15,285] TRACE Broker 2 cached leader info (LeaderAndIsrInfo:(Leader:2,ISR:2,LeaderEpoch:32,ControllerEpoch:57),ReplicationFactor:1),AllReplicas:2) for partition [t3,0] in response to UpdateMetadata request sent by controller 1 epoch 58 with correlation id 25 (state.change.logger)
[2015-08-20 13:38:15,285] TRACE Broker 2 cached leader info (LeaderAndIsrInfo:(Leader:1,ISR:1,LeaderEpoch:45,ControllerEpoch:57),ReplicationFactor:1),AllReplicas:1) for partition [t7,0] in response to UpdateMetadata request sent by controller 1 epoch 58 with correlation id 25 (state.change.logger)
[2015-08-20 13:38:15,285] TRACE Broker 2 cached leader info (LeaderAndIsrInfo:(Leader:2,ISR:2,LeaderEpoch:32,ControllerEpoch:57),ReplicationFactor:1),AllReplicas:2) for partition [t1,0] in response to UpdateMetadata request sent by controller 1 epoch 58 with correlation id 25 (state.change.logger)
[2015-08-20 13:38:15,285] TRACE Broker 2 cached leader info (LeaderAndIsrInfo:(Leader:1,ISR:1,LeaderEpoch:45,ControllerEpoch:57),ReplicationFactor:1),AllReplicas:1) for partition [t4,0] in response to UpdateMetadata request sent by controller 1 epoch 58 with correlation id 25 (state.change.logger)
[2015-08-20 13:38:15,285] TRACE Broker 2 cached leader info (LeaderAndIsrInfo:(Leader:1,ISR:1,LeaderEpoch:45,ControllerEpoch:57),ReplicationFactor:1),AllReplicas:1) for partition [t6,0] in response to UpdateMetadata request sent by controller 1 epoch 58 with correlation id 25 (state.change.logger)
[2015-08-20 13:38:15,285] TRACE Broker 2 cached leader info (LeaderAndIsrInfo:(Leader:1,ISR:1,LeaderEpoch:45,ControllerEpoch:57),ReplicationFactor:1),AllReplicas:1) for partition [t2,0] in response to UpdateMetadata request sent by controller 1 epoch 58 with correlation id 25 (state.change.logger)
[2015-08-20 13:38:15,298] TRACE Broker 2 received LeaderAndIsr request (LeaderAndIsrInfo:(Leader:2,ISR:2,LeaderEpoch:33,ControllerEpoch:58),ReplicationFactor:1),AllReplicas:2) correlation id 26 from controller 1 epoch 58 for partition [t1,0] (state.change.logger)
[2015-08-20 13:38:15,298] TRACE Broker 2 received LeaderAndIsr request (LeaderAndIsrInfo:(Leader:2,ISR:2,LeaderEpoch:33,ControllerEpoch:58),ReplicationFactor:1),AllReplicas:2) correlation id 26 from controller 1 epoch 58 for partition [t3,0] (state.change.logger)
[2015-08-20 13:38:15,299] TRACE Broker 2 handling LeaderAndIsr request correlationId 26 from controller 1 epoch 58 starting the become-leader transition for partition [t1,0] (state.change.logger)
[2015-08-20 13:38:15,299] TRACE Broker 2 handling LeaderAndIsr request correlationId 26 from controller 1 epoch 58 starting the become-leader transition for partition [t3,0] (state.change.logger)
[2015-08-20 13:38:15,299] TRACE Broker 2 stopped fetchers as part of become-leader request from controller 1 epoch 58 with correlation id 26 for partition [t1,0] (state.change.logger)
[2015-08-20 13:38:15,299] TRACE Broker 2 stopped fetchers as part of become-leader request from controller 1 epoch 58 with correlation id 26 for partition [t3,0] (state.change.logger)
[2015-08-20 13:38:15,299] TRACE Broker 2 completed LeaderAndIsr request correlationId 26 from controller 1 epoch 58 for the become-leader transition for partition [t1,0] (state.change.logger)
[2015-08-20 13:38:15,299] TRACE Broker 2 completed LeaderAndIsr request correlationId 26 from controller 1 epoch 58 for the become-leader transition for partition [t3,0] (state.change.logger)
[2015-08-20 13:38:15,300] TRACE Broker 2 cached leader info (LeaderAndIsrInfo:(Leader:2,ISR:2,LeaderEpoch:33,ControllerEpoch:58),ReplicationFactor:1),AllReplicas:2) for partition [t3,0] in response to UpdateMetadata request sent by controller 1 epoch 58 with correlation id 26 (state.change.logger)
[2015-08-20 13:38:15,300] TRACE Broker 2 cached leader info (LeaderAndIsrInfo:(Leader:1,ISR:1,LeaderEpoch:46,ControllerEpoch:58),ReplicationFactor:1),AllReplicas:1) for partition [t7,0] in response to UpdateMetadata request sent by controller 1 epoch 58 with correlation id 26 (state.change.logger)
[2015-08-20 13:38:15,300] TRACE Broker 2 cached leader info (LeaderAndIsrInfo:(Leader:2,ISR:2,LeaderEpoch:33,ControllerEpoch:58),ReplicationFactor:1),AllReplicas:2) for partition [t1,0] in response to UpdateMetadata request sent by controller 1 epoch 58 with correlation id 26 (state.change.logger)
[2015-08-20 13:38:15,300] TRACE Broker 2 cached leader info (LeaderAndIsrInfo:(Leader:1,ISR:1,LeaderEpoch:46,ControllerEpoch:58),ReplicationFactor:1),AllReplicas:1) for partition [t4,0] in response to UpdateMetadata request sent by controller 1 epoch 58 with correlation id 26 (state.change.logger)
[2015-08-20 13:38:15,300] TRACE Broker 2 cached leader info (LeaderAndIsrInfo:(Leader:1,ISR:1,LeaderEpoch:46,ControllerEpoch:58),ReplicationFactor:1),AllReplicas:1) for partition [t6,0] in response to UpdateMetadata request sent by controller 1 epoch 58 with correlation id 26 (state.change.logger)
[2015-08-20 13:38:15,301] TRACE Broker 2 cached leader info (LeaderAndIsrInfo:(Leader:1,ISR:1,LeaderEpoch:46,ControllerEpoch:58),ReplicationFactor:1),AllReplicas:1) for partition [t2,0] in response to UpdateMetadata request sent by controller 1 epoch 58 with correlation id 26 (state.change.logger)
