Aug 03, 2015 6:32:23 PM org.apache.catalina.startup.VersionLoggerListener log
INFO: Server version:        Apache Tomcat/7.0.63
Aug 03, 2015 6:32:23 PM org.apache.catalina.startup.VersionLoggerListener log
INFO: Server built:          Jun 30 2015 08:08:33 UTC
Aug 03, 2015 6:32:23 PM org.apache.catalina.startup.VersionLoggerListener log
INFO: Server number:         7.0.63.0
Aug 03, 2015 6:32:23 PM org.apache.catalina.startup.VersionLoggerListener log
INFO: OS Name:               Mac OS X
Aug 03, 2015 6:32:23 PM org.apache.catalina.startup.VersionLoggerListener log
INFO: OS Version:            10.10.4
Aug 03, 2015 6:32:23 PM org.apache.catalina.startup.VersionLoggerListener log
INFO: Architecture:          x86_64
Aug 03, 2015 6:32:23 PM org.apache.catalina.startup.VersionLoggerListener log
INFO: Java Home:             /Library/Java/JavaVirtualMachines/jdk1.8.0_45.jdk/Contents/Home/jre
Aug 03, 2015 6:32:23 PM org.apache.catalina.startup.VersionLoggerListener log
INFO: JVM Version:           1.8.0_45-b14
Aug 03, 2015 6:32:23 PM org.apache.catalina.startup.VersionLoggerListener log
INFO: JVM Vendor:            Oracle Corporation
Aug 03, 2015 6:32:23 PM org.apache.catalina.startup.VersionLoggerListener log
INFO: CATALINA_BASE:         /Users/JKeto/Downloads/apache-tomcat-7.0.63
Aug 03, 2015 6:32:23 PM org.apache.catalina.startup.VersionLoggerListener log
INFO: CATALINA_HOME:         /Users/JKeto/Downloads/apache-tomcat-7.0.63
Aug 03, 2015 6:32:23 PM org.apache.catalina.startup.VersionLoggerListener log
INFO: Command line argument: -Djava.util.logging.config.file=/Users/JKeto/Downloads/apache-tomcat-7.0.63/conf/logging.properties
Aug 03, 2015 6:32:23 PM org.apache.catalina.startup.VersionLoggerListener log
INFO: Command line argument: -Djava.util.logging.manager=org.apache.juli.ClassLoaderLogManager
Aug 03, 2015 6:32:23 PM org.apache.catalina.startup.VersionLoggerListener log
INFO: Command line argument: -Djava.endorsed.dirs=/Users/JKeto/Downloads/apache-tomcat-7.0.63/endorsed
Aug 03, 2015 6:32:23 PM org.apache.catalina.startup.VersionLoggerListener log
INFO: Command line argument: -Dcatalina.base=/Users/JKeto/Downloads/apache-tomcat-7.0.63
Aug 03, 2015 6:32:23 PM org.apache.catalina.startup.VersionLoggerListener log
INFO: Command line argument: -Dcatalina.home=/Users/JKeto/Downloads/apache-tomcat-7.0.63
Aug 03, 2015 6:32:23 PM org.apache.catalina.startup.VersionLoggerListener log
INFO: Command line argument: -Djava.io.tmpdir=/Users/JKeto/Downloads/apache-tomcat-7.0.63/temp
Aug 03, 2015 6:32:23 PM org.apache.catalina.core.AprLifecycleListener lifecycleEvent
INFO: The APR based Apache Tomcat Native library which allows optimal performance in production environments was not found on the java.library.path: /Users/JKeto/Library/Java/Extensions:/Library/Java/Extensions:/Network/Library/Java/Extensions:/System/Library/Java/Extensions:/usr/lib/java:.
Aug 03, 2015 6:32:23 PM org.apache.coyote.AbstractProtocol init
INFO: Initializing ProtocolHandler ["http-bio-8080"]
Aug 03, 2015 6:32:23 PM org.apache.coyote.AbstractProtocol init
INFO: Initializing ProtocolHandler ["ajp-bio-8009"]
Aug 03, 2015 6:32:23 PM org.apache.catalina.startup.Catalina load
INFO: Initialization processed in 671 ms
Aug 03, 2015 6:32:23 PM org.apache.catalina.core.StandardService startInternal
INFO: Starting service Catalina
Aug 03, 2015 6:32:23 PM org.apache.catalina.core.StandardEngine startInternal
INFO: Starting Servlet Engine: Apache Tomcat/7.0.63
Aug 03, 2015 6:32:23 PM org.apache.catalina.startup.HostConfig deployDirectory
INFO: Deploying web application directory /Users/JKeto/Downloads/apache-tomcat-7.0.63/webapps/docs
Aug 03, 2015 6:32:24 PM org.apache.catalina.startup.HostConfig deployDirectory
INFO: Deployment of web application directory /Users/JKeto/Downloads/apache-tomcat-7.0.63/webapps/docs has finished in 366 ms
Aug 03, 2015 6:32:24 PM org.apache.catalina.startup.HostConfig deployDirectory
INFO: Deploying web application directory /Users/JKeto/Downloads/apache-tomcat-7.0.63/webapps/examples
Aug 03, 2015 6:32:24 PM org.apache.catalina.startup.HostConfig deployDirectory
INFO: Deployment of web application directory /Users/JKeto/Downloads/apache-tomcat-7.0.63/webapps/examples has finished in 307 ms
Aug 03, 2015 6:32:24 PM org.apache.catalina.startup.HostConfig deployDirectory
INFO: Deploying web application directory /Users/JKeto/Downloads/apache-tomcat-7.0.63/webapps/host-manager
Aug 03, 2015 6:32:24 PM org.apache.catalina.startup.HostConfig deployDirectory
INFO: Deployment of web application directory /Users/JKeto/Downloads/apache-tomcat-7.0.63/webapps/host-manager has finished in 60 ms
Aug 03, 2015 6:32:24 PM org.apache.catalina.startup.HostConfig deployDirectory
INFO: Deploying web application directory /Users/JKeto/Downloads/apache-tomcat-7.0.63/webapps/manager
Aug 03, 2015 6:32:24 PM org.apache.catalina.startup.HostConfig deployDirectory
INFO: Deployment of web application directory /Users/JKeto/Downloads/apache-tomcat-7.0.63/webapps/manager has finished in 56 ms
Aug 03, 2015 6:32:24 PM org.apache.catalina.startup.HostConfig deployDirectory
INFO: Deploying web application directory /Users/JKeto/Downloads/apache-tomcat-7.0.63/webapps/ROOT
Aug 03, 2015 6:32:24 PM org.apache.catalina.startup.HostConfig deployDirectory
INFO: Deployment of web application directory /Users/JKeto/Downloads/apache-tomcat-7.0.63/webapps/ROOT has finished in 42 ms
Aug 03, 2015 6:32:24 PM org.apache.coyote.AbstractProtocol start
INFO: Starting ProtocolHandler ["http-bio-8080"]
Aug 03, 2015 6:32:24 PM org.apache.coyote.AbstractProtocol start
INFO: Starting ProtocolHandler ["ajp-bio-8009"]
Aug 03, 2015 6:32:24 PM org.apache.catalina.startup.Catalina start
INFO: Server startup in 877 ms
Aug 03, 2015 6:40:38 PM org.apache.catalina.startup.VersionLoggerListener log
INFO: Server version:        Apache Tomcat/7.0.63
Aug 03, 2015 6:40:38 PM org.apache.catalina.startup.VersionLoggerListener log
INFO: Server built:          Jun 30 2015 08:08:33 UTC
Aug 03, 2015 6:40:38 PM org.apache.catalina.startup.VersionLoggerListener log
INFO: Server number:         7.0.63.0
Aug 03, 2015 6:40:38 PM org.apache.catalina.startup.VersionLoggerListener log
INFO: OS Name:               Mac OS X
Aug 03, 2015 6:40:38 PM org.apache.catalina.startup.VersionLoggerListener log
INFO: OS Version:            10.10.4
Aug 03, 2015 6:40:38 PM org.apache.catalina.startup.VersionLoggerListener log
INFO: Architecture:          x86_64
Aug 03, 2015 6:40:38 PM org.apache.catalina.startup.VersionLoggerListener log
INFO: Java Home:             /Library/Java/JavaVirtualMachines/jdk1.8.0_45.jdk/Contents/Home/jre
Aug 03, 2015 6:40:38 PM org.apache.catalina.startup.VersionLoggerListener log
INFO: JVM Version:           1.8.0_45-b14
Aug 03, 2015 6:40:38 PM org.apache.catalina.startup.VersionLoggerListener log
INFO: JVM Vendor:            Oracle Corporation
Aug 03, 2015 6:40:38 PM org.apache.catalina.startup.VersionLoggerListener log
INFO: CATALINA_BASE:         /Users/JKeto/Downloads/apache-tomcat-7.0.63
Aug 03, 2015 6:40:38 PM org.apache.catalina.startup.VersionLoggerListener log
INFO: CATALINA_HOME:         /Users/JKeto/Downloads/apache-tomcat-7.0.63
Aug 03, 2015 6:40:38 PM org.apache.catalina.startup.VersionLoggerListener log
INFO: Command line argument: -Djava.util.logging.config.file=/Users/JKeto/Downloads/apache-tomcat-7.0.63/conf/logging.properties
Aug 03, 2015 6:40:38 PM org.apache.catalina.startup.VersionLoggerListener log
INFO: Command line argument: -Djava.util.logging.manager=org.apache.juli.ClassLoaderLogManager
Aug 03, 2015 6:40:38 PM org.apache.catalina.startup.VersionLoggerListener log
INFO: Command line argument: -Djava.endorsed.dirs=/Users/JKeto/Downloads/apache-tomcat-7.0.63/endorsed
Aug 03, 2015 6:40:38 PM org.apache.catalina.startup.VersionLoggerListener log
INFO: Command line argument: -Dcatalina.base=/Users/JKeto/Downloads/apache-tomcat-7.0.63
Aug 03, 2015 6:40:38 PM org.apache.catalina.startup.VersionLoggerListener log
INFO: Command line argument: -Dcatalina.home=/Users/JKeto/Downloads/apache-tomcat-7.0.63
Aug 03, 2015 6:40:38 PM org.apache.catalina.startup.VersionLoggerListener log
INFO: Command line argument: -Djava.io.tmpdir=/Users/JKeto/Downloads/apache-tomcat-7.0.63/temp
Aug 03, 2015 6:40:38 PM org.apache.catalina.core.AprLifecycleListener lifecycleEvent
INFO: The APR based Apache Tomcat Native library which allows optimal performance in production environments was not found on the java.library.path: /Users/JKeto/Library/Java/Extensions:/Library/Java/Extensions:/Network/Library/Java/Extensions:/System/Library/Java/Extensions:/usr/lib/java:.
Aug 03, 2015 6:40:39 PM org.apache.coyote.AbstractProtocol init
INFO: Initializing ProtocolHandler ["http-bio-8080"]
Aug 03, 2015 6:40:39 PM org.apache.coyote.AbstractProtocol init
INFO: Initializing ProtocolHandler ["ajp-bio-8009"]
Aug 03, 2015 6:40:39 PM org.apache.catalina.startup.Catalina load
INFO: Initialization processed in 563 ms
Aug 03, 2015 6:40:39 PM org.apache.catalina.core.StandardService startInternal
INFO: Starting service Catalina
Aug 03, 2015 6:40:39 PM org.apache.catalina.core.StandardEngine startInternal
INFO: Starting Servlet Engine: Apache Tomcat/7.0.63
Aug 03, 2015 6:40:39 PM org.apache.catalina.startup.HostConfig deployDirectory
INFO: Deploying web application directory /Users/JKeto/Downloads/apache-tomcat-7.0.63/webapps/docs
Aug 03, 2015 6:40:39 PM org.apache.catalina.startup.HostConfig deployDirectory
INFO: Deployment of web application directory /Users/JKeto/Downloads/apache-tomcat-7.0.63/webapps/docs has finished in 324 ms
Aug 03, 2015 6:40:39 PM org.apache.catalina.startup.HostConfig deployDirectory
INFO: Deploying web application directory /Users/JKeto/Downloads/apache-tomcat-7.0.63/webapps/examples
Aug 03, 2015 6:40:39 PM org.apache.catalina.startup.HostConfig deployDirectory
INFO: Deployment of web application directory /Users/JKeto/Downloads/apache-tomcat-7.0.63/webapps/examples has finished in 304 ms
Aug 03, 2015 6:40:39 PM org.apache.catalina.startup.HostConfig deployDirectory
INFO: Deploying web application directory /Users/JKeto/Downloads/apache-tomcat-7.0.63/webapps/host-manager
Aug 03, 2015 6:40:39 PM org.apache.catalina.startup.HostConfig deployDirectory
INFO: Deployment of web application directory /Users/JKeto/Downloads/apache-tomcat-7.0.63/webapps/host-manager has finished in 54 ms
Aug 03, 2015 6:40:39 PM org.apache.catalina.startup.HostConfig deployDirectory
INFO: Deploying web application directory /Users/JKeto/Downloads/apache-tomcat-7.0.63/webapps/manager
Aug 03, 2015 6:40:39 PM org.apache.catalina.startup.HostConfig deployDirectory
INFO: Deployment of web application directory /Users/JKeto/Downloads/apache-tomcat-7.0.63/webapps/manager has finished in 58 ms
Aug 03, 2015 6:40:39 PM org.apache.catalina.startup.HostConfig deployDirectory
INFO: Deploying web application directory /Users/JKeto/Downloads/apache-tomcat-7.0.63/webapps/ROOT
Aug 03, 2015 6:40:39 PM org.apache.catalina.startup.HostConfig deployDirectory
INFO: Deployment of web application directory /Users/JKeto/Downloads/apache-tomcat-7.0.63/webapps/ROOT has finished in 40 ms
Aug 03, 2015 6:40:39 PM org.apache.coyote.AbstractProtocol start
INFO: Starting ProtocolHandler ["http-bio-8080"]
Aug 03, 2015 6:40:39 PM org.apache.coyote.AbstractProtocol start
INFO: Starting ProtocolHandler ["ajp-bio-8009"]
Aug 03, 2015 6:40:39 PM org.apache.catalina.startup.Catalina start
INFO: Server startup in 829 ms
