Aug 03, 2015 6:32:23 PM org.apache.catalina.startup.VersionLoggerListener log
INFO: Server version:        Apache Tomcat/7.0.63
Aug 03, 2015 6:32:23 PM org.apache.catalina.startup.VersionLoggerListener log
INFO: Server built:          Jun 30 2015 08:08:33 UTC
Aug 03, 2015 6:32:23 PM org.apache.catalina.startup.VersionLoggerListener log
INFO: Server number:         7.0.63.0
Aug 03, 2015 6:32:23 PM org.apache.catalina.startup.VersionLoggerListener log
INFO: OS Name:               Mac OS X
Aug 03, 2015 6:32:23 PM org.apache.catalina.startup.VersionLoggerListener log
INFO: OS Version:            10.10.4
Aug 03, 2015 6:32:23 PM org.apache.catalina.startup.VersionLoggerListener log
INFO: Architecture:          x86_64
Aug 03, 2015 6:32:23 PM org.apache.catalina.startup.VersionLoggerListener log
INFO: Java Home:             /Library/Java/JavaVirtualMachines/jdk1.8.0_45.jdk/Contents/Home/jre
Aug 03, 2015 6:32:23 PM org.apache.catalina.startup.VersionLoggerListener log
INFO: JVM Version:           1.8.0_45-b14
Aug 03, 2015 6:32:23 PM org.apache.catalina.startup.VersionLoggerListener log
INFO: JVM Vendor:            Oracle Corporation
Aug 03, 2015 6:32:23 PM org.apache.catalina.startup.VersionLoggerListener log
INFO: CATALINA_BASE:         /Users/JKeto/Downloads/apache-tomcat-7.0.63
Aug 03, 2015 6:32:23 PM org.apache.catalina.startup.VersionLoggerListener log
INFO: CATALINA_HOME:         /Users/JKeto/Downloads/apache-tomcat-7.0.63
Aug 03, 2015 6:32:23 PM org.apache.catalina.startup.VersionLoggerListener log
INFO: Command line argument: -Djava.util.logging.config.file=/Users/JKeto/Downloads/apache-tomcat-7.0.63/conf/logging.properties
Aug 03, 2015 6:32:23 PM org.apache.catalina.startup.VersionLoggerListener log
INFO: Command line argument: -Djava.util.logging.manager=org.apache.juli.ClassLoaderLogManager
Aug 03, 2015 6:32:23 PM org.apache.catalina.startup.VersionLoggerListener log
INFO: Command line argument: -Djava.endorsed.dirs=/Users/JKeto/Downloads/apache-tomcat-7.0.63/endorsed
Aug 03, 2015 6:32:23 PM org.apache.catalina.startup.VersionLoggerListener log
INFO: Command line argument: -Dcatalina.base=/Users/JKeto/Downloads/apache-tomcat-7.0.63
Aug 03, 2015 6:32:23 PM org.apache.catalina.startup.VersionLoggerListener log
INFO: Command line argument: -Dcatalina.home=/Users/JKeto/Downloads/apache-tomcat-7.0.63
Aug 03, 2015 6:32:23 PM org.apache.catalina.startup.VersionLoggerListener log
INFO: Command line argument: -Djava.io.tmpdir=/Users/JKeto/Downloads/apache-tomcat-7.0.63/temp
Aug 03, 2015 6:32:23 PM org.apache.catalina.core.AprLifecycleListener lifecycleEvent
INFO: The APR based Apache Tomcat Native library which allows optimal performance in production environments was not found on the java.library.path: /Users/JKeto/Library/Java/Extensions:/Library/Java/Extensions:/Network/Library/Java/Extensions:/System/Library/Java/Extensions:/usr/lib/java:.
Aug 03, 2015 6:32:23 PM org.apache.coyote.AbstractProtocol init
INFO: Initializing ProtocolHandler ["http-bio-8080"]
Aug 03, 2015 6:32:23 PM org.apache.coyote.AbstractProtocol init
INFO: Initializing ProtocolHandler ["ajp-bio-8009"]
Aug 03, 2015 6:32:23 PM org.apache.catalina.startup.Catalina load
INFO: Initialization processed in 671 ms
Aug 03, 2015 6:32:23 PM org.apache.catalina.core.StandardService startInternal
INFO: Starting service Catalina
Aug 03, 2015 6:32:23 PM org.apache.catalina.core.StandardEngine startInternal
INFO: Starting Servlet Engine: Apache Tomcat/7.0.63
Aug 03, 2015 6:32:23 PM org.apache.catalina.startup.HostConfig deployDirectory
INFO: Deploying web application directory /Users/JKeto/Downloads/apache-tomcat-7.0.63/webapps/docs
Aug 03, 2015 6:32:24 PM org.apache.catalina.startup.HostConfig deployDirectory
INFO: Deployment of web application directory /Users/JKeto/Downloads/apache-tomcat-7.0.63/webapps/docs has finished in 366 ms
Aug 03, 2015 6:32:24 PM org.apache.catalina.startup.HostConfig deployDirectory
INFO: Deploying web application directory /Users/JKeto/Downloads/apache-tomcat-7.0.63/webapps/examples
Aug 03, 2015 6:32:24 PM org.apache.catalina.startup.HostConfig deployDirectory
INFO: Deployment of web application directory /Users/JKeto/Downloads/apache-tomcat-7.0.63/webapps/examples has finished in 307 ms
Aug 03, 2015 6:32:24 PM org.apache.catalina.startup.HostConfig deployDirectory
INFO: Deploying web application directory /Users/JKeto/Downloads/apache-tomcat-7.0.63/webapps/host-manager
Aug 03, 2015 6:32:24 PM org.apache.catalina.startup.HostConfig deployDirectory
INFO: Deployment of web application directory /Users/JKeto/Downloads/apache-tomcat-7.0.63/webapps/host-manager has finished in 60 ms
Aug 03, 2015 6:32:24 PM org.apache.catalina.startup.HostConfig deployDirectory
INFO: Deploying web application directory /Users/JKeto/Downloads/apache-tomcat-7.0.63/webapps/manager
Aug 03, 2015 6:32:24 PM org.apache.catalina.startup.HostConfig deployDirectory
INFO: Deployment of web application directory /Users/JKeto/Downloads/apache-tomcat-7.0.63/webapps/manager has finished in 56 ms
Aug 03, 2015 6:32:24 PM org.apache.catalina.startup.HostConfig deployDirectory
INFO: Deploying web application directory /Users/JKeto/Downloads/apache-tomcat-7.0.63/webapps/ROOT
Aug 03, 2015 6:32:24 PM org.apache.catalina.startup.HostConfig deployDirectory
INFO: Deployment of web application directory /Users/JKeto/Downloads/apache-tomcat-7.0.63/webapps/ROOT has finished in 42 ms
Aug 03, 2015 6:32:24 PM org.apache.coyote.AbstractProtocol start
INFO: Starting ProtocolHandler ["http-bio-8080"]
Aug 03, 2015 6:32:24 PM org.apache.coyote.AbstractProtocol start
INFO: Starting ProtocolHandler ["ajp-bio-8009"]
Aug 03, 2015 6:32:24 PM org.apache.catalina.startup.Catalina start
INFO: Server startup in 877 ms
Aug 03, 2015 6:40:38 PM org.apache.catalina.startup.VersionLoggerListener log
INFO: Server version:        Apache Tomcat/7.0.63
Aug 03, 2015 6:40:38 PM org.apache.catalina.startup.VersionLoggerListener log
INFO: Server built:          Jun 30 2015 08:08:33 UTC
Aug 03, 2015 6:40:38 PM org.apache.catalina.startup.VersionLoggerListener log
INFO: Server number:         7.0.63.0
Aug 03, 2015 6:40:38 PM org.apache.catalina.startup.VersionLoggerListener log
INFO: OS Name:               Mac OS X
Aug 03, 2015 6:40:38 PM org.apache.catalina.startup.VersionLoggerListener log
INFO: OS Version:            10.10.4
Aug 03, 2015 6:40:38 PM org.apache.catalina.startup.VersionLoggerListener log
INFO: Architecture:          x86_64
Aug 03, 2015 6:40:38 PM org.apache.catalina.startup.VersionLoggerListener log
INFO: Java Home:             /Library/Java/JavaVirtualMachines/jdk1.8.0_45.jdk/Contents/Home/jre
Aug 03, 2015 6:40:38 PM org.apache.catalina.startup.VersionLoggerListener log
INFO: JVM Version:           1.8.0_45-b14
Aug 03, 2015 6:40:38 PM org.apache.catalina.startup.VersionLoggerListener log
INFO: JVM Vendor:            Oracle Corporation
Aug 03, 2015 6:40:38 PM org.apache.catalina.startup.VersionLoggerListener log
INFO: CATALINA_BASE:         /Users/JKeto/Downloads/apache-tomcat-7.0.63
Aug 03, 2015 6:40:38 PM org.apache.catalina.startup.VersionLoggerListener log
INFO: CATALINA_HOME:         /Users/JKeto/Downloads/apache-tomcat-7.0.63
Aug 03, 2015 6:40:38 PM org.apache.catalina.startup.VersionLoggerListener log
INFO: Command line argument: -Djava.util.logging.config.file=/Users/JKeto/Downloads/apache-tomcat-7.0.63/conf/logging.properties
Aug 03, 2015 6:40:38 PM org.apache.catalina.startup.VersionLoggerListener log
INFO: Command line argument: -Djava.util.logging.manager=org.apache.juli.ClassLoaderLogManager
Aug 03, 2015 6:40:38 PM org.apache.catalina.startup.VersionLoggerListener log
INFO: Command line argument: -Djava.endorsed.dirs=/Users/JKeto/Downloads/apache-tomcat-7.0.63/endorsed
Aug 03, 2015 6:40:38 PM org.apache.catalina.startup.VersionLoggerListener log
INFO: Command line argument: -Dcatalina.base=/Users/JKeto/Downloads/apache-tomcat-7.0.63
Aug 03, 2015 6:40:38 PM org.apache.catalina.startup.VersionLoggerListener log
INFO: Command line argument: -Dcatalina.home=/Users/JKeto/Downloads/apache-tomcat-7.0.63
Aug 03, 2015 6:40:38 PM org.apache.catalina.startup.VersionLoggerListener log
INFO: Command line argument: -Djava.io.tmpdir=/Users/JKeto/Downloads/apache-tomcat-7.0.63/temp
Aug 03, 2015 6:40:38 PM org.apache.catalina.core.AprLifecycleListener lifecycleEvent
INFO: The APR based Apache Tomcat Native library which allows optimal performance in production environments was not found on the java.library.path: /Users/JKeto/Library/Java/Extensions:/Library/Java/Extensions:/Network/Library/Java/Extensions:/System/Library/Java/Extensions:/usr/lib/java:.
Aug 03, 2015 6:40:39 PM org.apache.coyote.AbstractProtocol init
INFO: Initializing ProtocolHandler ["http-bio-8080"]
Aug 03, 2015 6:40:39 PM org.apache.coyote.AbstractProtocol init
INFO: Initializing ProtocolHandler ["ajp-bio-8009"]
Aug 03, 2015 6:40:39 PM org.apache.catalina.startup.Catalina load
INFO: Initialization processed in 563 ms
Aug 03, 2015 6:40:39 PM org.apache.catalina.core.StandardService startInternal
INFO: Starting service Catalina
Aug 03, 2015 6:40:39 PM org.apache.catalina.core.StandardEngine startInternal
INFO: Starting Servlet Engine: Apache Tomcat/7.0.63
Aug 03, 2015 6:40:39 PM org.apache.catalina.startup.HostConfig deployDirectory
INFO: Deploying web application directory /Users/JKeto/Downloads/apache-tomcat-7.0.63/webapps/docs
Aug 03, 2015 6:40:39 PM org.apache.catalina.startup.HostConfig deployDirectory
INFO: Deployment of web application directory /Users/JKeto/Downloads/apache-tomcat-7.0.63/webapps/docs has finished in 324 ms
Aug 03, 2015 6:40:39 PM org.apache.catalina.startup.HostConfig deployDirectory
INFO: Deploying web application directory /Users/JKeto/Downloads/apache-tomcat-7.0.63/webapps/examples
Aug 03, 2015 6:40:39 PM org.apache.catalina.startup.HostConfig deployDirectory
INFO: Deployment of web application directory /Users/JKeto/Downloads/apache-tomcat-7.0.63/webapps/examples has finished in 304 ms
Aug 03, 2015 6:40:39 PM org.apache.catalina.startup.HostConfig deployDirectory
INFO: Deploying web application directory /Users/JKeto/Downloads/apache-tomcat-7.0.63/webapps/host-manager
Aug 03, 2015 6:40:39 PM org.apache.catalina.startup.HostConfig deployDirectory
INFO: Deployment of web application directory /Users/JKeto/Downloads/apache-tomcat-7.0.63/webapps/host-manager has finished in 54 ms
Aug 03, 2015 6:40:39 PM org.apache.catalina.startup.HostConfig deployDirectory
INFO: Deploying web application directory /Users/JKeto/Downloads/apache-tomcat-7.0.63/webapps/manager
Aug 03, 2015 6:40:39 PM org.apache.catalina.startup.HostConfig deployDirectory
INFO: Deployment of web application directory /Users/JKeto/Downloads/apache-tomcat-7.0.63/webapps/manager has finished in 58 ms
Aug 03, 2015 6:40:39 PM org.apache.catalina.startup.HostConfig deployDirectory
INFO: Deploying web application directory /Users/JKeto/Downloads/apache-tomcat-7.0.63/webapps/ROOT
Aug 03, 2015 6:40:39 PM org.apache.catalina.startup.HostConfig deployDirectory
INFO: Deployment of web application directory /Users/JKeto/Downloads/apache-tomcat-7.0.63/webapps/ROOT has finished in 40 ms
Aug 03, 2015 6:40:39 PM org.apache.coyote.AbstractProtocol start
INFO: Starting ProtocolHandler ["http-bio-8080"]
Aug 03, 2015 6:40:39 PM org.apache.coyote.AbstractProtocol start
INFO: Starting ProtocolHandler ["ajp-bio-8009"]
Aug 03, 2015 6:40:39 PM org.apache.catalina.startup.Catalina start
INFO: Server startup in 829 ms
Aug 04, 2015 2:35:22 PM org.apache.catalina.startup.VersionLoggerListener log
INFO: Server version:        Apache Tomcat/7.0.63
Aug 04, 2015 2:35:22 PM org.apache.catalina.startup.VersionLoggerListener log
INFO: Server built:          Jun 30 2015 08:08:33 UTC
Aug 04, 2015 2:35:22 PM org.apache.catalina.startup.VersionLoggerListener log
INFO: Server number:         7.0.63.0
Aug 04, 2015 2:35:22 PM org.apache.catalina.startup.VersionLoggerListener log
INFO: OS Name:               Mac OS X
Aug 04, 2015 2:35:22 PM org.apache.catalina.startup.VersionLoggerListener log
INFO: OS Version:            10.10.4
Aug 04, 2015 2:35:22 PM org.apache.catalina.startup.VersionLoggerListener log
INFO: Architecture:          x86_64
Aug 04, 2015 2:35:22 PM org.apache.catalina.startup.VersionLoggerListener log
INFO: Java Home:             /Library/Java/JavaVirtualMachines/jdk1.8.0_45.jdk/Contents/Home/jre
Aug 04, 2015 2:35:22 PM org.apache.catalina.startup.VersionLoggerListener log
INFO: JVM Version:           1.8.0_45-b14
Aug 04, 2015 2:35:22 PM org.apache.catalina.startup.VersionLoggerListener log
INFO: JVM Vendor:            Oracle Corporation
Aug 04, 2015 2:35:22 PM org.apache.catalina.startup.VersionLoggerListener log
INFO: CATALINA_BASE:         /Users/JKeto/Downloads/apache-tomcat-7.0.63
Aug 04, 2015 2:35:22 PM org.apache.catalina.startup.VersionLoggerListener log
INFO: CATALINA_HOME:         /Users/JKeto/Downloads/apache-tomcat-7.0.63
Aug 04, 2015 2:35:22 PM org.apache.catalina.startup.VersionLoggerListener log
INFO: Command line argument: -Djava.util.logging.config.file=/Users/JKeto/Downloads/apache-tomcat-7.0.63/conf/logging.properties
Aug 04, 2015 2:35:22 PM org.apache.catalina.startup.VersionLoggerListener log
INFO: Command line argument: -Djava.util.logging.manager=org.apache.juli.ClassLoaderLogManager
Aug 04, 2015 2:35:22 PM org.apache.catalina.startup.VersionLoggerListener log
INFO: Command line argument: -Djava.endorsed.dirs=/Users/JKeto/Downloads/apache-tomcat-7.0.63/endorsed
Aug 04, 2015 2:35:22 PM org.apache.catalina.startup.VersionLoggerListener log
INFO: Command line argument: -Dcatalina.base=/Users/JKeto/Downloads/apache-tomcat-7.0.63
Aug 04, 2015 2:35:22 PM org.apache.catalina.startup.VersionLoggerListener log
INFO: Command line argument: -Dcatalina.home=/Users/JKeto/Downloads/apache-tomcat-7.0.63
Aug 04, 2015 2:35:22 PM org.apache.catalina.startup.VersionLoggerListener log
INFO: Command line argument: -Djava.io.tmpdir=/Users/JKeto/Downloads/apache-tomcat-7.0.63/temp
Aug 04, 2015 2:35:22 PM org.apache.catalina.core.AprLifecycleListener lifecycleEvent
INFO: The APR based Apache Tomcat Native library which allows optimal performance in production environments was not found on the java.library.path: /Users/JKeto/Library/Java/Extensions:/Library/Java/Extensions:/Network/Library/Java/Extensions:/System/Library/Java/Extensions:/usr/lib/java:.
Aug 04, 2015 2:35:22 PM org.apache.coyote.AbstractProtocol init
INFO: Initializing ProtocolHandler ["http-bio-8080"]
Aug 04, 2015 2:35:22 PM org.apache.coyote.AbstractProtocol init
SEVERE: Failed to initialize end point associated with ProtocolHandler ["http-bio-8080"]
java.net.BindException: Address already in use <null>:8080
	at org.apache.tomcat.util.net.JIoEndpoint.bind(JIoEndpoint.java:413)
	at org.apache.tomcat.util.net.AbstractEndpoint.init(AbstractEndpoint.java:649)
	at org.apache.coyote.AbstractProtocol.init(AbstractProtocol.java:434)
	at org.apache.coyote.http11.AbstractHttp11JsseProtocol.init(AbstractHttp11JsseProtocol.java:119)
	at org.apache.catalina.connector.Connector.initInternal(Connector.java:978)
	at org.apache.catalina.util.LifecycleBase.init(LifecycleBase.java:102)
	at org.apache.catalina.core.StandardService.initInternal(StandardService.java:559)
	at org.apache.catalina.util.LifecycleBase.init(LifecycleBase.java:102)
	at org.apache.catalina.core.StandardServer.initInternal(StandardServer.java:821)
	at org.apache.catalina.util.LifecycleBase.init(LifecycleBase.java:102)
	at org.apache.catalina.startup.Catalina.load(Catalina.java:638)
	at org.apache.catalina.startup.Catalina.load(Catalina.java:663)
	at sun.reflect.NativeMethodAccessorImpl.invoke0(Native Method)
	at sun.reflect.NativeMethodAccessorImpl.invoke(NativeMethodAccessorImpl.java:62)
	at sun.reflect.DelegatingMethodAccessorImpl.invoke(DelegatingMethodAccessorImpl.java:43)
	at java.lang.reflect.Method.invoke(Method.java:497)
	at org.apache.catalina.startup.Bootstrap.load(Bootstrap.java:280)
	at org.apache.catalina.startup.Bootstrap.main(Bootstrap.java:454)
Caused by: java.net.BindException: Address already in use
	at java.net.PlainSocketImpl.socketBind(Native Method)
	at java.net.AbstractPlainSocketImpl.bind(AbstractPlainSocketImpl.java:382)
	at java.net.ServerSocket.bind(ServerSocket.java:375)
	at java.net.ServerSocket.<init>(ServerSocket.java:237)
	at java.net.ServerSocket.<init>(ServerSocket.java:181)
	at org.apache.tomcat.util.net.DefaultServerSocketFactory.createSocket(DefaultServerSocketFactory.java:49)
	at org.apache.tomcat.util.net.JIoEndpoint.bind(JIoEndpoint.java:400)
	... 17 more

Aug 04, 2015 2:35:22 PM org.apache.catalina.core.StandardService initInternal
SEVERE: Failed to initialize connector [Connector[HTTP/1.1-8080]]
org.apache.catalina.LifecycleException: Failed to initialize component [Connector[HTTP/1.1-8080]]
	at org.apache.catalina.util.LifecycleBase.init(LifecycleBase.java:106)
	at org.apache.catalina.core.StandardService.initInternal(StandardService.java:559)
	at org.apache.catalina.util.LifecycleBase.init(LifecycleBase.java:102)
	at org.apache.catalina.core.StandardServer.initInternal(StandardServer.java:821)
	at org.apache.catalina.util.LifecycleBase.init(LifecycleBase.java:102)
	at org.apache.catalina.startup.Catalina.load(Catalina.java:638)
	at org.apache.catalina.startup.Catalina.load(Catalina.java:663)
	at sun.reflect.NativeMethodAccessorImpl.invoke0(Native Method)
	at sun.reflect.NativeMethodAccessorImpl.invoke(NativeMethodAccessorImpl.java:62)
	at sun.reflect.DelegatingMethodAccessorImpl.invoke(DelegatingMethodAccessorImpl.java:43)
	at java.lang.reflect.Method.invoke(Method.java:497)
	at org.apache.catalina.startup.Bootstrap.load(Bootstrap.java:280)
	at org.apache.catalina.startup.Bootstrap.main(Bootstrap.java:454)
Caused by: org.apache.catalina.LifecycleException: Protocol handler initialization failed
	at org.apache.catalina.connector.Connector.initInternal(Connector.java:980)
	at org.apache.catalina.util.LifecycleBase.init(LifecycleBase.java:102)
	... 12 more
Caused by: java.net.BindException: Address already in use <null>:8080
	at org.apache.tomcat.util.net.JIoEndpoint.bind(JIoEndpoint.java:413)
	at org.apache.tomcat.util.net.AbstractEndpoint.init(AbstractEndpoint.java:649)
	at org.apache.coyote.AbstractProtocol.init(AbstractProtocol.java:434)
	at org.apache.coyote.http11.AbstractHttp11JsseProtocol.init(AbstractHttp11JsseProtocol.java:119)
	at org.apache.catalina.connector.Connector.initInternal(Connector.java:978)
	... 13 more
Caused by: java.net.BindException: Address already in use
	at java.net.PlainSocketImpl.socketBind(Native Method)
	at java.net.AbstractPlainSocketImpl.bind(AbstractPlainSocketImpl.java:382)
	at java.net.ServerSocket.bind(ServerSocket.java:375)
	at java.net.ServerSocket.<init>(ServerSocket.java:237)
	at java.net.ServerSocket.<init>(ServerSocket.java:181)
	at org.apache.tomcat.util.net.DefaultServerSocketFactory.createSocket(DefaultServerSocketFactory.java:49)
	at org.apache.tomcat.util.net.JIoEndpoint.bind(JIoEndpoint.java:400)
	... 17 more

Aug 04, 2015 2:35:22 PM org.apache.coyote.AbstractProtocol init
INFO: Initializing ProtocolHandler ["ajp-bio-8009"]
Aug 04, 2015 2:35:22 PM org.apache.coyote.AbstractProtocol init
SEVERE: Failed to initialize end point associated with ProtocolHandler ["ajp-bio-8009"]
java.net.BindException: Address already in use <null>:8009
	at org.apache.tomcat.util.net.JIoEndpoint.bind(JIoEndpoint.java:413)
	at org.apache.tomcat.util.net.AbstractEndpoint.init(AbstractEndpoint.java:649)
	at org.apache.coyote.AbstractProtocol.init(AbstractProtocol.java:434)
	at org.apache.catalina.connector.Connector.initInternal(Connector.java:978)
	at org.apache.catalina.util.LifecycleBase.init(LifecycleBase.java:102)
	at org.apache.catalina.core.StandardService.initInternal(StandardService.java:559)
	at org.apache.catalina.util.LifecycleBase.init(LifecycleBase.java:102)
	at org.apache.catalina.core.StandardServer.initInternal(StandardServer.java:821)
	at org.apache.catalina.util.LifecycleBase.init(LifecycleBase.java:102)
	at org.apache.catalina.startup.Catalina.load(Catalina.java:638)
	at org.apache.catalina.startup.Catalina.load(Catalina.java:663)
	at sun.reflect.NativeMethodAccessorImpl.invoke0(Native Method)
	at sun.reflect.NativeMethodAccessorImpl.invoke(NativeMethodAccessorImpl.java:62)
	at sun.reflect.DelegatingMethodAccessorImpl.invoke(DelegatingMethodAccessorImpl.java:43)
	at java.lang.reflect.Method.invoke(Method.java:497)
	at org.apache.catalina.startup.Bootstrap.load(Bootstrap.java:280)
	at org.apache.catalina.startup.Bootstrap.main(Bootstrap.java:454)
Caused by: java.net.BindException: Address already in use
	at java.net.PlainSocketImpl.socketBind(Native Method)
	at java.net.AbstractPlainSocketImpl.bind(AbstractPlainSocketImpl.java:382)
	at java.net.ServerSocket.bind(ServerSocket.java:375)
	at java.net.ServerSocket.<init>(ServerSocket.java:237)
	at java.net.ServerSocket.<init>(ServerSocket.java:181)
	at org.apache.tomcat.util.net.DefaultServerSocketFactory.createSocket(DefaultServerSocketFactory.java:49)
	at org.apache.tomcat.util.net.JIoEndpoint.bind(JIoEndpoint.java:400)
	... 16 more

Aug 04, 2015 2:35:22 PM org.apache.catalina.core.StandardService initInternal
SEVERE: Failed to initialize connector [Connector[AJP/1.3-8009]]
org.apache.catalina.LifecycleException: Failed to initialize component [Connector[AJP/1.3-8009]]
	at org.apache.catalina.util.LifecycleBase.init(LifecycleBase.java:106)
	at org.apache.catalina.core.StandardService.initInternal(StandardService.java:559)
	at org.apache.catalina.util.LifecycleBase.init(LifecycleBase.java:102)
	at org.apache.catalina.core.StandardServer.initInternal(StandardServer.java:821)
	at org.apache.catalina.util.LifecycleBase.init(LifecycleBase.java:102)
	at org.apache.catalina.startup.Catalina.load(Catalina.java:638)
	at org.apache.catalina.startup.Catalina.load(Catalina.java:663)
	at sun.reflect.NativeMethodAccessorImpl.invoke0(Native Method)
	at sun.reflect.NativeMethodAccessorImpl.invoke(NativeMethodAccessorImpl.java:62)
	at sun.reflect.DelegatingMethodAccessorImpl.invoke(DelegatingMethodAccessorImpl.java:43)
	at java.lang.reflect.Method.invoke(Method.java:497)
	at org.apache.catalina.startup.Bootstrap.load(Bootstrap.java:280)
	at org.apache.catalina.startup.Bootstrap.main(Bootstrap.java:454)
Caused by: org.apache.catalina.LifecycleException: Protocol handler initialization failed
	at org.apache.catalina.connector.Connector.initInternal(Connector.java:980)
	at org.apache.catalina.util.LifecycleBase.init(LifecycleBase.java:102)
	... 12 more
Caused by: java.net.BindException: Address already in use <null>:8009
	at org.apache.tomcat.util.net.JIoEndpoint.bind(JIoEndpoint.java:413)
	at org.apache.tomcat.util.net.AbstractEndpoint.init(AbstractEndpoint.java:649)
	at org.apache.coyote.AbstractProtocol.init(AbstractProtocol.java:434)
	at org.apache.catalina.connector.Connector.initInternal(Connector.java:978)
	... 13 more
Caused by: java.net.BindException: Address already in use
	at java.net.PlainSocketImpl.socketBind(Native Method)
	at java.net.AbstractPlainSocketImpl.bind(AbstractPlainSocketImpl.java:382)
	at java.net.ServerSocket.bind(ServerSocket.java:375)
	at java.net.ServerSocket.<init>(ServerSocket.java:237)
	at java.net.ServerSocket.<init>(ServerSocket.java:181)
	at org.apache.tomcat.util.net.DefaultServerSocketFactory.createSocket(DefaultServerSocketFactory.java:49)
	at org.apache.tomcat.util.net.JIoEndpoint.bind(JIoEndpoint.java:400)
	... 16 more

Aug 04, 2015 2:35:22 PM org.apache.catalina.startup.Catalina load
INFO: Initialization processed in 551 ms
Aug 04, 2015 2:35:22 PM org.apache.catalina.core.StandardService startInternal
INFO: Starting service Catalina
Aug 04, 2015 2:35:22 PM org.apache.catalina.core.StandardEngine startInternal
INFO: Starting Servlet Engine: Apache Tomcat/7.0.63
Aug 04, 2015 2:35:22 PM org.apache.catalina.startup.HostConfig deployDirectory
INFO: Deploying web application directory /Users/JKeto/Downloads/apache-tomcat-7.0.63/webapps/docs
Aug 04, 2015 2:35:22 PM org.apache.catalina.startup.HostConfig deployDirectory
INFO: Deployment of web application directory /Users/JKeto/Downloads/apache-tomcat-7.0.63/webapps/docs has finished in 351 ms
Aug 04, 2015 2:35:22 PM org.apache.catalina.startup.HostConfig deployDirectory
INFO: Deploying web application directory /Users/JKeto/Downloads/apache-tomcat-7.0.63/webapps/examples
Aug 04, 2015 2:35:23 PM org.apache.catalina.startup.HostConfig deployDirectory
INFO: Deployment of web application directory /Users/JKeto/Downloads/apache-tomcat-7.0.63/webapps/examples has finished in 340 ms
Aug 04, 2015 2:35:23 PM org.apache.catalina.startup.HostConfig deployDirectory
INFO: Deploying web application directory /Users/JKeto/Downloads/apache-tomcat-7.0.63/webapps/host-manager
Aug 04, 2015 2:35:23 PM org.apache.catalina.startup.HostConfig deployDirectory
INFO: Deployment of web application directory /Users/JKeto/Downloads/apache-tomcat-7.0.63/webapps/host-manager has finished in 65 ms
Aug 04, 2015 2:35:23 PM org.apache.catalina.startup.HostConfig deployDirectory
INFO: Deploying web application directory /Users/JKeto/Downloads/apache-tomcat-7.0.63/webapps/manager
Aug 04, 2015 2:35:23 PM org.apache.catalina.startup.HostConfig deployDirectory
INFO: Deployment of web application directory /Users/JKeto/Downloads/apache-tomcat-7.0.63/webapps/manager has finished in 50 ms
Aug 04, 2015 2:35:23 PM org.apache.catalina.startup.HostConfig deployDirectory
INFO: Deploying web application directory /Users/JKeto/Downloads/apache-tomcat-7.0.63/webapps/ROOT
Aug 04, 2015 2:35:23 PM org.apache.catalina.startup.HostConfig deployDirectory
INFO: Deployment of web application directory /Users/JKeto/Downloads/apache-tomcat-7.0.63/webapps/ROOT has finished in 47 ms
Aug 04, 2015 2:35:23 PM org.apache.catalina.startup.Catalina start
INFO: Server startup in 892 ms
Aug 04, 2015 2:35:23 PM org.apache.catalina.core.StandardServer await
SEVERE: StandardServer.await: create[localhost:8005]: 
java.net.BindException: Address already in use
	at java.net.PlainSocketImpl.socketBind(Native Method)
	at java.net.AbstractPlainSocketImpl.bind(AbstractPlainSocketImpl.java:382)
	at java.net.ServerSocket.bind(ServerSocket.java:375)
	at java.net.ServerSocket.<init>(ServerSocket.java:237)
	at org.apache.catalina.core.StandardServer.await(StandardServer.java:427)
	at org.apache.catalina.startup.Catalina.await(Catalina.java:777)
	at org.apache.catalina.startup.Catalina.start(Catalina.java:723)
	at sun.reflect.NativeMethodAccessorImpl.invoke0(Native Method)
	at sun.reflect.NativeMethodAccessorImpl.invoke(NativeMethodAccessorImpl.java:62)
	at sun.reflect.DelegatingMethodAccessorImpl.invoke(DelegatingMethodAccessorImpl.java:43)
	at java.lang.reflect.Method.invoke(Method.java:497)
	at org.apache.catalina.startup.Bootstrap.start(Bootstrap.java:321)
	at org.apache.catalina.startup.Bootstrap.main(Bootstrap.java:455)

Aug 04, 2015 2:35:23 PM org.apache.coyote.AbstractProtocol pause
INFO: Pausing ProtocolHandler ["http-bio-8080"]
Aug 04, 2015 2:35:23 PM org.apache.coyote.AbstractProtocol pause
INFO: Pausing ProtocolHandler ["ajp-bio-8009"]
Aug 04, 2015 2:35:23 PM org.apache.catalina.core.StandardService stopInternal
INFO: Stopping service Catalina
Aug 04, 2015 2:35:23 PM org.apache.coyote.AbstractProtocol stop
INFO: Stopping ProtocolHandler ["http-bio-8080"]
Aug 04, 2015 2:35:23 PM org.apache.coyote.AbstractProtocol destroy
INFO: Destroying ProtocolHandler ["http-bio-8080"]
Aug 04, 2015 2:35:23 PM org.apache.coyote.AbstractProtocol stop
INFO: Stopping ProtocolHandler ["ajp-bio-8009"]
Aug 04, 2015 2:35:23 PM org.apache.coyote.AbstractProtocol destroy
INFO: Destroying ProtocolHandler ["ajp-bio-8009"]
Aug 04, 2015 3:03:41 PM org.apache.coyote.http11.AbstractHttp11Processor process
INFO: Error parsing HTTP request header
 Note: further occurrences of HTTP header parsing errors will be logged at DEBUG level.
Aug 04, 2015 3:04:44 PM org.apache.coyote.http11.AbstractHttp11Processor process
INFO: Error parsing HTTP request header
 Note: further occurrences of HTTP header parsing errors will be logged at DEBUG level.
Aug 04, 2015 3:06:56 PM org.apache.coyote.http11.AbstractHttp11Processor process
INFO: Error parsing HTTP request header
 Note: further occurrences of HTTP header parsing errors will be logged at DEBUG level.
Aug 04, 2015 3:16:15 PM org.apache.catalina.startup.HostConfig deployWAR
INFO: Deploying web application archive /Users/JKeto/Downloads/apache-tomcat-7.0.63/webapps/jolokia.war
Aug 04, 2015 3:16:16 PM org.apache.catalina.startup.TldConfig execute
INFO: At least one JAR was scanned for TLDs yet contained no TLDs. Enable debug logging for this logger for a complete list of JARs that were scanned but no TLDs were found in them. Skipping unneeded JARs during scanning can improve startup time and JSP compilation time.
Aug 04, 2015 3:16:16 PM org.apache.catalina.startup.HostConfig deployWAR
INFO: Deployment of web application archive /Users/JKeto/Downloads/apache-tomcat-7.0.63/webapps/jolokia.war has finished in 200 ms
Aug 04, 2015 3:16:41 PM org.apache.catalina.startup.VersionLoggerListener log
INFO: Server version:        Apache Tomcat/7.0.63
Aug 04, 2015 3:16:41 PM org.apache.catalina.startup.VersionLoggerListener log
INFO: Server built:          Jun 30 2015 08:08:33 UTC
Aug 04, 2015 3:16:41 PM org.apache.catalina.startup.VersionLoggerListener log
INFO: Server number:         7.0.63.0
Aug 04, 2015 3:16:41 PM org.apache.catalina.startup.VersionLoggerListener log
INFO: OS Name:               Mac OS X
Aug 04, 2015 3:16:41 PM org.apache.catalina.startup.VersionLoggerListener log
INFO: OS Version:            10.10.4
Aug 04, 2015 3:16:41 PM org.apache.catalina.startup.VersionLoggerListener log
INFO: Architecture:          x86_64
Aug 04, 2015 3:16:41 PM org.apache.catalina.startup.VersionLoggerListener log
INFO: Java Home:             /Library/Java/JavaVirtualMachines/jdk1.8.0_45.jdk/Contents/Home/jre
Aug 04, 2015 3:16:41 PM org.apache.catalina.startup.VersionLoggerListener log
INFO: JVM Version:           1.8.0_45-b14
Aug 04, 2015 3:16:41 PM org.apache.catalina.startup.VersionLoggerListener log
INFO: JVM Vendor:            Oracle Corporation
Aug 04, 2015 3:16:41 PM org.apache.catalina.startup.VersionLoggerListener log
INFO: CATALINA_BASE:         /Users/JKeto/Downloads/apache-tomcat-7.0.63
Aug 04, 2015 3:16:41 PM org.apache.catalina.startup.VersionLoggerListener log
INFO: CATALINA_HOME:         /Users/JKeto/Downloads/apache-tomcat-7.0.63
Aug 04, 2015 3:16:41 PM org.apache.catalina.startup.VersionLoggerListener log
INFO: Command line argument: -Djava.util.logging.config.file=/Users/JKeto/Downloads/apache-tomcat-7.0.63/conf/logging.properties
Aug 04, 2015 3:16:41 PM org.apache.catalina.startup.VersionLoggerListener log
INFO: Command line argument: -Djava.util.logging.manager=org.apache.juli.ClassLoaderLogManager
Aug 04, 2015 3:16:41 PM org.apache.catalina.startup.VersionLoggerListener log
INFO: Command line argument: -Djava.endorsed.dirs=/Users/JKeto/Downloads/apache-tomcat-7.0.63/endorsed
Aug 04, 2015 3:16:41 PM org.apache.catalina.startup.VersionLoggerListener log
INFO: Command line argument: -Dcatalina.base=/Users/JKeto/Downloads/apache-tomcat-7.0.63
Aug 04, 2015 3:16:41 PM org.apache.catalina.startup.VersionLoggerListener log
INFO: Command line argument: -Dcatalina.home=/Users/JKeto/Downloads/apache-tomcat-7.0.63
Aug 04, 2015 3:16:41 PM org.apache.catalina.startup.VersionLoggerListener log
INFO: Command line argument: -Djava.io.tmpdir=/Users/JKeto/Downloads/apache-tomcat-7.0.63/temp
Aug 04, 2015 3:16:41 PM org.apache.catalina.core.AprLifecycleListener lifecycleEvent
INFO: The APR based Apache Tomcat Native library which allows optimal performance in production environments was not found on the java.library.path: /Users/JKeto/Library/Java/Extensions:/Library/Java/Extensions:/Network/Library/Java/Extensions:/System/Library/Java/Extensions:/usr/lib/java:.
Aug 04, 2015 3:16:42 PM org.apache.coyote.AbstractProtocol init
INFO: Initializing ProtocolHandler ["http-bio-8080"]
Aug 04, 2015 3:16:42 PM org.apache.coyote.AbstractProtocol init
INFO: Initializing ProtocolHandler ["ajp-bio-8009"]
Aug 04, 2015 3:16:42 PM org.apache.catalina.startup.Catalina load
INFO: Initialization processed in 546 ms
Aug 04, 2015 3:16:42 PM org.apache.catalina.core.StandardService startInternal
INFO: Starting service Catalina
Aug 04, 2015 3:16:42 PM org.apache.catalina.core.StandardEngine startInternal
INFO: Starting Servlet Engine: Apache Tomcat/7.0.63
Aug 04, 2015 3:16:42 PM org.apache.catalina.startup.HostConfig deployWAR
INFO: Deploying web application archive /Users/JKeto/Downloads/apache-tomcat-7.0.63/webapps/jolokia.war
Aug 04, 2015 3:16:42 PM org.apache.catalina.startup.TldConfig execute
INFO: At least one JAR was scanned for TLDs yet contained no TLDs. Enable debug logging for this logger for a complete list of JARs that were scanned but no TLDs were found in them. Skipping unneeded JARs during scanning can improve startup time and JSP compilation time.
Aug 04, 2015 3:16:42 PM org.apache.catalina.startup.HostConfig deployWAR
INFO: Deployment of web application archive /Users/JKeto/Downloads/apache-tomcat-7.0.63/webapps/jolokia.war has finished in 473 ms
Aug 04, 2015 3:16:42 PM org.apache.catalina.startup.HostConfig deployDirectory
INFO: Deploying web application directory /Users/JKeto/Downloads/apache-tomcat-7.0.63/webapps/docs
Aug 04, 2015 3:16:42 PM org.apache.catalina.startup.HostConfig deployDirectory
INFO: Deployment of web application directory /Users/JKeto/Downloads/apache-tomcat-7.0.63/webapps/docs has finished in 88 ms
Aug 04, 2015 3:16:42 PM org.apache.catalina.startup.HostConfig deployDirectory
INFO: Deploying web application directory /Users/JKeto/Downloads/apache-tomcat-7.0.63/webapps/examples
Aug 04, 2015 3:16:42 PM org.apache.catalina.startup.HostConfig deployDirectory
INFO: Deployment of web application directory /Users/JKeto/Downloads/apache-tomcat-7.0.63/webapps/examples has finished in 320 ms
Aug 04, 2015 3:16:42 PM org.apache.catalina.startup.HostConfig deployDirectory
INFO: Deploying web application directory /Users/JKeto/Downloads/apache-tomcat-7.0.63/webapps/host-manager
Aug 04, 2015 3:16:43 PM org.apache.catalina.startup.HostConfig deployDirectory
INFO: Deployment of web application directory /Users/JKeto/Downloads/apache-tomcat-7.0.63/webapps/host-manager has finished in 61 ms
Aug 04, 2015 3:16:43 PM org.apache.catalina.startup.HostConfig deployDirectory
INFO: Deploying web application directory /Users/JKeto/Downloads/apache-tomcat-7.0.63/webapps/manager
Aug 04, 2015 3:16:43 PM org.apache.catalina.startup.HostConfig deployDirectory
INFO: Deployment of web application directory /Users/JKeto/Downloads/apache-tomcat-7.0.63/webapps/manager has finished in 54 ms
Aug 04, 2015 3:16:43 PM org.apache.catalina.startup.HostConfig deployDirectory
INFO: Deploying web application directory /Users/JKeto/Downloads/apache-tomcat-7.0.63/webapps/ROOT
Aug 04, 2015 3:16:43 PM org.apache.catalina.startup.HostConfig deployDirectory
INFO: Deployment of web application directory /Users/JKeto/Downloads/apache-tomcat-7.0.63/webapps/ROOT has finished in 38 ms
Aug 04, 2015 3:16:43 PM org.apache.coyote.AbstractProtocol start
INFO: Starting ProtocolHandler ["http-bio-8080"]
Aug 04, 2015 3:16:43 PM org.apache.coyote.AbstractProtocol start
INFO: Starting ProtocolHandler ["ajp-bio-8009"]
Aug 04, 2015 3:16:43 PM org.apache.catalina.startup.Catalina start
INFO: Server startup in 1100 ms
Aug 05, 2015 11:29:00 AM org.apache.catalina.startup.VersionLoggerListener log
INFO: Server version:        Apache Tomcat/7.0.63
Aug 05, 2015 11:29:00 AM org.apache.catalina.startup.VersionLoggerListener log
INFO: Server built:          Jun 30 2015 08:08:33 UTC
Aug 05, 2015 11:29:00 AM org.apache.catalina.startup.VersionLoggerListener log
INFO: Server number:         7.0.63.0
Aug 05, 2015 11:29:00 AM org.apache.catalina.startup.VersionLoggerListener log
INFO: OS Name:               Mac OS X
Aug 05, 2015 11:29:00 AM org.apache.catalina.startup.VersionLoggerListener log
INFO: OS Version:            10.10.4
Aug 05, 2015 11:29:00 AM org.apache.catalina.startup.VersionLoggerListener log
INFO: Architecture:          x86_64
Aug 05, 2015 11:29:00 AM org.apache.catalina.startup.VersionLoggerListener log
INFO: Java Home:             /Library/Java/JavaVirtualMachines/jdk1.8.0_45.jdk/Contents/Home/jre
Aug 05, 2015 11:29:00 AM org.apache.catalina.startup.VersionLoggerListener log
INFO: JVM Version:           1.8.0_45-b14
Aug 05, 2015 11:29:00 AM org.apache.catalina.startup.VersionLoggerListener log
INFO: JVM Vendor:            Oracle Corporation
Aug 05, 2015 11:29:00 AM org.apache.catalina.startup.VersionLoggerListener log
INFO: CATALINA_BASE:         /Users/JKeto/Downloads/apache-tomcat-7.0.63
Aug 05, 2015 11:29:00 AM org.apache.catalina.startup.VersionLoggerListener log
INFO: CATALINA_HOME:         /Users/JKeto/Downloads/apache-tomcat-7.0.63
Aug 05, 2015 11:29:00 AM org.apache.catalina.startup.VersionLoggerListener log
INFO: Command line argument: -Djava.util.logging.config.file=/Users/JKeto/Downloads/apache-tomcat-7.0.63/conf/logging.properties
Aug 05, 2015 11:29:00 AM org.apache.catalina.startup.VersionLoggerListener log
INFO: Command line argument: -Djava.util.logging.manager=org.apache.juli.ClassLoaderLogManager
Aug 05, 2015 11:29:00 AM org.apache.catalina.startup.VersionLoggerListener log
INFO: Command line argument: -Djava.endorsed.dirs=/Users/JKeto/Downloads/apache-tomcat-7.0.63/endorsed
Aug 05, 2015 11:29:00 AM org.apache.catalina.startup.VersionLoggerListener log
INFO: Command line argument: -Dcatalina.base=/Users/JKeto/Downloads/apache-tomcat-7.0.63
Aug 05, 2015 11:29:00 AM org.apache.catalina.startup.VersionLoggerListener log
INFO: Command line argument: -Dcatalina.home=/Users/JKeto/Downloads/apache-tomcat-7.0.63
Aug 05, 2015 11:29:00 AM org.apache.catalina.startup.VersionLoggerListener log
INFO: Command line argument: -Djava.io.tmpdir=/Users/JKeto/Downloads/apache-tomcat-7.0.63/temp
Aug 05, 2015 11:29:00 AM org.apache.catalina.core.AprLifecycleListener lifecycleEvent
INFO: The APR based Apache Tomcat Native library which allows optimal performance in production environments was not found on the java.library.path: /Users/JKeto/Library/Java/Extensions:/Library/Java/Extensions:/Network/Library/Java/Extensions:/System/Library/Java/Extensions:/usr/lib/java:.
Aug 05, 2015 11:29:00 AM org.apache.coyote.AbstractProtocol init
INFO: Initializing ProtocolHandler ["http-bio-8080"]
Aug 05, 2015 11:29:00 AM org.apache.coyote.AbstractProtocol init
INFO: Initializing ProtocolHandler ["ajp-bio-8009"]
Aug 05, 2015 11:29:00 AM org.apache.catalina.startup.Catalina load
INFO: Initialization processed in 657 ms
Aug 05, 2015 11:29:00 AM org.apache.catalina.core.StandardService startInternal
INFO: Starting service Catalina
Aug 05, 2015 11:29:00 AM org.apache.catalina.core.StandardEngine startInternal
INFO: Starting Servlet Engine: Apache Tomcat/7.0.63
Aug 05, 2015 11:29:00 AM org.apache.catalina.startup.HostConfig deployWAR
INFO: Deploying web application archive /Users/JKeto/Downloads/apache-tomcat-7.0.63/webapps/jolokia.war
Aug 05, 2015 11:29:00 AM org.apache.catalina.startup.TldConfig execute
INFO: At least one JAR was scanned for TLDs yet contained no TLDs. Enable debug logging for this logger for a complete list of JARs that were scanned but no TLDs were found in them. Skipping unneeded JARs during scanning can improve startup time and JSP compilation time.
Aug 05, 2015 11:29:00 AM org.apache.catalina.startup.HostConfig deployWAR
INFO: Deployment of web application archive /Users/JKeto/Downloads/apache-tomcat-7.0.63/webapps/jolokia.war has finished in 493 ms
Aug 05, 2015 11:29:00 AM org.apache.catalina.startup.HostConfig deployDirectory
INFO: Deploying web application directory /Users/JKeto/Downloads/apache-tomcat-7.0.63/webapps/docs
Aug 05, 2015 11:29:00 AM org.apache.catalina.startup.HostConfig deployDirectory
INFO: Deployment of web application directory /Users/JKeto/Downloads/apache-tomcat-7.0.63/webapps/docs has finished in 99 ms
Aug 05, 2015 11:29:00 AM org.apache.catalina.startup.HostConfig deployDirectory
INFO: Deploying web application directory /Users/JKeto/Downloads/apache-tomcat-7.0.63/webapps/examples
Aug 05, 2015 11:29:01 AM org.apache.catalina.startup.HostConfig deployDirectory
INFO: Deployment of web application directory /Users/JKeto/Downloads/apache-tomcat-7.0.63/webapps/examples has finished in 305 ms
Aug 05, 2015 11:29:01 AM org.apache.catalina.startup.HostConfig deployDirectory
INFO: Deploying web application directory /Users/JKeto/Downloads/apache-tomcat-7.0.63/webapps/host-manager
Aug 05, 2015 11:29:01 AM org.apache.catalina.startup.HostConfig deployDirectory
INFO: Deployment of web application directory /Users/JKeto/Downloads/apache-tomcat-7.0.63/webapps/host-manager has finished in 82 ms
Aug 05, 2015 11:29:01 AM org.apache.catalina.startup.HostConfig deployDirectory
INFO: Deploying web application directory /Users/JKeto/Downloads/apache-tomcat-7.0.63/webapps/manager
Aug 05, 2015 11:29:01 AM org.apache.catalina.startup.HostConfig deployDirectory
INFO: Deployment of web application directory /Users/JKeto/Downloads/apache-tomcat-7.0.63/webapps/manager has finished in 69 ms
Aug 05, 2015 11:29:01 AM org.apache.catalina.startup.HostConfig deployDirectory
INFO: Deploying web application directory /Users/JKeto/Downloads/apache-tomcat-7.0.63/webapps/ROOT
Aug 05, 2015 11:29:01 AM org.apache.catalina.startup.HostConfig deployDirectory
INFO: Deployment of web application directory /Users/JKeto/Downloads/apache-tomcat-7.0.63/webapps/ROOT has finished in 58 ms
Aug 05, 2015 11:29:01 AM org.apache.coyote.AbstractProtocol start
INFO: Starting ProtocolHandler ["http-bio-8080"]
Aug 05, 2015 11:29:01 AM org.apache.coyote.AbstractProtocol start
INFO: Starting ProtocolHandler ["ajp-bio-8009"]
Aug 05, 2015 11:29:01 AM org.apache.catalina.startup.Catalina start
INFO: Server startup in 1179 ms
Aug 05, 2015 11:32:27 AM org.apache.catalina.core.StandardServer await
INFO: A valid shutdown command was received via the shutdown port. Stopping the Server instance.
Aug 05, 2015 11:32:27 AM org.apache.coyote.AbstractProtocol pause
INFO: Pausing ProtocolHandler ["http-bio-8080"]
Aug 05, 2015 11:32:27 AM org.apache.coyote.AbstractProtocol pause
INFO: Pausing ProtocolHandler ["ajp-bio-8009"]
Aug 05, 2015 11:32:27 AM org.apache.catalina.core.StandardService stopInternal
INFO: Stopping service Catalina
Aug 05, 2015 11:32:27 AM org.apache.coyote.AbstractProtocol stop
INFO: Stopping ProtocolHandler ["http-bio-8080"]
Aug 05, 2015 11:32:27 AM org.apache.coyote.AbstractProtocol stop
INFO: Stopping ProtocolHandler ["ajp-bio-8009"]
Aug 05, 2015 11:32:27 AM org.apache.coyote.AbstractProtocol destroy
INFO: Destroying ProtocolHandler ["http-bio-8080"]
Aug 05, 2015 11:32:27 AM org.apache.coyote.AbstractProtocol destroy
INFO: Destroying ProtocolHandler ["ajp-bio-8009"]
Aug 05, 2015 11:32:41 AM org.apache.catalina.startup.VersionLoggerListener log
INFO: Server version:        Apache Tomcat/7.0.63
Aug 05, 2015 11:32:41 AM org.apache.catalina.startup.VersionLoggerListener log
INFO: Server built:          Jun 30 2015 08:08:33 UTC
Aug 05, 2015 11:32:41 AM org.apache.catalina.startup.VersionLoggerListener log
INFO: Server number:         7.0.63.0
Aug 05, 2015 11:32:41 AM org.apache.catalina.startup.VersionLoggerListener log
INFO: OS Name:               Mac OS X
Aug 05, 2015 11:32:41 AM org.apache.catalina.startup.VersionLoggerListener log
INFO: OS Version:            10.10.4
Aug 05, 2015 11:32:41 AM org.apache.catalina.startup.VersionLoggerListener log
INFO: Architecture:          x86_64
Aug 05, 2015 11:32:41 AM org.apache.catalina.startup.VersionLoggerListener log
INFO: Java Home:             /Library/Java/JavaVirtualMachines/jdk1.8.0_45.jdk/Contents/Home/jre
Aug 05, 2015 11:32:41 AM org.apache.catalina.startup.VersionLoggerListener log
INFO: JVM Version:           1.8.0_45-b14
Aug 05, 2015 11:32:41 AM org.apache.catalina.startup.VersionLoggerListener log
INFO: JVM Vendor:            Oracle Corporation
Aug 05, 2015 11:32:41 AM org.apache.catalina.startup.VersionLoggerListener log
INFO: CATALINA_BASE:         /Users/JKeto/Downloads/apache-tomcat-7.0.63
Aug 05, 2015 11:32:41 AM org.apache.catalina.startup.VersionLoggerListener log
INFO: CATALINA_HOME:         /Users/JKeto/Downloads/apache-tomcat-7.0.63
Aug 05, 2015 11:32:41 AM org.apache.catalina.startup.VersionLoggerListener log
INFO: Command line argument: -Djava.util.logging.config.file=/Users/JKeto/Downloads/apache-tomcat-7.0.63/conf/logging.properties
Aug 05, 2015 11:32:41 AM org.apache.catalina.startup.VersionLoggerListener log
INFO: Command line argument: -Djava.util.logging.manager=org.apache.juli.ClassLoaderLogManager
Aug 05, 2015 11:32:41 AM org.apache.catalina.startup.VersionLoggerListener log
INFO: Command line argument: -Djava.endorsed.dirs=/Users/JKeto/Downloads/apache-tomcat-7.0.63/endorsed
Aug 05, 2015 11:32:41 AM org.apache.catalina.startup.VersionLoggerListener log
INFO: Command line argument: -Dcatalina.base=/Users/JKeto/Downloads/apache-tomcat-7.0.63
Aug 05, 2015 11:32:41 AM org.apache.catalina.startup.VersionLoggerListener log
INFO: Command line argument: -Dcatalina.home=/Users/JKeto/Downloads/apache-tomcat-7.0.63
Aug 05, 2015 11:32:41 AM org.apache.catalina.startup.VersionLoggerListener log
INFO: Command line argument: -Djava.io.tmpdir=/Users/JKeto/Downloads/apache-tomcat-7.0.63/temp
Aug 05, 2015 11:32:41 AM org.apache.catalina.core.AprLifecycleListener lifecycleEvent
INFO: The APR based Apache Tomcat Native library which allows optimal performance in production environments was not found on the java.library.path: /Users/JKeto/Library/Java/Extensions:/Library/Java/Extensions:/Network/Library/Java/Extensions:/System/Library/Java/Extensions:/usr/lib/java:.
Aug 05, 2015 11:32:41 AM org.apache.coyote.AbstractProtocol init
INFO: Initializing ProtocolHandler ["http-bio-8080"]
Aug 05, 2015 11:32:41 AM org.apache.coyote.AbstractProtocol init
INFO: Initializing ProtocolHandler ["ajp-bio-8009"]
Aug 05, 2015 11:32:41 AM org.apache.catalina.startup.Catalina load
INFO: Initialization processed in 557 ms
Aug 05, 2015 11:32:41 AM org.apache.catalina.core.StandardService startInternal
INFO: Starting service Catalina
Aug 05, 2015 11:32:41 AM org.apache.catalina.core.StandardEngine startInternal
INFO: Starting Servlet Engine: Apache Tomcat/7.0.63
Aug 05, 2015 11:32:41 AM org.apache.catalina.startup.HostConfig deployWAR
INFO: Deploying web application archive /Users/JKeto/Downloads/apache-tomcat-7.0.63/webapps/jolokia.war
Aug 05, 2015 11:32:42 AM org.apache.catalina.startup.TldConfig execute
INFO: At least one JAR was scanned for TLDs yet contained no TLDs. Enable debug logging for this logger for a complete list of JARs that were scanned but no TLDs were found in them. Skipping unneeded JARs during scanning can improve startup time and JSP compilation time.
Aug 05, 2015 11:32:42 AM org.apache.catalina.startup.HostConfig deployWAR
INFO: Deployment of web application archive /Users/JKeto/Downloads/apache-tomcat-7.0.63/webapps/jolokia.war has finished in 494 ms
Aug 05, 2015 11:32:42 AM org.apache.catalina.startup.HostConfig deployDirectory
INFO: Deploying web application directory /Users/JKeto/Downloads/apache-tomcat-7.0.63/webapps/docs
Aug 05, 2015 11:32:42 AM org.apache.catalina.startup.HostConfig deployDirectory
INFO: Deployment of web application directory /Users/JKeto/Downloads/apache-tomcat-7.0.63/webapps/docs has finished in 75 ms
Aug 05, 2015 11:32:42 AM org.apache.catalina.startup.HostConfig deployDirectory
INFO: Deploying web application directory /Users/JKeto/Downloads/apache-tomcat-7.0.63/webapps/examples
Aug 05, 2015 11:32:42 AM org.apache.catalina.startup.HostConfig deployDirectory
INFO: Deployment of web application directory /Users/JKeto/Downloads/apache-tomcat-7.0.63/webapps/examples has finished in 322 ms
Aug 05, 2015 11:32:42 AM org.apache.catalina.startup.HostConfig deployDirectory
INFO: Deploying web application directory /Users/JKeto/Downloads/apache-tomcat-7.0.63/webapps/host-manager
Aug 05, 2015 11:32:42 AM org.apache.catalina.startup.HostConfig deployDirectory
INFO: Deployment of web application directory /Users/JKeto/Downloads/apache-tomcat-7.0.63/webapps/host-manager has finished in 78 ms
Aug 05, 2015 11:32:42 AM org.apache.catalina.startup.HostConfig deployDirectory
INFO: Deploying web application directory /Users/JKeto/Downloads/apache-tomcat-7.0.63/webapps/manager
Aug 05, 2015 11:32:42 AM org.apache.catalina.startup.HostConfig deployDirectory
INFO: Deployment of web application directory /Users/JKeto/Downloads/apache-tomcat-7.0.63/webapps/manager has finished in 69 ms
Aug 05, 2015 11:32:42 AM org.apache.catalina.startup.HostConfig deployDirectory
INFO: Deploying web application directory /Users/JKeto/Downloads/apache-tomcat-7.0.63/webapps/ROOT
Aug 05, 2015 11:32:42 AM org.apache.catalina.startup.HostConfig deployDirectory
INFO: Deployment of web application directory /Users/JKeto/Downloads/apache-tomcat-7.0.63/webapps/ROOT has finished in 53 ms
Aug 05, 2015 11:32:42 AM org.apache.coyote.AbstractProtocol start
INFO: Starting ProtocolHandler ["http-bio-8080"]
Aug 05, 2015 11:32:42 AM org.apache.coyote.AbstractProtocol start
INFO: Starting ProtocolHandler ["ajp-bio-8009"]
Aug 05, 2015 11:32:42 AM org.apache.catalina.startup.Catalina start
INFO: Server startup in 1160 ms
Aug 05, 2015 12:04:04 PM org.apache.catalina.startup.HostConfig undeploy
INFO: Undeploying context []
Aug 05, 2015 12:04:04 PM org.apache.catalina.loader.WebappClassLoader clearReferencesJdbc
WARNING: JDBC driver de-registration failed for web application []
java.lang.NullPointerException
	at org.apache.catalina.loader.WebappClassLoader.clearReferencesJdbc(WebappClassLoader.java:2073)
	at org.apache.catalina.loader.WebappClassLoader.clearReferences(WebappClassLoader.java:2009)
	at org.apache.catalina.loader.WebappClassLoader.stop(WebappClassLoader.java:1910)
	at org.apache.catalina.loader.WebappLoader.stopInternal(WebappLoader.java:661)
	at org.apache.catalina.util.LifecycleBase.stop(LifecycleBase.java:232)
	at org.apache.catalina.core.StandardContext.stopInternal(StandardContext.java:5769)
	at org.apache.catalina.util.LifecycleBase.stop(LifecycleBase.java:232)
	at org.apache.catalina.core.ContainerBase.removeChild(ContainerBase.java:1027)
	at org.apache.catalina.startup.HostConfig.undeploy(HostConfig.java:1547)
	at org.apache.catalina.startup.HostConfig.checkResources(HostConfig.java:1474)
	at org.apache.catalina.startup.HostConfig.check(HostConfig.java:1695)
	at org.apache.catalina.startup.HostConfig.lifecycleEvent(HostConfig.java:333)
	at org.apache.catalina.util.LifecycleSupport.fireLifecycleEvent(LifecycleSupport.java:117)
	at org.apache.catalina.util.LifecycleBase.fireLifecycleEvent(LifecycleBase.java:90)
	at org.apache.catalina.core.ContainerBase.backgroundProcess(ContainerBase.java:1373)
	at org.apache.catalina.core.ContainerBase$ContainerBackgroundProcessor.processChildren(ContainerBase.java:1545)
	at org.apache.catalina.core.ContainerBase$ContainerBackgroundProcessor.processChildren(ContainerBase.java:1555)
	at org.apache.catalina.core.ContainerBase$ContainerBackgroundProcessor.run(ContainerBase.java:1523)
	at java.lang.Thread.run(Thread.java:745)

Aug 05, 2015 12:04:04 PM org.apache.catalina.startup.HostConfig undeploy
INFO: Undeploying context [/examples]
Aug 05, 2015 12:04:04 PM org.apache.catalina.loader.WebappClassLoader clearReferencesJdbc
WARNING: JDBC driver de-registration failed for web application [/examples]
java.lang.NullPointerException
	at org.apache.catalina.loader.WebappClassLoader.clearReferencesJdbc(WebappClassLoader.java:2073)
	at org.apache.catalina.loader.WebappClassLoader.clearReferences(WebappClassLoader.java:2009)
	at org.apache.catalina.loader.WebappClassLoader.stop(WebappClassLoader.java:1910)
	at org.apache.catalina.loader.WebappLoader.stopInternal(WebappLoader.java:661)
	at org.apache.catalina.util.LifecycleBase.stop(LifecycleBase.java:232)
	at org.apache.catalina.core.StandardContext.stopInternal(StandardContext.java:5769)
	at org.apache.catalina.util.LifecycleBase.stop(LifecycleBase.java:232)
	at org.apache.catalina.core.ContainerBase.removeChild(ContainerBase.java:1027)
	at org.apache.catalina.startup.HostConfig.undeploy(HostConfig.java:1547)
	at org.apache.catalina.startup.HostConfig.checkResources(HostConfig.java:1474)
	at org.apache.catalina.startup.HostConfig.check(HostConfig.java:1695)
	at org.apache.catalina.startup.HostConfig.lifecycleEvent(HostConfig.java:333)
	at org.apache.catalina.util.LifecycleSupport.fireLifecycleEvent(LifecycleSupport.java:117)
	at org.apache.catalina.util.LifecycleBase.fireLifecycleEvent(LifecycleBase.java:90)
	at org.apache.catalina.core.ContainerBase.backgroundProcess(ContainerBase.java:1373)
	at org.apache.catalina.core.ContainerBase$ContainerBackgroundProcessor.processChildren(ContainerBase.java:1545)
	at org.apache.catalina.core.ContainerBase$ContainerBackgroundProcessor.processChildren(ContainerBase.java:1555)
	at org.apache.catalina.core.ContainerBase$ContainerBackgroundProcessor.run(ContainerBase.java:1523)
	at java.lang.Thread.run(Thread.java:745)

Aug 05, 2015 12:04:05 PM org.apache.catalina.startup.HostConfig undeploy
INFO: Undeploying context [/jolokia]
Aug 05, 2015 12:04:05 PM org.apache.catalina.loader.WebappClassLoader clearReferencesJdbc
WARNING: JDBC driver de-registration failed for web application [/jolokia]
java.lang.NullPointerException
	at org.apache.catalina.loader.WebappClassLoader.clearReferencesJdbc(WebappClassLoader.java:2073)
	at org.apache.catalina.loader.WebappClassLoader.clearReferences(WebappClassLoader.java:2009)
	at org.apache.catalina.loader.WebappClassLoader.stop(WebappClassLoader.java:1910)
	at org.apache.catalina.loader.WebappLoader.stopInternal(WebappLoader.java:661)
	at org.apache.catalina.util.LifecycleBase.stop(LifecycleBase.java:232)
	at org.apache.catalina.core.StandardContext.stopInternal(StandardContext.java:5769)
	at org.apache.catalina.util.LifecycleBase.stop(LifecycleBase.java:232)
	at org.apache.catalina.core.ContainerBase.removeChild(ContainerBase.java:1027)
	at org.apache.catalina.startup.HostConfig.undeploy(HostConfig.java:1547)
	at org.apache.catalina.startup.HostConfig.checkResources(HostConfig.java:1474)
	at org.apache.catalina.startup.HostConfig.check(HostConfig.java:1695)
	at org.apache.catalina.startup.HostConfig.lifecycleEvent(HostConfig.java:333)
	at org.apache.catalina.util.LifecycleSupport.fireLifecycleEvent(LifecycleSupport.java:117)
	at org.apache.catalina.util.LifecycleBase.fireLifecycleEvent(LifecycleBase.java:90)
	at org.apache.catalina.core.ContainerBase.backgroundProcess(ContainerBase.java:1373)
	at org.apache.catalina.core.ContainerBase$ContainerBackgroundProcessor.processChildren(ContainerBase.java:1545)
	at org.apache.catalina.core.ContainerBase$ContainerBackgroundProcessor.processChildren(ContainerBase.java:1555)
	at org.apache.catalina.core.ContainerBase$ContainerBackgroundProcessor.run(ContainerBase.java:1523)
	at java.lang.Thread.run(Thread.java:745)

Aug 05, 2015 12:04:05 PM org.apache.catalina.startup.HostConfig undeploy
INFO: Undeploying context [/host-manager]
Aug 05, 2015 12:04:05 PM org.apache.catalina.loader.WebappClassLoader clearReferencesJdbc
WARNING: JDBC driver de-registration failed for web application [/host-manager]
java.lang.NullPointerException
	at org.apache.catalina.loader.WebappClassLoader.clearReferencesJdbc(WebappClassLoader.java:2073)
	at org.apache.catalina.loader.WebappClassLoader.clearReferences(WebappClassLoader.java:2009)
	at org.apache.catalina.loader.WebappClassLoader.stop(WebappClassLoader.java:1910)
	at org.apache.catalina.loader.WebappLoader.stopInternal(WebappLoader.java:661)
	at org.apache.catalina.util.LifecycleBase.stop(LifecycleBase.java:232)
	at org.apache.catalina.core.StandardContext.stopInternal(StandardContext.java:5769)
	at org.apache.catalina.util.LifecycleBase.stop(LifecycleBase.java:232)
	at org.apache.catalina.core.ContainerBase.removeChild(ContainerBase.java:1027)
	at org.apache.catalina.startup.HostConfig.undeploy(HostConfig.java:1547)
	at org.apache.catalina.startup.HostConfig.checkResources(HostConfig.java:1474)
	at org.apache.catalina.startup.HostConfig.check(HostConfig.java:1695)
	at org.apache.catalina.startup.HostConfig.lifecycleEvent(HostConfig.java:333)
	at org.apache.catalina.util.LifecycleSupport.fireLifecycleEvent(LifecycleSupport.java:117)
	at org.apache.catalina.util.LifecycleBase.fireLifecycleEvent(LifecycleBase.java:90)
	at org.apache.catalina.core.ContainerBase.backgroundProcess(ContainerBase.java:1373)
	at org.apache.catalina.core.ContainerBase$ContainerBackgroundProcessor.processChildren(ContainerBase.java:1545)
	at org.apache.catalina.core.ContainerBase$ContainerBackgroundProcessor.processChildren(ContainerBase.java:1555)
	at org.apache.catalina.core.ContainerBase$ContainerBackgroundProcessor.run(ContainerBase.java:1523)
	at java.lang.Thread.run(Thread.java:745)

Aug 05, 2015 12:04:06 PM org.apache.catalina.startup.HostConfig undeploy
INFO: Undeploying context [/manager]
Aug 05, 2015 12:04:06 PM org.apache.catalina.loader.WebappClassLoader clearReferencesJdbc
WARNING: JDBC driver de-registration failed for web application [/manager]
java.lang.NullPointerException
	at org.apache.catalina.loader.WebappClassLoader.clearReferencesJdbc(WebappClassLoader.java:2073)
	at org.apache.catalina.loader.WebappClassLoader.clearReferences(WebappClassLoader.java:2009)
	at org.apache.catalina.loader.WebappClassLoader.stop(WebappClassLoader.java:1910)
	at org.apache.catalina.loader.WebappLoader.stopInternal(WebappLoader.java:661)
	at org.apache.catalina.util.LifecycleBase.stop(LifecycleBase.java:232)
	at org.apache.catalina.core.StandardContext.stopInternal(StandardContext.java:5769)
	at org.apache.catalina.util.LifecycleBase.stop(LifecycleBase.java:232)
	at org.apache.catalina.core.ContainerBase.removeChild(ContainerBase.java:1027)
	at org.apache.catalina.startup.HostConfig.undeploy(HostConfig.java:1547)
	at org.apache.catalina.startup.HostConfig.checkResources(HostConfig.java:1474)
	at org.apache.catalina.startup.HostConfig.check(HostConfig.java:1695)
	at org.apache.catalina.startup.HostConfig.lifecycleEvent(HostConfig.java:333)
	at org.apache.catalina.util.LifecycleSupport.fireLifecycleEvent(LifecycleSupport.java:117)
	at org.apache.catalina.util.LifecycleBase.fireLifecycleEvent(LifecycleBase.java:90)
	at org.apache.catalina.core.ContainerBase.backgroundProcess(ContainerBase.java:1373)
	at org.apache.catalina.core.ContainerBase$ContainerBackgroundProcessor.processChildren(ContainerBase.java:1545)
	at org.apache.catalina.core.ContainerBase$ContainerBackgroundProcessor.processChildren(ContainerBase.java:1555)
	at org.apache.catalina.core.ContainerBase$ContainerBackgroundProcessor.run(ContainerBase.java:1523)
	at java.lang.Thread.run(Thread.java:745)

Aug 05, 2015 12:04:06 PM org.apache.catalina.startup.HostConfig undeploy
INFO: Undeploying context [/docs]
Aug 05, 2015 12:04:06 PM org.apache.catalina.loader.WebappClassLoader clearReferencesJdbc
WARNING: JDBC driver de-registration failed for web application [/docs]
java.lang.NullPointerException
	at org.apache.catalina.loader.WebappClassLoader.clearReferencesJdbc(WebappClassLoader.java:2073)
	at org.apache.catalina.loader.WebappClassLoader.clearReferences(WebappClassLoader.java:2009)
	at org.apache.catalina.loader.WebappClassLoader.stop(WebappClassLoader.java:1910)
	at org.apache.catalina.loader.WebappLoader.stopInternal(WebappLoader.java:661)
	at org.apache.catalina.util.LifecycleBase.stop(LifecycleBase.java:232)
	at org.apache.catalina.core.StandardContext.stopInternal(StandardContext.java:5769)
	at org.apache.catalina.util.LifecycleBase.stop(LifecycleBase.java:232)
	at org.apache.catalina.core.ContainerBase.removeChild(ContainerBase.java:1027)
	at org.apache.catalina.startup.HostConfig.undeploy(HostConfig.java:1547)
	at org.apache.catalina.startup.HostConfig.checkResources(HostConfig.java:1474)
	at org.apache.catalina.startup.HostConfig.check(HostConfig.java:1695)
	at org.apache.catalina.startup.HostConfig.lifecycleEvent(HostConfig.java:333)
	at org.apache.catalina.util.LifecycleSupport.fireLifecycleEvent(LifecycleSupport.java:117)
	at org.apache.catalina.util.LifecycleBase.fireLifecycleEvent(LifecycleBase.java:90)
	at org.apache.catalina.core.ContainerBase.backgroundProcess(ContainerBase.java:1373)
	at org.apache.catalina.core.ContainerBase$ContainerBackgroundProcessor.processChildren(ContainerBase.java:1545)
	at org.apache.catalina.core.ContainerBase$ContainerBackgroundProcessor.processChildren(ContainerBase.java:1555)
	at org.apache.catalina.core.ContainerBase$ContainerBackgroundProcessor.run(ContainerBase.java:1523)
	at java.lang.Thread.run(Thread.java:745)

Aug 07, 2015 1:18:53 PM org.apache.catalina.startup.VersionLoggerListener log
INFO: Server version:        Apache Tomcat/7.0.63
Aug 07, 2015 1:18:53 PM org.apache.catalina.startup.VersionLoggerListener log
INFO: Server built:          Jun 30 2015 08:08:33 UTC
Aug 07, 2015 1:18:53 PM org.apache.catalina.startup.VersionLoggerListener log
INFO: Server number:         7.0.63.0
Aug 07, 2015 1:18:53 PM org.apache.catalina.startup.VersionLoggerListener log
INFO: OS Name:               Mac OS X
Aug 07, 2015 1:18:53 PM org.apache.catalina.startup.VersionLoggerListener log
INFO: OS Version:            10.10.4
Aug 07, 2015 1:18:53 PM org.apache.catalina.startup.VersionLoggerListener log
INFO: Architecture:          x86_64
Aug 07, 2015 1:18:53 PM org.apache.catalina.startup.VersionLoggerListener log
INFO: Java Home:             /Library/Java/JavaVirtualMachines/jdk1.8.0_45.jdk/Contents/Home/jre
Aug 07, 2015 1:18:53 PM org.apache.catalina.startup.VersionLoggerListener log
INFO: JVM Version:           1.8.0_45-b14
Aug 07, 2015 1:18:53 PM org.apache.catalina.startup.VersionLoggerListener log
INFO: JVM Vendor:            Oracle Corporation
Aug 07, 2015 1:18:53 PM org.apache.catalina.startup.VersionLoggerListener log
INFO: CATALINA_BASE:         /Users/JKeto/Documents/Development/fufuka/apache-tomcat-7.0.63
Aug 07, 2015 1:18:53 PM org.apache.catalina.startup.VersionLoggerListener log
INFO: CATALINA_HOME:         /Users/JKeto/Documents/Development/fufuka/apache-tomcat-7.0.63
Aug 07, 2015 1:18:53 PM org.apache.catalina.startup.VersionLoggerListener log
INFO: Command line argument: -Djava.util.logging.config.file=/Users/JKeto/Documents/Development/fufuka/apache-tomcat-7.0.63/conf/logging.properties
Aug 07, 2015 1:18:53 PM org.apache.catalina.startup.VersionLoggerListener log
INFO: Command line argument: -Djava.util.logging.manager=org.apache.juli.ClassLoaderLogManager
Aug 07, 2015 1:18:53 PM org.apache.catalina.startup.VersionLoggerListener log
INFO: Command line argument: -Djava.endorsed.dirs=/Users/JKeto/Documents/Development/fufuka/apache-tomcat-7.0.63/endorsed
Aug 07, 2015 1:18:53 PM org.apache.catalina.startup.VersionLoggerListener log
INFO: Command line argument: -Dcatalina.base=/Users/JKeto/Documents/Development/fufuka/apache-tomcat-7.0.63
Aug 07, 2015 1:18:53 PM org.apache.catalina.startup.VersionLoggerListener log
INFO: Command line argument: -Dcatalina.home=/Users/JKeto/Documents/Development/fufuka/apache-tomcat-7.0.63
Aug 07, 2015 1:18:53 PM org.apache.catalina.startup.VersionLoggerListener log
INFO: Command line argument: -Djava.io.tmpdir=/Users/JKeto/Documents/Development/fufuka/apache-tomcat-7.0.63/temp
Aug 07, 2015 1:18:53 PM org.apache.catalina.core.AprLifecycleListener lifecycleEvent
INFO: The APR based Apache Tomcat Native library which allows optimal performance in production environments was not found on the java.library.path: /Users/JKeto/Library/Java/Extensions:/Library/Java/Extensions:/Network/Library/Java/Extensions:/System/Library/Java/Extensions:/usr/lib/java:.
Aug 07, 2015 1:18:53 PM org.apache.coyote.AbstractProtocol init
INFO: Initializing ProtocolHandler ["http-bio-8080"]
Aug 07, 2015 1:18:53 PM org.apache.coyote.AbstractProtocol init
INFO: Initializing ProtocolHandler ["ajp-bio-8009"]
Aug 07, 2015 1:18:53 PM org.apache.catalina.startup.Catalina load
INFO: Initialization processed in 591 ms
Aug 07, 2015 1:18:53 PM org.apache.catalina.core.StandardService startInternal
INFO: Starting service Catalina
Aug 07, 2015 1:18:53 PM org.apache.catalina.core.StandardEngine startInternal
INFO: Starting Servlet Engine: Apache Tomcat/7.0.63
Aug 07, 2015 1:18:53 PM org.apache.catalina.startup.HostConfig deployWAR
INFO: Deploying web application archive /Users/JKeto/Documents/Development/fufuka/apache-tomcat-7.0.63/webapps/jolokia.war
Aug 07, 2015 1:18:54 PM org.apache.catalina.startup.TldConfig execute
INFO: At least one JAR was scanned for TLDs yet contained no TLDs. Enable debug logging for this logger for a complete list of JARs that were scanned but no TLDs were found in them. Skipping unneeded JARs during scanning can improve startup time and JSP compilation time.
Aug 07, 2015 1:18:54 PM org.apache.catalina.startup.HostConfig deployWAR
INFO: Deployment of web application archive /Users/JKeto/Documents/Development/fufuka/apache-tomcat-7.0.63/webapps/jolokia.war has finished in 511 ms
Aug 07, 2015 1:18:54 PM org.apache.catalina.startup.HostConfig deployDirectory
INFO: Deploying web application directory /Users/JKeto/Documents/Development/fufuka/apache-tomcat-7.0.63/webapps/docs
Aug 07, 2015 1:18:54 PM org.apache.catalina.startup.HostConfig deployDirectory
INFO: Deployment of web application directory /Users/JKeto/Documents/Development/fufuka/apache-tomcat-7.0.63/webapps/docs has finished in 70 ms
Aug 07, 2015 1:18:54 PM org.apache.catalina.startup.HostConfig deployDirectory
INFO: Deploying web application directory /Users/JKeto/Documents/Development/fufuka/apache-tomcat-7.0.63/webapps/examples
Aug 07, 2015 1:18:54 PM org.apache.catalina.startup.HostConfig deployDirectory
INFO: Deployment of web application directory /Users/JKeto/Documents/Development/fufuka/apache-tomcat-7.0.63/webapps/examples has finished in 303 ms
Aug 07, 2015 1:18:54 PM org.apache.catalina.startup.HostConfig deployDirectory
INFO: Deploying web application directory /Users/JKeto/Documents/Development/fufuka/apache-tomcat-7.0.63/webapps/host-manager
Aug 07, 2015 1:18:54 PM org.apache.catalina.startup.HostConfig deployDirectory
INFO: Deployment of web application directory /Users/JKeto/Documents/Development/fufuka/apache-tomcat-7.0.63/webapps/host-manager has finished in 64 ms
Aug 07, 2015 1:18:54 PM org.apache.catalina.startup.HostConfig deployDirectory
INFO: Deploying web application directory /Users/JKeto/Documents/Development/fufuka/apache-tomcat-7.0.63/webapps/manager
Aug 07, 2015 1:18:54 PM org.apache.catalina.startup.HostConfig deployDirectory
INFO: Deployment of web application directory /Users/JKeto/Documents/Development/fufuka/apache-tomcat-7.0.63/webapps/manager has finished in 51 ms
Aug 07, 2015 1:18:54 PM org.apache.catalina.startup.HostConfig deployDirectory
INFO: Deploying web application directory /Users/JKeto/Documents/Development/fufuka/apache-tomcat-7.0.63/webapps/ROOT
Aug 07, 2015 1:18:54 PM org.apache.catalina.startup.HostConfig deployDirectory
INFO: Deployment of web application directory /Users/JKeto/Documents/Development/fufuka/apache-tomcat-7.0.63/webapps/ROOT has finished in 39 ms
Aug 07, 2015 1:18:54 PM org.apache.coyote.AbstractProtocol start
INFO: Starting ProtocolHandler ["http-bio-8080"]
Aug 07, 2015 1:18:54 PM org.apache.coyote.AbstractProtocol start
INFO: Starting ProtocolHandler ["ajp-bio-8009"]
Aug 07, 2015 1:18:54 PM org.apache.catalina.startup.Catalina start
INFO: Server startup in 1108 ms
Aug 07, 2015 1:19:46 PM org.apache.catalina.startup.VersionLoggerListener log
INFO: Server version:        Apache Tomcat/7.0.63
Aug 07, 2015 1:19:46 PM org.apache.catalina.startup.VersionLoggerListener log
INFO: Server built:          Jun 30 2015 08:08:33 UTC
Aug 07, 2015 1:19:46 PM org.apache.catalina.startup.VersionLoggerListener log
INFO: Server number:         7.0.63.0
Aug 07, 2015 1:19:46 PM org.apache.catalina.startup.VersionLoggerListener log
INFO: OS Name:               Mac OS X
Aug 07, 2015 1:19:46 PM org.apache.catalina.startup.VersionLoggerListener log
INFO: OS Version:            10.10.4
Aug 07, 2015 1:19:46 PM org.apache.catalina.startup.VersionLoggerListener log
INFO: Architecture:          x86_64
Aug 07, 2015 1:19:46 PM org.apache.catalina.startup.VersionLoggerListener log
INFO: Java Home:             /Library/Java/JavaVirtualMachines/jdk1.8.0_45.jdk/Contents/Home/jre
Aug 07, 2015 1:19:46 PM org.apache.catalina.startup.VersionLoggerListener log
INFO: JVM Version:           1.8.0_45-b14
Aug 07, 2015 1:19:46 PM org.apache.catalina.startup.VersionLoggerListener log
INFO: JVM Vendor:            Oracle Corporation
Aug 07, 2015 1:19:46 PM org.apache.catalina.startup.VersionLoggerListener log
INFO: CATALINA_BASE:         /Users/JKeto/Documents/Development/fufuka/apache-tomcat-7.0.63
Aug 07, 2015 1:19:46 PM org.apache.catalina.startup.VersionLoggerListener log
INFO: CATALINA_HOME:         /Users/JKeto/Documents/Development/fufuka/apache-tomcat-7.0.63
Aug 07, 2015 1:19:46 PM org.apache.catalina.startup.VersionLoggerListener log
INFO: Command line argument: -Djava.util.logging.config.file=/Users/JKeto/Documents/Development/fufuka/apache-tomcat-7.0.63/conf/logging.properties
Aug 07, 2015 1:19:46 PM org.apache.catalina.startup.VersionLoggerListener log
INFO: Command line argument: -Djava.util.logging.manager=org.apache.juli.ClassLoaderLogManager
Aug 07, 2015 1:19:46 PM org.apache.catalina.startup.VersionLoggerListener log
INFO: Command line argument: -Djava.endorsed.dirs=/Users/JKeto/Documents/Development/fufuka/apache-tomcat-7.0.63/endorsed
Aug 07, 2015 1:19:46 PM org.apache.catalina.startup.VersionLoggerListener log
INFO: Command line argument: -Dcatalina.base=/Users/JKeto/Documents/Development/fufuka/apache-tomcat-7.0.63
Aug 07, 2015 1:19:46 PM org.apache.catalina.startup.VersionLoggerListener log
INFO: Command line argument: -Dcatalina.home=/Users/JKeto/Documents/Development/fufuka/apache-tomcat-7.0.63
Aug 07, 2015 1:19:46 PM org.apache.catalina.startup.VersionLoggerListener log
INFO: Command line argument: -Djava.io.tmpdir=/Users/JKeto/Documents/Development/fufuka/apache-tomcat-7.0.63/temp
Aug 07, 2015 1:19:46 PM org.apache.catalina.core.AprLifecycleListener lifecycleEvent
INFO: The APR based Apache Tomcat Native library which allows optimal performance in production environments was not found on the java.library.path: /Users/JKeto/Library/Java/Extensions:/Library/Java/Extensions:/Network/Library/Java/Extensions:/System/Library/Java/Extensions:/usr/lib/java:.
Aug 07, 2015 1:19:46 PM org.apache.coyote.AbstractProtocol init
INFO: Initializing ProtocolHandler ["http-bio-8080"]
Aug 07, 2015 1:19:46 PM org.apache.coyote.AbstractProtocol init
SEVERE: Failed to initialize end point associated with ProtocolHandler ["http-bio-8080"]
java.net.BindException: Address already in use <null>:8080
	at org.apache.tomcat.util.net.JIoEndpoint.bind(JIoEndpoint.java:413)
	at org.apache.tomcat.util.net.AbstractEndpoint.init(AbstractEndpoint.java:649)
	at org.apache.coyote.AbstractProtocol.init(AbstractProtocol.java:434)
	at org.apache.coyote.http11.AbstractHttp11JsseProtocol.init(AbstractHttp11JsseProtocol.java:119)
	at org.apache.catalina.connector.Connector.initInternal(Connector.java:978)
	at org.apache.catalina.util.LifecycleBase.init(LifecycleBase.java:102)
	at org.apache.catalina.core.StandardService.initInternal(StandardService.java:559)
	at org.apache.catalina.util.LifecycleBase.init(LifecycleBase.java:102)
	at org.apache.catalina.core.StandardServer.initInternal(StandardServer.java:821)
	at org.apache.catalina.util.LifecycleBase.init(LifecycleBase.java:102)
	at org.apache.catalina.startup.Catalina.load(Catalina.java:638)
	at org.apache.catalina.startup.Catalina.load(Catalina.java:663)
	at sun.reflect.NativeMethodAccessorImpl.invoke0(Native Method)
	at sun.reflect.NativeMethodAccessorImpl.invoke(NativeMethodAccessorImpl.java:62)
	at sun.reflect.DelegatingMethodAccessorImpl.invoke(DelegatingMethodAccessorImpl.java:43)
	at java.lang.reflect.Method.invoke(Method.java:497)
	at org.apache.catalina.startup.Bootstrap.load(Bootstrap.java:280)
	at org.apache.catalina.startup.Bootstrap.main(Bootstrap.java:454)
Caused by: java.net.BindException: Address already in use
	at java.net.PlainSocketImpl.socketBind(Native Method)
	at java.net.AbstractPlainSocketImpl.bind(AbstractPlainSocketImpl.java:382)
	at java.net.ServerSocket.bind(ServerSocket.java:375)
	at java.net.ServerSocket.<init>(ServerSocket.java:237)
	at java.net.ServerSocket.<init>(ServerSocket.java:181)
	at org.apache.tomcat.util.net.DefaultServerSocketFactory.createSocket(DefaultServerSocketFactory.java:49)
	at org.apache.tomcat.util.net.JIoEndpoint.bind(JIoEndpoint.java:400)
	... 17 more

Aug 07, 2015 1:19:46 PM org.apache.catalina.core.StandardService initInternal
SEVERE: Failed to initialize connector [Connector[HTTP/1.1-8080]]
org.apache.catalina.LifecycleException: Failed to initialize component [Connector[HTTP/1.1-8080]]
	at org.apache.catalina.util.LifecycleBase.init(LifecycleBase.java:106)
	at org.apache.catalina.core.StandardService.initInternal(StandardService.java:559)
	at org.apache.catalina.util.LifecycleBase.init(LifecycleBase.java:102)
	at org.apache.catalina.core.StandardServer.initInternal(StandardServer.java:821)
	at org.apache.catalina.util.LifecycleBase.init(LifecycleBase.java:102)
	at org.apache.catalina.startup.Catalina.load(Catalina.java:638)
	at org.apache.catalina.startup.Catalina.load(Catalina.java:663)
	at sun.reflect.NativeMethodAccessorImpl.invoke0(Native Method)
	at sun.reflect.NativeMethodAccessorImpl.invoke(NativeMethodAccessorImpl.java:62)
	at sun.reflect.DelegatingMethodAccessorImpl.invoke(DelegatingMethodAccessorImpl.java:43)
	at java.lang.reflect.Method.invoke(Method.java:497)
	at org.apache.catalina.startup.Bootstrap.load(Bootstrap.java:280)
	at org.apache.catalina.startup.Bootstrap.main(Bootstrap.java:454)
Caused by: org.apache.catalina.LifecycleException: Protocol handler initialization failed
	at org.apache.catalina.connector.Connector.initInternal(Connector.java:980)
	at org.apache.catalina.util.LifecycleBase.init(LifecycleBase.java:102)
	... 12 more
Caused by: java.net.BindException: Address already in use <null>:8080
	at org.apache.tomcat.util.net.JIoEndpoint.bind(JIoEndpoint.java:413)
	at org.apache.tomcat.util.net.AbstractEndpoint.init(AbstractEndpoint.java:649)
	at org.apache.coyote.AbstractProtocol.init(AbstractProtocol.java:434)
	at org.apache.coyote.http11.AbstractHttp11JsseProtocol.init(AbstractHttp11JsseProtocol.java:119)
	at org.apache.catalina.connector.Connector.initInternal(Connector.java:978)
	... 13 more
Caused by: java.net.BindException: Address already in use
	at java.net.PlainSocketImpl.socketBind(Native Method)
	at java.net.AbstractPlainSocketImpl.bind(AbstractPlainSocketImpl.java:382)
	at java.net.ServerSocket.bind(ServerSocket.java:375)
	at java.net.ServerSocket.<init>(ServerSocket.java:237)
	at java.net.ServerSocket.<init>(ServerSocket.java:181)
	at org.apache.tomcat.util.net.DefaultServerSocketFactory.createSocket(DefaultServerSocketFactory.java:49)
	at org.apache.tomcat.util.net.JIoEndpoint.bind(JIoEndpoint.java:400)
	... 17 more

Aug 07, 2015 1:19:46 PM org.apache.coyote.AbstractProtocol init
INFO: Initializing ProtocolHandler ["ajp-bio-8009"]
Aug 07, 2015 1:19:46 PM org.apache.coyote.AbstractProtocol init
SEVERE: Failed to initialize end point associated with ProtocolHandler ["ajp-bio-8009"]
java.net.BindException: Address already in use <null>:8009
	at org.apache.tomcat.util.net.JIoEndpoint.bind(JIoEndpoint.java:413)
	at org.apache.tomcat.util.net.AbstractEndpoint.init(AbstractEndpoint.java:649)
	at org.apache.coyote.AbstractProtocol.init(AbstractProtocol.java:434)
	at org.apache.catalina.connector.Connector.initInternal(Connector.java:978)
	at org.apache.catalina.util.LifecycleBase.init(LifecycleBase.java:102)
	at org.apache.catalina.core.StandardService.initInternal(StandardService.java:559)
	at org.apache.catalina.util.LifecycleBase.init(LifecycleBase.java:102)
	at org.apache.catalina.core.StandardServer.initInternal(StandardServer.java:821)
	at org.apache.catalina.util.LifecycleBase.init(LifecycleBase.java:102)
	at org.apache.catalina.startup.Catalina.load(Catalina.java:638)
	at org.apache.catalina.startup.Catalina.load(Catalina.java:663)
	at sun.reflect.NativeMethodAccessorImpl.invoke0(Native Method)
	at sun.reflect.NativeMethodAccessorImpl.invoke(NativeMethodAccessorImpl.java:62)
	at sun.reflect.DelegatingMethodAccessorImpl.invoke(DelegatingMethodAccessorImpl.java:43)
	at java.lang.reflect.Method.invoke(Method.java:497)
	at org.apache.catalina.startup.Bootstrap.load(Bootstrap.java:280)
	at org.apache.catalina.startup.Bootstrap.main(Bootstrap.java:454)
Caused by: java.net.BindException: Address already in use
	at java.net.PlainSocketImpl.socketBind(Native Method)
	at java.net.AbstractPlainSocketImpl.bind(AbstractPlainSocketImpl.java:382)
	at java.net.ServerSocket.bind(ServerSocket.java:375)
	at java.net.ServerSocket.<init>(ServerSocket.java:237)
	at java.net.ServerSocket.<init>(ServerSocket.java:181)
	at org.apache.tomcat.util.net.DefaultServerSocketFactory.createSocket(DefaultServerSocketFactory.java:49)
	at org.apache.tomcat.util.net.JIoEndpoint.bind(JIoEndpoint.java:400)
	... 16 more

Aug 07, 2015 1:19:46 PM org.apache.catalina.core.StandardService initInternal
SEVERE: Failed to initialize connector [Connector[AJP/1.3-8009]]
org.apache.catalina.LifecycleException: Failed to initialize component [Connector[AJP/1.3-8009]]
	at org.apache.catalina.util.LifecycleBase.init(LifecycleBase.java:106)
	at org.apache.catalina.core.StandardService.initInternal(StandardService.java:559)
	at org.apache.catalina.util.LifecycleBase.init(LifecycleBase.java:102)
	at org.apache.catalina.core.StandardServer.initInternal(StandardServer.java:821)
	at org.apache.catalina.util.LifecycleBase.init(LifecycleBase.java:102)
	at org.apache.catalina.startup.Catalina.load(Catalina.java:638)
	at org.apache.catalina.startup.Catalina.load(Catalina.java:663)
	at sun.reflect.NativeMethodAccessorImpl.invoke0(Native Method)
	at sun.reflect.NativeMethodAccessorImpl.invoke(NativeMethodAccessorImpl.java:62)
	at sun.reflect.DelegatingMethodAccessorImpl.invoke(DelegatingMethodAccessorImpl.java:43)
	at java.lang.reflect.Method.invoke(Method.java:497)
	at org.apache.catalina.startup.Bootstrap.load(Bootstrap.java:280)
	at org.apache.catalina.startup.Bootstrap.main(Bootstrap.java:454)
Caused by: org.apache.catalina.LifecycleException: Protocol handler initialization failed
	at org.apache.catalina.connector.Connector.initInternal(Connector.java:980)
	at org.apache.catalina.util.LifecycleBase.init(LifecycleBase.java:102)
	... 12 more
Caused by: java.net.BindException: Address already in use <null>:8009
	at org.apache.tomcat.util.net.JIoEndpoint.bind(JIoEndpoint.java:413)
	at org.apache.tomcat.util.net.AbstractEndpoint.init(AbstractEndpoint.java:649)
	at org.apache.coyote.AbstractProtocol.init(AbstractProtocol.java:434)
	at org.apache.catalina.connector.Connector.initInternal(Connector.java:978)
	... 13 more
Caused by: java.net.BindException: Address already in use
	at java.net.PlainSocketImpl.socketBind(Native Method)
	at java.net.AbstractPlainSocketImpl.bind(AbstractPlainSocketImpl.java:382)
	at java.net.ServerSocket.bind(ServerSocket.java:375)
	at java.net.ServerSocket.<init>(ServerSocket.java:237)
	at java.net.ServerSocket.<init>(ServerSocket.java:181)
	at org.apache.tomcat.util.net.DefaultServerSocketFactory.createSocket(DefaultServerSocketFactory.java:49)
	at org.apache.tomcat.util.net.JIoEndpoint.bind(JIoEndpoint.java:400)
	... 16 more

Aug 07, 2015 1:19:46 PM org.apache.catalina.startup.Catalina load
INFO: Initialization processed in 685 ms
Aug 07, 2015 1:19:46 PM org.apache.catalina.core.StandardService startInternal
INFO: Starting service Catalina
Aug 07, 2015 1:19:46 PM org.apache.catalina.core.StandardEngine startInternal
INFO: Starting Servlet Engine: Apache Tomcat/7.0.63
Aug 07, 2015 1:19:46 PM org.apache.catalina.startup.HostConfig deployWAR
INFO: Deploying web application archive /Users/JKeto/Documents/Development/fufuka/apache-tomcat-7.0.63/webapps/jolokia.war
Aug 07, 2015 1:19:46 PM org.apache.catalina.startup.TldConfig execute
INFO: At least one JAR was scanned for TLDs yet contained no TLDs. Enable debug logging for this logger for a complete list of JARs that were scanned but no TLDs were found in them. Skipping unneeded JARs during scanning can improve startup time and JSP compilation time.
Aug 07, 2015 1:19:47 PM org.apache.catalina.startup.HostConfig deployWAR
INFO: Deployment of web application archive /Users/JKeto/Documents/Development/fufuka/apache-tomcat-7.0.63/webapps/jolokia.war has finished in 474 ms
Aug 07, 2015 1:19:47 PM org.apache.catalina.startup.HostConfig deployDirectory
INFO: Deploying web application directory /Users/JKeto/Documents/Development/fufuka/apache-tomcat-7.0.63/webapps/docs
Aug 07, 2015 1:19:47 PM org.apache.catalina.startup.HostConfig deployDirectory
INFO: Deployment of web application directory /Users/JKeto/Documents/Development/fufuka/apache-tomcat-7.0.63/webapps/docs has finished in 60 ms
Aug 07, 2015 1:19:47 PM org.apache.catalina.startup.HostConfig deployDirectory
INFO: Deploying web application directory /Users/JKeto/Documents/Development/fufuka/apache-tomcat-7.0.63/webapps/examples
Aug 07, 2015 1:19:47 PM org.apache.catalina.startup.HostConfig deployDirectory
INFO: Deployment of web application directory /Users/JKeto/Documents/Development/fufuka/apache-tomcat-7.0.63/webapps/examples has finished in 231 ms
Aug 07, 2015 1:19:47 PM org.apache.catalina.startup.HostConfig deployDirectory
INFO: Deploying web application directory /Users/JKeto/Documents/Development/fufuka/apache-tomcat-7.0.63/webapps/host-manager
Aug 07, 2015 1:19:47 PM org.apache.catalina.startup.HostConfig deployDirectory
INFO: Deployment of web application directory /Users/JKeto/Documents/Development/fufuka/apache-tomcat-7.0.63/webapps/host-manager has finished in 59 ms
Aug 07, 2015 1:19:47 PM org.apache.catalina.startup.HostConfig deployDirectory
INFO: Deploying web application directory /Users/JKeto/Documents/Development/fufuka/apache-tomcat-7.0.63/webapps/manager
Aug 07, 2015 1:19:47 PM org.apache.catalina.startup.HostConfig deployDirectory
INFO: Deployment of web application directory /Users/JKeto/Documents/Development/fufuka/apache-tomcat-7.0.63/webapps/manager has finished in 48 ms
Aug 07, 2015 1:19:47 PM org.apache.catalina.startup.HostConfig deployDirectory
INFO: Deploying web application directory /Users/JKeto/Documents/Development/fufuka/apache-tomcat-7.0.63/webapps/ROOT
Aug 07, 2015 1:19:47 PM org.apache.catalina.startup.HostConfig deployDirectory
INFO: Deployment of web application directory /Users/JKeto/Documents/Development/fufuka/apache-tomcat-7.0.63/webapps/ROOT has finished in 43 ms
Aug 07, 2015 1:19:47 PM org.apache.catalina.startup.Catalina start
INFO: Server startup in 972 ms
Aug 07, 2015 1:19:47 PM org.apache.catalina.core.StandardServer await
SEVERE: StandardServer.await: create[localhost:8005]: 
java.net.BindException: Address already in use
	at java.net.PlainSocketImpl.socketBind(Native Method)
	at java.net.AbstractPlainSocketImpl.bind(AbstractPlainSocketImpl.java:382)
	at java.net.ServerSocket.bind(ServerSocket.java:375)
	at java.net.ServerSocket.<init>(ServerSocket.java:237)
	at org.apache.catalina.core.StandardServer.await(StandardServer.java:427)
	at org.apache.catalina.startup.Catalina.await(Catalina.java:777)
	at org.apache.catalina.startup.Catalina.start(Catalina.java:723)
	at sun.reflect.NativeMethodAccessorImpl.invoke0(Native Method)
	at sun.reflect.NativeMethodAccessorImpl.invoke(NativeMethodAccessorImpl.java:62)
	at sun.reflect.DelegatingMethodAccessorImpl.invoke(DelegatingMethodAccessorImpl.java:43)
	at java.lang.reflect.Method.invoke(Method.java:497)
	at org.apache.catalina.startup.Bootstrap.start(Bootstrap.java:321)
	at org.apache.catalina.startup.Bootstrap.main(Bootstrap.java:455)

Aug 07, 2015 1:19:47 PM org.apache.coyote.AbstractProtocol pause
INFO: Pausing ProtocolHandler ["http-bio-8080"]
Aug 07, 2015 1:19:47 PM org.apache.coyote.AbstractProtocol pause
INFO: Pausing ProtocolHandler ["ajp-bio-8009"]
Aug 07, 2015 1:19:47 PM org.apache.catalina.core.StandardService stopInternal
INFO: Stopping service Catalina
Aug 07, 2015 1:19:47 PM org.apache.coyote.AbstractProtocol stop
INFO: Stopping ProtocolHandler ["http-bio-8080"]
Aug 07, 2015 1:19:47 PM org.apache.coyote.AbstractProtocol destroy
INFO: Destroying ProtocolHandler ["http-bio-8080"]
Aug 07, 2015 1:19:47 PM org.apache.coyote.AbstractProtocol stop
INFO: Stopping ProtocolHandler ["ajp-bio-8009"]
Aug 07, 2015 1:19:47 PM org.apache.coyote.AbstractProtocol destroy
INFO: Destroying ProtocolHandler ["ajp-bio-8009"]
