Aug 05, 2015 11:29:00 AM org.apache.catalina.startup.VersionLoggerListener log
INFO: Server version:        Apache Tomcat/7.0.63
Aug 05, 2015 11:29:00 AM org.apache.catalina.startup.VersionLoggerListener log
INFO: Server built:          Jun 30 2015 08:08:33 UTC
Aug 05, 2015 11:29:00 AM org.apache.catalina.startup.VersionLoggerListener log
INFO: Server number:         7.0.63.0
Aug 05, 2015 11:29:00 AM org.apache.catalina.startup.VersionLoggerListener log
INFO: OS Name:               Mac OS X
Aug 05, 2015 11:29:00 AM org.apache.catalina.startup.VersionLoggerListener log
INFO: OS Version:            10.10.4
Aug 05, 2015 11:29:00 AM org.apache.catalina.startup.VersionLoggerListener log
INFO: Architecture:          x86_64
Aug 05, 2015 11:29:00 AM org.apache.catalina.startup.VersionLoggerListener log
INFO: Java Home:             /Library/Java/JavaVirtualMachines/jdk1.8.0_45.jdk/Contents/Home/jre
Aug 05, 2015 11:29:00 AM org.apache.catalina.startup.VersionLoggerListener log
INFO: JVM Version:           1.8.0_45-b14
Aug 05, 2015 11:29:00 AM org.apache.catalina.startup.VersionLoggerListener log
INFO: JVM Vendor:            Oracle Corporation
Aug 05, 2015 11:29:00 AM org.apache.catalina.startup.VersionLoggerListener log
INFO: CATALINA_BASE:         /Users/JKeto/Downloads/apache-tomcat-7.0.63
Aug 05, 2015 11:29:00 AM org.apache.catalina.startup.VersionLoggerListener log
INFO: CATALINA_HOME:         /Users/JKeto/Downloads/apache-tomcat-7.0.63
Aug 05, 2015 11:29:00 AM org.apache.catalina.startup.VersionLoggerListener log
INFO: Command line argument: -Djava.util.logging.config.file=/Users/JKeto/Downloads/apache-tomcat-7.0.63/conf/logging.properties
Aug 05, 2015 11:29:00 AM org.apache.catalina.startup.VersionLoggerListener log
INFO: Command line argument: -Djava.util.logging.manager=org.apache.juli.ClassLoaderLogManager
Aug 05, 2015 11:29:00 AM org.apache.catalina.startup.VersionLoggerListener log
INFO: Command line argument: -Djava.endorsed.dirs=/Users/JKeto/Downloads/apache-tomcat-7.0.63/endorsed
Aug 05, 2015 11:29:00 AM org.apache.catalina.startup.VersionLoggerListener log
INFO: Command line argument: -Dcatalina.base=/Users/JKeto/Downloads/apache-tomcat-7.0.63
Aug 05, 2015 11:29:00 AM org.apache.catalina.startup.VersionLoggerListener log
INFO: Command line argument: -Dcatalina.home=/Users/JKeto/Downloads/apache-tomcat-7.0.63
Aug 05, 2015 11:29:00 AM org.apache.catalina.startup.VersionLoggerListener log
INFO: Command line argument: -Djava.io.tmpdir=/Users/JKeto/Downloads/apache-tomcat-7.0.63/temp
Aug 05, 2015 11:29:00 AM org.apache.catalina.core.AprLifecycleListener lifecycleEvent
INFO: The APR based Apache Tomcat Native library which allows optimal performance in production environments was not found on the java.library.path: /Users/JKeto/Library/Java/Extensions:/Library/Java/Extensions:/Network/Library/Java/Extensions:/System/Library/Java/Extensions:/usr/lib/java:.
Aug 05, 2015 11:29:00 AM org.apache.coyote.AbstractProtocol init
INFO: Initializing ProtocolHandler ["http-bio-8080"]
Aug 05, 2015 11:29:00 AM org.apache.coyote.AbstractProtocol init
INFO: Initializing ProtocolHandler ["ajp-bio-8009"]
Aug 05, 2015 11:29:00 AM org.apache.catalina.startup.Catalina load
INFO: Initialization processed in 657 ms
Aug 05, 2015 11:29:00 AM org.apache.catalina.core.StandardService startInternal
INFO: Starting service Catalina
Aug 05, 2015 11:29:00 AM org.apache.catalina.core.StandardEngine startInternal
INFO: Starting Servlet Engine: Apache Tomcat/7.0.63
Aug 05, 2015 11:29:00 AM org.apache.catalina.startup.HostConfig deployWAR
INFO: Deploying web application archive /Users/JKeto/Downloads/apache-tomcat-7.0.63/webapps/jolokia.war
Aug 05, 2015 11:29:00 AM org.apache.catalina.startup.TldConfig execute
INFO: At least one JAR was scanned for TLDs yet contained no TLDs. Enable debug logging for this logger for a complete list of JARs that were scanned but no TLDs were found in them. Skipping unneeded JARs during scanning can improve startup time and JSP compilation time.
Aug 05, 2015 11:29:00 AM org.apache.catalina.startup.HostConfig deployWAR
INFO: Deployment of web application archive /Users/JKeto/Downloads/apache-tomcat-7.0.63/webapps/jolokia.war has finished in 493 ms
Aug 05, 2015 11:29:00 AM org.apache.catalina.startup.HostConfig deployDirectory
INFO: Deploying web application directory /Users/JKeto/Downloads/apache-tomcat-7.0.63/webapps/docs
Aug 05, 2015 11:29:00 AM org.apache.catalina.startup.HostConfig deployDirectory
INFO: Deployment of web application directory /Users/JKeto/Downloads/apache-tomcat-7.0.63/webapps/docs has finished in 99 ms
Aug 05, 2015 11:29:00 AM org.apache.catalina.startup.HostConfig deployDirectory
INFO: Deploying web application directory /Users/JKeto/Downloads/apache-tomcat-7.0.63/webapps/examples
Aug 05, 2015 11:29:01 AM org.apache.catalina.startup.HostConfig deployDirectory
INFO: Deployment of web application directory /Users/JKeto/Downloads/apache-tomcat-7.0.63/webapps/examples has finished in 305 ms
Aug 05, 2015 11:29:01 AM org.apache.catalina.startup.HostConfig deployDirectory
INFO: Deploying web application directory /Users/JKeto/Downloads/apache-tomcat-7.0.63/webapps/host-manager
Aug 05, 2015 11:29:01 AM org.apache.catalina.startup.HostConfig deployDirectory
INFO: Deployment of web application directory /Users/JKeto/Downloads/apache-tomcat-7.0.63/webapps/host-manager has finished in 82 ms
Aug 05, 2015 11:29:01 AM org.apache.catalina.startup.HostConfig deployDirectory
INFO: Deploying web application directory /Users/JKeto/Downloads/apache-tomcat-7.0.63/webapps/manager
Aug 05, 2015 11:29:01 AM org.apache.catalina.startup.HostConfig deployDirectory
INFO: Deployment of web application directory /Users/JKeto/Downloads/apache-tomcat-7.0.63/webapps/manager has finished in 69 ms
Aug 05, 2015 11:29:01 AM org.apache.catalina.startup.HostConfig deployDirectory
INFO: Deploying web application directory /Users/JKeto/Downloads/apache-tomcat-7.0.63/webapps/ROOT
Aug 05, 2015 11:29:01 AM org.apache.catalina.startup.HostConfig deployDirectory
INFO: Deployment of web application directory /Users/JKeto/Downloads/apache-tomcat-7.0.63/webapps/ROOT has finished in 58 ms
Aug 05, 2015 11:29:01 AM org.apache.coyote.AbstractProtocol start
INFO: Starting ProtocolHandler ["http-bio-8080"]
Aug 05, 2015 11:29:01 AM org.apache.coyote.AbstractProtocol start
INFO: Starting ProtocolHandler ["ajp-bio-8009"]
Aug 05, 2015 11:29:01 AM org.apache.catalina.startup.Catalina start
INFO: Server startup in 1179 ms
Aug 05, 2015 11:32:27 AM org.apache.catalina.core.StandardServer await
INFO: A valid shutdown command was received via the shutdown port. Stopping the Server instance.
Aug 05, 2015 11:32:27 AM org.apache.coyote.AbstractProtocol pause
INFO: Pausing ProtocolHandler ["http-bio-8080"]
Aug 05, 2015 11:32:27 AM org.apache.coyote.AbstractProtocol pause
INFO: Pausing ProtocolHandler ["ajp-bio-8009"]
Aug 05, 2015 11:32:27 AM org.apache.catalina.core.StandardService stopInternal
INFO: Stopping service Catalina
Aug 05, 2015 11:32:27 AM org.apache.coyote.AbstractProtocol stop
INFO: Stopping ProtocolHandler ["http-bio-8080"]
Aug 05, 2015 11:32:27 AM org.apache.coyote.AbstractProtocol stop
INFO: Stopping ProtocolHandler ["ajp-bio-8009"]
Aug 05, 2015 11:32:27 AM org.apache.coyote.AbstractProtocol destroy
INFO: Destroying ProtocolHandler ["http-bio-8080"]
Aug 05, 2015 11:32:27 AM org.apache.coyote.AbstractProtocol destroy
INFO: Destroying ProtocolHandler ["ajp-bio-8009"]
Aug 05, 2015 11:32:41 AM org.apache.catalina.startup.VersionLoggerListener log
INFO: Server version:        Apache Tomcat/7.0.63
Aug 05, 2015 11:32:41 AM org.apache.catalina.startup.VersionLoggerListener log
INFO: Server built:          Jun 30 2015 08:08:33 UTC
Aug 05, 2015 11:32:41 AM org.apache.catalina.startup.VersionLoggerListener log
INFO: Server number:         7.0.63.0
Aug 05, 2015 11:32:41 AM org.apache.catalina.startup.VersionLoggerListener log
INFO: OS Name:               Mac OS X
Aug 05, 2015 11:32:41 AM org.apache.catalina.startup.VersionLoggerListener log
INFO: OS Version:            10.10.4
Aug 05, 2015 11:32:41 AM org.apache.catalina.startup.VersionLoggerListener log
INFO: Architecture:          x86_64
Aug 05, 2015 11:32:41 AM org.apache.catalina.startup.VersionLoggerListener log
INFO: Java Home:             /Library/Java/JavaVirtualMachines/jdk1.8.0_45.jdk/Contents/Home/jre
Aug 05, 2015 11:32:41 AM org.apache.catalina.startup.VersionLoggerListener log
INFO: JVM Version:           1.8.0_45-b14
Aug 05, 2015 11:32:41 AM org.apache.catalina.startup.VersionLoggerListener log
INFO: JVM Vendor:            Oracle Corporation
Aug 05, 2015 11:32:41 AM org.apache.catalina.startup.VersionLoggerListener log
INFO: CATALINA_BASE:         /Users/JKeto/Downloads/apache-tomcat-7.0.63
Aug 05, 2015 11:32:41 AM org.apache.catalina.startup.VersionLoggerListener log
INFO: CATALINA_HOME:         /Users/JKeto/Downloads/apache-tomcat-7.0.63
Aug 05, 2015 11:32:41 AM org.apache.catalina.startup.VersionLoggerListener log
INFO: Command line argument: -Djava.util.logging.config.file=/Users/JKeto/Downloads/apache-tomcat-7.0.63/conf/logging.properties
Aug 05, 2015 11:32:41 AM org.apache.catalina.startup.VersionLoggerListener log
INFO: Command line argument: -Djava.util.logging.manager=org.apache.juli.ClassLoaderLogManager
Aug 05, 2015 11:32:41 AM org.apache.catalina.startup.VersionLoggerListener log
INFO: Command line argument: -Djava.endorsed.dirs=/Users/JKeto/Downloads/apache-tomcat-7.0.63/endorsed
Aug 05, 2015 11:32:41 AM org.apache.catalina.startup.VersionLoggerListener log
INFO: Command line argument: -Dcatalina.base=/Users/JKeto/Downloads/apache-tomcat-7.0.63
Aug 05, 2015 11:32:41 AM org.apache.catalina.startup.VersionLoggerListener log
INFO: Command line argument: -Dcatalina.home=/Users/JKeto/Downloads/apache-tomcat-7.0.63
Aug 05, 2015 11:32:41 AM org.apache.catalina.startup.VersionLoggerListener log
INFO: Command line argument: -Djava.io.tmpdir=/Users/JKeto/Downloads/apache-tomcat-7.0.63/temp
Aug 05, 2015 11:32:41 AM org.apache.catalina.core.AprLifecycleListener lifecycleEvent
INFO: The APR based Apache Tomcat Native library which allows optimal performance in production environments was not found on the java.library.path: /Users/JKeto/Library/Java/Extensions:/Library/Java/Extensions:/Network/Library/Java/Extensions:/System/Library/Java/Extensions:/usr/lib/java:.
Aug 05, 2015 11:32:41 AM org.apache.coyote.AbstractProtocol init
INFO: Initializing ProtocolHandler ["http-bio-8080"]
Aug 05, 2015 11:32:41 AM org.apache.coyote.AbstractProtocol init
INFO: Initializing ProtocolHandler ["ajp-bio-8009"]
Aug 05, 2015 11:32:41 AM org.apache.catalina.startup.Catalina load
INFO: Initialization processed in 557 ms
Aug 05, 2015 11:32:41 AM org.apache.catalina.core.StandardService startInternal
INFO: Starting service Catalina
Aug 05, 2015 11:32:41 AM org.apache.catalina.core.StandardEngine startInternal
INFO: Starting Servlet Engine: Apache Tomcat/7.0.63
Aug 05, 2015 11:32:41 AM org.apache.catalina.startup.HostConfig deployWAR
INFO: Deploying web application archive /Users/JKeto/Downloads/apache-tomcat-7.0.63/webapps/jolokia.war
Aug 05, 2015 11:32:42 AM org.apache.catalina.startup.TldConfig execute
INFO: At least one JAR was scanned for TLDs yet contained no TLDs. Enable debug logging for this logger for a complete list of JARs that were scanned but no TLDs were found in them. Skipping unneeded JARs during scanning can improve startup time and JSP compilation time.
Aug 05, 2015 11:32:42 AM org.apache.catalina.startup.HostConfig deployWAR
INFO: Deployment of web application archive /Users/JKeto/Downloads/apache-tomcat-7.0.63/webapps/jolokia.war has finished in 494 ms
Aug 05, 2015 11:32:42 AM org.apache.catalina.startup.HostConfig deployDirectory
INFO: Deploying web application directory /Users/JKeto/Downloads/apache-tomcat-7.0.63/webapps/docs
Aug 05, 2015 11:32:42 AM org.apache.catalina.startup.HostConfig deployDirectory
INFO: Deployment of web application directory /Users/JKeto/Downloads/apache-tomcat-7.0.63/webapps/docs has finished in 75 ms
Aug 05, 2015 11:32:42 AM org.apache.catalina.startup.HostConfig deployDirectory
INFO: Deploying web application directory /Users/JKeto/Downloads/apache-tomcat-7.0.63/webapps/examples
Aug 05, 2015 11:32:42 AM org.apache.catalina.startup.HostConfig deployDirectory
INFO: Deployment of web application directory /Users/JKeto/Downloads/apache-tomcat-7.0.63/webapps/examples has finished in 322 ms
Aug 05, 2015 11:32:42 AM org.apache.catalina.startup.HostConfig deployDirectory
INFO: Deploying web application directory /Users/JKeto/Downloads/apache-tomcat-7.0.63/webapps/host-manager
Aug 05, 2015 11:32:42 AM org.apache.catalina.startup.HostConfig deployDirectory
INFO: Deployment of web application directory /Users/JKeto/Downloads/apache-tomcat-7.0.63/webapps/host-manager has finished in 78 ms
Aug 05, 2015 11:32:42 AM org.apache.catalina.startup.HostConfig deployDirectory
INFO: Deploying web application directory /Users/JKeto/Downloads/apache-tomcat-7.0.63/webapps/manager
Aug 05, 2015 11:32:42 AM org.apache.catalina.startup.HostConfig deployDirectory
INFO: Deployment of web application directory /Users/JKeto/Downloads/apache-tomcat-7.0.63/webapps/manager has finished in 69 ms
Aug 05, 2015 11:32:42 AM org.apache.catalina.startup.HostConfig deployDirectory
INFO: Deploying web application directory /Users/JKeto/Downloads/apache-tomcat-7.0.63/webapps/ROOT
Aug 05, 2015 11:32:42 AM org.apache.catalina.startup.HostConfig deployDirectory
INFO: Deployment of web application directory /Users/JKeto/Downloads/apache-tomcat-7.0.63/webapps/ROOT has finished in 53 ms
Aug 05, 2015 11:32:42 AM org.apache.coyote.AbstractProtocol start
INFO: Starting ProtocolHandler ["http-bio-8080"]
Aug 05, 2015 11:32:42 AM org.apache.coyote.AbstractProtocol start
INFO: Starting ProtocolHandler ["ajp-bio-8009"]
Aug 05, 2015 11:32:42 AM org.apache.catalina.startup.Catalina start
INFO: Server startup in 1160 ms
Aug 05, 2015 12:04:04 PM org.apache.catalina.startup.HostConfig undeploy
INFO: Undeploying context []
Aug 05, 2015 12:04:04 PM org.apache.catalina.loader.WebappClassLoader clearReferencesJdbc
WARNING: JDBC driver de-registration failed for web application []
java.lang.NullPointerException
	at org.apache.catalina.loader.WebappClassLoader.clearReferencesJdbc(WebappClassLoader.java:2073)
	at org.apache.catalina.loader.WebappClassLoader.clearReferences(WebappClassLoader.java:2009)
	at org.apache.catalina.loader.WebappClassLoader.stop(WebappClassLoader.java:1910)
	at org.apache.catalina.loader.WebappLoader.stopInternal(WebappLoader.java:661)
	at org.apache.catalina.util.LifecycleBase.stop(LifecycleBase.java:232)
	at org.apache.catalina.core.StandardContext.stopInternal(StandardContext.java:5769)
	at org.apache.catalina.util.LifecycleBase.stop(LifecycleBase.java:232)
	at org.apache.catalina.core.ContainerBase.removeChild(ContainerBase.java:1027)
	at org.apache.catalina.startup.HostConfig.undeploy(HostConfig.java:1547)
	at org.apache.catalina.startup.HostConfig.checkResources(HostConfig.java:1474)
	at org.apache.catalina.startup.HostConfig.check(HostConfig.java:1695)
	at org.apache.catalina.startup.HostConfig.lifecycleEvent(HostConfig.java:333)
	at org.apache.catalina.util.LifecycleSupport.fireLifecycleEvent(LifecycleSupport.java:117)
	at org.apache.catalina.util.LifecycleBase.fireLifecycleEvent(LifecycleBase.java:90)
	at org.apache.catalina.core.ContainerBase.backgroundProcess(ContainerBase.java:1373)
	at org.apache.catalina.core.ContainerBase$ContainerBackgroundProcessor.processChildren(ContainerBase.java:1545)
	at org.apache.catalina.core.ContainerBase$ContainerBackgroundProcessor.processChildren(ContainerBase.java:1555)
	at org.apache.catalina.core.ContainerBase$ContainerBackgroundProcessor.run(ContainerBase.java:1523)
	at java.lang.Thread.run(Thread.java:745)

Aug 05, 2015 12:04:04 PM org.apache.catalina.startup.HostConfig undeploy
INFO: Undeploying context [/examples]
Aug 05, 2015 12:04:04 PM org.apache.catalina.loader.WebappClassLoader clearReferencesJdbc
WARNING: JDBC driver de-registration failed for web application [/examples]
java.lang.NullPointerException
	at org.apache.catalina.loader.WebappClassLoader.clearReferencesJdbc(WebappClassLoader.java:2073)
	at org.apache.catalina.loader.WebappClassLoader.clearReferences(WebappClassLoader.java:2009)
	at org.apache.catalina.loader.WebappClassLoader.stop(WebappClassLoader.java:1910)
	at org.apache.catalina.loader.WebappLoader.stopInternal(WebappLoader.java:661)
	at org.apache.catalina.util.LifecycleBase.stop(LifecycleBase.java:232)
	at org.apache.catalina.core.StandardContext.stopInternal(StandardContext.java:5769)
	at org.apache.catalina.util.LifecycleBase.stop(LifecycleBase.java:232)
	at org.apache.catalina.core.ContainerBase.removeChild(ContainerBase.java:1027)
	at org.apache.catalina.startup.HostConfig.undeploy(HostConfig.java:1547)
	at org.apache.catalina.startup.HostConfig.checkResources(HostConfig.java:1474)
	at org.apache.catalina.startup.HostConfig.check(HostConfig.java:1695)
	at org.apache.catalina.startup.HostConfig.lifecycleEvent(HostConfig.java:333)
	at org.apache.catalina.util.LifecycleSupport.fireLifecycleEvent(LifecycleSupport.java:117)
	at org.apache.catalina.util.LifecycleBase.fireLifecycleEvent(LifecycleBase.java:90)
	at org.apache.catalina.core.ContainerBase.backgroundProcess(ContainerBase.java:1373)
	at org.apache.catalina.core.ContainerBase$ContainerBackgroundProcessor.processChildren(ContainerBase.java:1545)
	at org.apache.catalina.core.ContainerBase$ContainerBackgroundProcessor.processChildren(ContainerBase.java:1555)
	at org.apache.catalina.core.ContainerBase$ContainerBackgroundProcessor.run(ContainerBase.java:1523)
	at java.lang.Thread.run(Thread.java:745)

Aug 05, 2015 12:04:05 PM org.apache.catalina.startup.HostConfig undeploy
INFO: Undeploying context [/jolokia]
Aug 05, 2015 12:04:05 PM org.apache.catalina.loader.WebappClassLoader clearReferencesJdbc
WARNING: JDBC driver de-registration failed for web application [/jolokia]
java.lang.NullPointerException
	at org.apache.catalina.loader.WebappClassLoader.clearReferencesJdbc(WebappClassLoader.java:2073)
	at org.apache.catalina.loader.WebappClassLoader.clearReferences(WebappClassLoader.java:2009)
	at org.apache.catalina.loader.WebappClassLoader.stop(WebappClassLoader.java:1910)
	at org.apache.catalina.loader.WebappLoader.stopInternal(WebappLoader.java:661)
	at org.apache.catalina.util.LifecycleBase.stop(LifecycleBase.java:232)
	at org.apache.catalina.core.StandardContext.stopInternal(StandardContext.java:5769)
	at org.apache.catalina.util.LifecycleBase.stop(LifecycleBase.java:232)
	at org.apache.catalina.core.ContainerBase.removeChild(ContainerBase.java:1027)
	at org.apache.catalina.startup.HostConfig.undeploy(HostConfig.java:1547)
	at org.apache.catalina.startup.HostConfig.checkResources(HostConfig.java:1474)
	at org.apache.catalina.startup.HostConfig.check(HostConfig.java:1695)
	at org.apache.catalina.startup.HostConfig.lifecycleEvent(HostConfig.java:333)
	at org.apache.catalina.util.LifecycleSupport.fireLifecycleEvent(LifecycleSupport.java:117)
	at org.apache.catalina.util.LifecycleBase.fireLifecycleEvent(LifecycleBase.java:90)
	at org.apache.catalina.core.ContainerBase.backgroundProcess(ContainerBase.java:1373)
	at org.apache.catalina.core.ContainerBase$ContainerBackgroundProcessor.processChildren(ContainerBase.java:1545)
	at org.apache.catalina.core.ContainerBase$ContainerBackgroundProcessor.processChildren(ContainerBase.java:1555)
	at org.apache.catalina.core.ContainerBase$ContainerBackgroundProcessor.run(ContainerBase.java:1523)
	at java.lang.Thread.run(Thread.java:745)

Aug 05, 2015 12:04:05 PM org.apache.catalina.startup.HostConfig undeploy
INFO: Undeploying context [/host-manager]
Aug 05, 2015 12:04:05 PM org.apache.catalina.loader.WebappClassLoader clearReferencesJdbc
WARNING: JDBC driver de-registration failed for web application [/host-manager]
java.lang.NullPointerException
	at org.apache.catalina.loader.WebappClassLoader.clearReferencesJdbc(WebappClassLoader.java:2073)
	at org.apache.catalina.loader.WebappClassLoader.clearReferences(WebappClassLoader.java:2009)
	at org.apache.catalina.loader.WebappClassLoader.stop(WebappClassLoader.java:1910)
	at org.apache.catalina.loader.WebappLoader.stopInternal(WebappLoader.java:661)
	at org.apache.catalina.util.LifecycleBase.stop(LifecycleBase.java:232)
	at org.apache.catalina.core.StandardContext.stopInternal(StandardContext.java:5769)
	at org.apache.catalina.util.LifecycleBase.stop(LifecycleBase.java:232)
	at org.apache.catalina.core.ContainerBase.removeChild(ContainerBase.java:1027)
	at org.apache.catalina.startup.HostConfig.undeploy(HostConfig.java:1547)
	at org.apache.catalina.startup.HostConfig.checkResources(HostConfig.java:1474)
	at org.apache.catalina.startup.HostConfig.check(HostConfig.java:1695)
	at org.apache.catalina.startup.HostConfig.lifecycleEvent(HostConfig.java:333)
	at org.apache.catalina.util.LifecycleSupport.fireLifecycleEvent(LifecycleSupport.java:117)
	at org.apache.catalina.util.LifecycleBase.fireLifecycleEvent(LifecycleBase.java:90)
	at org.apache.catalina.core.ContainerBase.backgroundProcess(ContainerBase.java:1373)
	at org.apache.catalina.core.ContainerBase$ContainerBackgroundProcessor.processChildren(ContainerBase.java:1545)
	at org.apache.catalina.core.ContainerBase$ContainerBackgroundProcessor.processChildren(ContainerBase.java:1555)
	at org.apache.catalina.core.ContainerBase$ContainerBackgroundProcessor.run(ContainerBase.java:1523)
	at java.lang.Thread.run(Thread.java:745)

Aug 05, 2015 12:04:06 PM org.apache.catalina.startup.HostConfig undeploy
INFO: Undeploying context [/manager]
Aug 05, 2015 12:04:06 PM org.apache.catalina.loader.WebappClassLoader clearReferencesJdbc
WARNING: JDBC driver de-registration failed for web application [/manager]
java.lang.NullPointerException
	at org.apache.catalina.loader.WebappClassLoader.clearReferencesJdbc(WebappClassLoader.java:2073)
	at org.apache.catalina.loader.WebappClassLoader.clearReferences(WebappClassLoader.java:2009)
	at org.apache.catalina.loader.WebappClassLoader.stop(WebappClassLoader.java:1910)
	at org.apache.catalina.loader.WebappLoader.stopInternal(WebappLoader.java:661)
	at org.apache.catalina.util.LifecycleBase.stop(LifecycleBase.java:232)
	at org.apache.catalina.core.StandardContext.stopInternal(StandardContext.java:5769)
	at org.apache.catalina.util.LifecycleBase.stop(LifecycleBase.java:232)
	at org.apache.catalina.core.ContainerBase.removeChild(ContainerBase.java:1027)
	at org.apache.catalina.startup.HostConfig.undeploy(HostConfig.java:1547)
	at org.apache.catalina.startup.HostConfig.checkResources(HostConfig.java:1474)
	at org.apache.catalina.startup.HostConfig.check(HostConfig.java:1695)
	at org.apache.catalina.startup.HostConfig.lifecycleEvent(HostConfig.java:333)
	at org.apache.catalina.util.LifecycleSupport.fireLifecycleEvent(LifecycleSupport.java:117)
	at org.apache.catalina.util.LifecycleBase.fireLifecycleEvent(LifecycleBase.java:90)
	at org.apache.catalina.core.ContainerBase.backgroundProcess(ContainerBase.java:1373)
	at org.apache.catalina.core.ContainerBase$ContainerBackgroundProcessor.processChildren(ContainerBase.java:1545)
	at org.apache.catalina.core.ContainerBase$ContainerBackgroundProcessor.processChildren(ContainerBase.java:1555)
	at org.apache.catalina.core.ContainerBase$ContainerBackgroundProcessor.run(ContainerBase.java:1523)
	at java.lang.Thread.run(Thread.java:745)

Aug 05, 2015 12:04:06 PM org.apache.catalina.startup.HostConfig undeploy
INFO: Undeploying context [/docs]
Aug 05, 2015 12:04:06 PM org.apache.catalina.loader.WebappClassLoader clearReferencesJdbc
WARNING: JDBC driver de-registration failed for web application [/docs]
java.lang.NullPointerException
	at org.apache.catalina.loader.WebappClassLoader.clearReferencesJdbc(WebappClassLoader.java:2073)
	at org.apache.catalina.loader.WebappClassLoader.clearReferences(WebappClassLoader.java:2009)
	at org.apache.catalina.loader.WebappClassLoader.stop(WebappClassLoader.java:1910)
	at org.apache.catalina.loader.WebappLoader.stopInternal(WebappLoader.java:661)
	at org.apache.catalina.util.LifecycleBase.stop(LifecycleBase.java:232)
	at org.apache.catalina.core.StandardContext.stopInternal(StandardContext.java:5769)
	at org.apache.catalina.util.LifecycleBase.stop(LifecycleBase.java:232)
	at org.apache.catalina.core.ContainerBase.removeChild(ContainerBase.java:1027)
	at org.apache.catalina.startup.HostConfig.undeploy(HostConfig.java:1547)
	at org.apache.catalina.startup.HostConfig.checkResources(HostConfig.java:1474)
	at org.apache.catalina.startup.HostConfig.check(HostConfig.java:1695)
	at org.apache.catalina.startup.HostConfig.lifecycleEvent(HostConfig.java:333)
	at org.apache.catalina.util.LifecycleSupport.fireLifecycleEvent(LifecycleSupport.java:117)
	at org.apache.catalina.util.LifecycleBase.fireLifecycleEvent(LifecycleBase.java:90)
	at org.apache.catalina.core.ContainerBase.backgroundProcess(ContainerBase.java:1373)
	at org.apache.catalina.core.ContainerBase$ContainerBackgroundProcessor.processChildren(ContainerBase.java:1545)
	at org.apache.catalina.core.ContainerBase$ContainerBackgroundProcessor.processChildren(ContainerBase.java:1555)
	at org.apache.catalina.core.ContainerBase$ContainerBackgroundProcessor.run(ContainerBase.java:1523)
	at java.lang.Thread.run(Thread.java:745)

