Aug 20, 2015 4:20:37 PM org.apache.catalina.startup.HostConfig undeploy
INFO: Undeploying context [/jolokia]
Aug 20, 2015 4:20:37 PM org.apache.catalina.core.StandardWrapper unload
INFO: Waiting for 5 instance(s) to be deallocated for Servlet [jolokia-agent]
Aug 20, 2015 4:20:37 PM org.apache.catalina.loader.WebappClassLoader clearReferencesThreads
SEVERE: The web application [/jolokia] appears to have started a thread named [http-bio-8080-exec-2036] but has failed to stop it. This is very likely to create a memory leak.
Aug 20, 2015 4:20:37 PM org.apache.catalina.loader.WebappClassLoader clearReferencesThreads
SEVERE: The web application [/jolokia] appears to have started a thread named [http-bio-8080-exec-2049] but has failed to stop it. This is very likely to create a memory leak.
Aug 20, 2015 4:20:37 PM org.apache.catalina.loader.WebappClassLoader clearReferencesThreads
SEVERE: The web application [/jolokia] appears to have started a thread named [http-bio-8080-exec-2053] but has failed to stop it. This is very likely to create a memory leak.
Aug 20, 2015 4:20:37 PM org.apache.catalina.loader.WebappClassLoader clearReferencesThreads
SEVERE: The web application [/jolokia] appears to have started a thread named [http-bio-8080-exec-2055] but has failed to stop it. This is very likely to create a memory leak.
Aug 20, 2015 4:20:37 PM org.apache.catalina.loader.WebappClassLoader clearReferencesThreads
SEVERE: The web application [/jolokia] appears to have started a thread named [http-bio-8080-exec-2056] but has failed to stop it. This is very likely to create a memory leak.
Aug 20, 2015 4:20:37 PM org.apache.catalina.loader.WebappClassLoader clearReferencesThreads
SEVERE: The web application [/jolokia] appears to have started a thread named [http-bio-8080-exec-2057] but has failed to stop it. This is very likely to create a memory leak.
Aug 20, 2015 4:20:37 PM org.apache.catalina.startup.HostConfig deployWAR
INFO: Deploying web application archive /Users/JKeto/Documents/Development/fufuka/apache-tomcat-7.0.63/webapps/subiri.war
Aug 20, 2015 4:20:37 PM org.apache.catalina.startup.TldConfig execute
INFO: At least one JAR was scanned for TLDs yet contained no TLDs. Enable debug logging for this logger for a complete list of JARs that were scanned but no TLDs were found in them. Skipping unneeded JARs during scanning can improve startup time and JSP compilation time.
Aug 20, 2015 4:20:37 PM org.apache.catalina.startup.HostConfig deployWAR
INFO: Deployment of web application archive /Users/JKeto/Documents/Development/fufuka/apache-tomcat-7.0.63/webapps/subiri.war has finished in 145 ms
Aug 20, 2015 4:20:47 PM org.apache.catalina.core.StandardServer await
INFO: A valid shutdown command was received via the shutdown port. Stopping the Server instance.
Aug 20, 2015 4:20:47 PM org.apache.coyote.AbstractProtocol pause
INFO: Pausing ProtocolHandler ["http-bio-8080"]
Aug 20, 2015 4:20:47 PM org.apache.coyote.AbstractProtocol pause
INFO: Pausing ProtocolHandler ["ajp-bio-8009"]
Aug 20, 2015 4:20:47 PM org.apache.coyote.AbstractProtocol pause
INFO: Pausing ProtocolHandler ["http-bio-8080"]
Aug 20, 2015 4:20:47 PM org.apache.catalina.core.StandardService stopInternal
INFO: Stopping service Catalina
Aug 20, 2015 4:20:47 PM org.apache.coyote.AbstractProtocol stop
INFO: Stopping ProtocolHandler ["http-bio-8080"]
Aug 20, 2015 4:20:47 PM org.apache.coyote.AbstractProtocol stop
INFO: Stopping ProtocolHandler ["ajp-bio-8009"]
Aug 20, 2015 4:20:47 PM org.apache.coyote.AbstractProtocol destroy
INFO: Destroying ProtocolHandler ["http-bio-8080"]
Aug 20, 2015 4:20:47 PM org.apache.coyote.AbstractProtocol destroy
INFO: Destroying ProtocolHandler ["ajp-bio-8009"]
Aug 20, 2015 4:20:47 PM org.apache.coyote.AbstractProtocol stop
INFO: Stopping ProtocolHandler ["http-bio-8080"]
Aug 20, 2015 4:20:47 PM org.apache.coyote.AbstractProtocol destroy
INFO: Destroying ProtocolHandler ["http-bio-8080"]
Aug 20, 2015 4:20:47 PM org.apache.catalina.util.LifecycleMBeanBase unregister
WARNING: Failed to unregister MBean with name [Catalina:type=Connector,port=8080] during component destruction
javax.management.InstanceNotFoundException: Catalina:type=Connector,port=8080
	at com.sun.jmx.interceptor.DefaultMBeanServerInterceptor.getMBean(DefaultMBeanServerInterceptor.java:1095)
	at com.sun.jmx.interceptor.DefaultMBeanServerInterceptor.exclusiveUnregisterMBean(DefaultMBeanServerInterceptor.java:427)
	at com.sun.jmx.interceptor.DefaultMBeanServerInterceptor.unregisterMBean(DefaultMBeanServerInterceptor.java:415)
	at com.sun.jmx.mbeanserver.JmxMBeanServer.unregisterMBean(JmxMBeanServer.java:546)
	at org.apache.catalina.util.LifecycleMBeanBase.unregister(LifecycleMBeanBase.java:194)
	at org.apache.catalina.util.LifecycleMBeanBase.destroyInternal(LifecycleMBeanBase.java:73)
	at org.apache.catalina.connector.Connector.destroyInternal(Connector.java:1061)
	at org.apache.catalina.util.LifecycleBase.destroy(LifecycleBase.java:305)
	at org.apache.catalina.core.StandardService.destroyInternal(StandardService.java:578)
	at org.apache.catalina.util.LifecycleBase.destroy(LifecycleBase.java:305)
	at org.apache.catalina.core.StandardServer.destroyInternal(StandardServer.java:829)
	at org.apache.catalina.util.LifecycleBase.destroy(LifecycleBase.java:305)
	at org.apache.catalina.startup.Catalina.stop(Catalina.java:763)
	at org.apache.catalina.startup.Catalina.start(Catalina.java:724)
	at sun.reflect.NativeMethodAccessorImpl.invoke0(Native Method)
	at sun.reflect.NativeMethodAccessorImpl.invoke(NativeMethodAccessorImpl.java:62)
	at sun.reflect.DelegatingMethodAccessorImpl.invoke(DelegatingMethodAccessorImpl.java:43)
	at java.lang.reflect.Method.invoke(Method.java:497)
	at org.apache.catalina.startup.Bootstrap.start(Bootstrap.java:321)
	at org.apache.catalina.startup.Bootstrap.main(Bootstrap.java:455)

Aug 20, 2015 4:20:59 PM org.apache.catalina.startup.SetAllPropertiesRule begin
WARNING: [SetAllPropertiesRule]{Server/Service/Connector} Setting property 'maxSpareThreads' to '75' did not find a matching property.
Aug 20, 2015 4:20:59 PM org.apache.catalina.startup.VersionLoggerListener log
INFO: Server version:        Apache Tomcat/7.0.63
Aug 20, 2015 4:20:59 PM org.apache.catalina.startup.VersionLoggerListener log
INFO: Server built:          Jun 30 2015 08:08:33 UTC
Aug 20, 2015 4:20:59 PM org.apache.catalina.startup.VersionLoggerListener log
INFO: Server number:         7.0.63.0
Aug 20, 2015 4:20:59 PM org.apache.catalina.startup.VersionLoggerListener log
INFO: OS Name:               Mac OS X
Aug 20, 2015 4:20:59 PM org.apache.catalina.startup.VersionLoggerListener log
INFO: OS Version:            10.10.4
Aug 20, 2015 4:20:59 PM org.apache.catalina.startup.VersionLoggerListener log
INFO: Architecture:          x86_64
Aug 20, 2015 4:20:59 PM org.apache.catalina.startup.VersionLoggerListener log
INFO: Java Home:             /Library/Java/JavaVirtualMachines/jdk1.8.0_45.jdk/Contents/Home/jre
Aug 20, 2015 4:20:59 PM org.apache.catalina.startup.VersionLoggerListener log
INFO: JVM Version:           1.8.0_45-b14
Aug 20, 2015 4:20:59 PM org.apache.catalina.startup.VersionLoggerListener log
INFO: JVM Vendor:            Oracle Corporation
Aug 20, 2015 4:20:59 PM org.apache.catalina.startup.VersionLoggerListener log
INFO: CATALINA_BASE:         /Users/JKeto/Documents/Development/fufuka/apache-tomcat-7.0.63
Aug 20, 2015 4:20:59 PM org.apache.catalina.startup.VersionLoggerListener log
INFO: CATALINA_HOME:         /Users/JKeto/Documents/Development/fufuka/apache-tomcat-7.0.63
Aug 20, 2015 4:20:59 PM org.apache.catalina.startup.VersionLoggerListener log
INFO: Command line argument: -Djava.util.logging.config.file=/Users/JKeto/Documents/Development/fufuka/apache-tomcat-7.0.63/conf/logging.properties
Aug 20, 2015 4:20:59 PM org.apache.catalina.startup.VersionLoggerListener log
INFO: Command line argument: -Djava.util.logging.manager=org.apache.juli.ClassLoaderLogManager
Aug 20, 2015 4:20:59 PM org.apache.catalina.startup.VersionLoggerListener log
INFO: Command line argument: -Djava.endorsed.dirs=/Users/JKeto/Documents/Development/fufuka/apache-tomcat-7.0.63/endorsed
Aug 20, 2015 4:20:59 PM org.apache.catalina.startup.VersionLoggerListener log
INFO: Command line argument: -Dcatalina.base=/Users/JKeto/Documents/Development/fufuka/apache-tomcat-7.0.63
Aug 20, 2015 4:20:59 PM org.apache.catalina.startup.VersionLoggerListener log
INFO: Command line argument: -Dcatalina.home=/Users/JKeto/Documents/Development/fufuka/apache-tomcat-7.0.63
Aug 20, 2015 4:20:59 PM org.apache.catalina.startup.VersionLoggerListener log
INFO: Command line argument: -Djava.io.tmpdir=/Users/JKeto/Documents/Development/fufuka/apache-tomcat-7.0.63/temp
Aug 20, 2015 4:20:59 PM org.apache.catalina.core.AprLifecycleListener lifecycleEvent
INFO: The APR based Apache Tomcat Native library which allows optimal performance in production environments was not found on the java.library.path: /Users/JKeto/Library/Java/Extensions:/Library/Java/Extensions:/Network/Library/Java/Extensions:/System/Library/Java/Extensions:/usr/lib/java:.
Aug 20, 2015 4:20:59 PM org.apache.coyote.AbstractProtocol init
INFO: Initializing ProtocolHandler ["http-bio-8080"]
Aug 20, 2015 4:20:59 PM org.apache.coyote.AbstractProtocol init
INFO: Initializing ProtocolHandler ["ajp-bio-8009"]
Aug 20, 2015 4:20:59 PM org.apache.coyote.AbstractProtocol init
INFO: Initializing ProtocolHandler ["http-bio-8080"]
Aug 20, 2015 4:20:59 PM org.apache.coyote.AbstractProtocol init
SEVERE: Failed to initialize end point associated with ProtocolHandler ["http-bio-8080"]
java.net.BindException: Address already in use <null>:8080
	at org.apache.tomcat.util.net.JIoEndpoint.bind(JIoEndpoint.java:413)
	at org.apache.tomcat.util.net.AbstractEndpoint.init(AbstractEndpoint.java:649)
	at org.apache.coyote.AbstractProtocol.init(AbstractProtocol.java:434)
	at org.apache.coyote.http11.AbstractHttp11JsseProtocol.init(AbstractHttp11JsseProtocol.java:119)
	at org.apache.catalina.connector.Connector.initInternal(Connector.java:978)
	at org.apache.catalina.util.LifecycleBase.init(LifecycleBase.java:102)
	at org.apache.catalina.core.StandardService.initInternal(StandardService.java:559)
	at org.apache.catalina.util.LifecycleBase.init(LifecycleBase.java:102)
	at org.apache.catalina.core.StandardServer.initInternal(StandardServer.java:821)
	at org.apache.catalina.util.LifecycleBase.init(LifecycleBase.java:102)
	at org.apache.catalina.startup.Catalina.load(Catalina.java:638)
	at org.apache.catalina.startup.Catalina.load(Catalina.java:663)
	at sun.reflect.NativeMethodAccessorImpl.invoke0(Native Method)
	at sun.reflect.NativeMethodAccessorImpl.invoke(NativeMethodAccessorImpl.java:62)
	at sun.reflect.DelegatingMethodAccessorImpl.invoke(DelegatingMethodAccessorImpl.java:43)
	at java.lang.reflect.Method.invoke(Method.java:497)
	at org.apache.catalina.startup.Bootstrap.load(Bootstrap.java:280)
	at org.apache.catalina.startup.Bootstrap.main(Bootstrap.java:454)
Caused by: java.net.BindException: Address already in use
	at java.net.PlainSocketImpl.socketBind(Native Method)
	at java.net.AbstractPlainSocketImpl.bind(AbstractPlainSocketImpl.java:382)
	at java.net.ServerSocket.bind(ServerSocket.java:375)
	at java.net.ServerSocket.<init>(ServerSocket.java:237)
	at java.net.ServerSocket.<init>(ServerSocket.java:181)
	at org.apache.tomcat.util.net.DefaultServerSocketFactory.createSocket(DefaultServerSocketFactory.java:49)
	at org.apache.tomcat.util.net.JIoEndpoint.bind(JIoEndpoint.java:400)
	... 17 more

Aug 20, 2015 4:20:59 PM org.apache.catalina.core.StandardService initInternal
SEVERE: Failed to initialize connector [Connector[HTTP/1.1-8080]]
org.apache.catalina.LifecycleException: Failed to initialize component [Connector[HTTP/1.1-8080]]
	at org.apache.catalina.util.LifecycleBase.init(LifecycleBase.java:106)
	at org.apache.catalina.core.StandardService.initInternal(StandardService.java:559)
	at org.apache.catalina.util.LifecycleBase.init(LifecycleBase.java:102)
	at org.apache.catalina.core.StandardServer.initInternal(StandardServer.java:821)
	at org.apache.catalina.util.LifecycleBase.init(LifecycleBase.java:102)
	at org.apache.catalina.startup.Catalina.load(Catalina.java:638)
	at org.apache.catalina.startup.Catalina.load(Catalina.java:663)
	at sun.reflect.NativeMethodAccessorImpl.invoke0(Native Method)
	at sun.reflect.NativeMethodAccessorImpl.invoke(NativeMethodAccessorImpl.java:62)
	at sun.reflect.DelegatingMethodAccessorImpl.invoke(DelegatingMethodAccessorImpl.java:43)
	at java.lang.reflect.Method.invoke(Method.java:497)
	at org.apache.catalina.startup.Bootstrap.load(Bootstrap.java:280)
	at org.apache.catalina.startup.Bootstrap.main(Bootstrap.java:454)
Caused by: org.apache.catalina.LifecycleException: Protocol handler initialization failed
	at org.apache.catalina.connector.Connector.initInternal(Connector.java:980)
	at org.apache.catalina.util.LifecycleBase.init(LifecycleBase.java:102)
	... 12 more
Caused by: java.net.BindException: Address already in use <null>:8080
	at org.apache.tomcat.util.net.JIoEndpoint.bind(JIoEndpoint.java:413)
	at org.apache.tomcat.util.net.AbstractEndpoint.init(AbstractEndpoint.java:649)
	at org.apache.coyote.AbstractProtocol.init(AbstractProtocol.java:434)
	at org.apache.coyote.http11.AbstractHttp11JsseProtocol.init(AbstractHttp11JsseProtocol.java:119)
	at org.apache.catalina.connector.Connector.initInternal(Connector.java:978)
	... 13 more
Caused by: java.net.BindException: Address already in use
	at java.net.PlainSocketImpl.socketBind(Native Method)
	at java.net.AbstractPlainSocketImpl.bind(AbstractPlainSocketImpl.java:382)
	at java.net.ServerSocket.bind(ServerSocket.java:375)
	at java.net.ServerSocket.<init>(ServerSocket.java:237)
	at java.net.ServerSocket.<init>(ServerSocket.java:181)
	at org.apache.tomcat.util.net.DefaultServerSocketFactory.createSocket(DefaultServerSocketFactory.java:49)
	at org.apache.tomcat.util.net.JIoEndpoint.bind(JIoEndpoint.java:400)
	... 17 more

Aug 20, 2015 4:20:59 PM org.apache.catalina.startup.Catalina load
INFO: Initialization processed in 582 ms
Aug 20, 2015 4:21:00 PM org.apache.catalina.core.StandardService startInternal
INFO: Starting service Catalina
Aug 20, 2015 4:21:00 PM org.apache.catalina.core.StandardEngine startInternal
INFO: Starting Servlet Engine: Apache Tomcat/7.0.63
Aug 20, 2015 4:21:00 PM org.apache.catalina.startup.HostConfig deployWAR
INFO: Deploying web application archive /Users/JKeto/Documents/Development/fufuka/apache-tomcat-7.0.63/webapps/subiri.war
Aug 20, 2015 4:21:00 PM org.apache.catalina.startup.TldConfig execute
INFO: At least one JAR was scanned for TLDs yet contained no TLDs. Enable debug logging for this logger for a complete list of JARs that were scanned but no TLDs were found in them. Skipping unneeded JARs during scanning can improve startup time and JSP compilation time.
Aug 20, 2015 4:21:00 PM org.apache.catalina.startup.HostConfig deployWAR
INFO: Deployment of web application archive /Users/JKeto/Documents/Development/fufuka/apache-tomcat-7.0.63/webapps/subiri.war has finished in 505 ms
Aug 20, 2015 4:21:00 PM org.apache.catalina.startup.HostConfig deployDirectory
INFO: Deploying web application directory /Users/JKeto/Documents/Development/fufuka/apache-tomcat-7.0.63/webapps/docs
Aug 20, 2015 4:21:00 PM org.apache.catalina.startup.HostConfig deployDirectory
INFO: Deployment of web application directory /Users/JKeto/Documents/Development/fufuka/apache-tomcat-7.0.63/webapps/docs has finished in 81 ms
Aug 20, 2015 4:21:00 PM org.apache.catalina.startup.HostConfig deployDirectory
INFO: Deploying web application directory /Users/JKeto/Documents/Development/fufuka/apache-tomcat-7.0.63/webapps/examples
Aug 20, 2015 4:21:00 PM org.apache.catalina.startup.HostConfig deployDirectory
INFO: Deployment of web application directory /Users/JKeto/Documents/Development/fufuka/apache-tomcat-7.0.63/webapps/examples has finished in 316 ms
Aug 20, 2015 4:21:00 PM org.apache.catalina.startup.HostConfig deployDirectory
INFO: Deploying web application directory /Users/JKeto/Documents/Development/fufuka/apache-tomcat-7.0.63/webapps/host-manager
Aug 20, 2015 4:21:01 PM org.apache.catalina.startup.HostConfig deployDirectory
INFO: Deployment of web application directory /Users/JKeto/Documents/Development/fufuka/apache-tomcat-7.0.63/webapps/host-manager has finished in 142 ms
Aug 20, 2015 4:21:01 PM org.apache.catalina.startup.HostConfig deployDirectory
INFO: Deploying web application directory /Users/JKeto/Documents/Development/fufuka/apache-tomcat-7.0.63/webapps/manager
Aug 20, 2015 4:21:01 PM org.apache.catalina.startup.HostConfig deployDirectory
INFO: Deployment of web application directory /Users/JKeto/Documents/Development/fufuka/apache-tomcat-7.0.63/webapps/manager has finished in 63 ms
Aug 20, 2015 4:21:01 PM org.apache.catalina.startup.HostConfig deployDirectory
INFO: Deploying web application directory /Users/JKeto/Documents/Development/fufuka/apache-tomcat-7.0.63/webapps/ROOT
Aug 20, 2015 4:21:01 PM org.apache.catalina.startup.HostConfig deployDirectory
INFO: Deployment of web application directory /Users/JKeto/Documents/Development/fufuka/apache-tomcat-7.0.63/webapps/ROOT has finished in 51 ms
Aug 20, 2015 4:21:01 PM org.apache.coyote.AbstractProtocol start
INFO: Starting ProtocolHandler ["http-bio-8080"]
Aug 20, 2015 4:21:01 PM org.apache.coyote.AbstractProtocol start
INFO: Starting ProtocolHandler ["ajp-bio-8009"]
Aug 20, 2015 4:21:01 PM org.apache.catalina.startup.Catalina start
INFO: Server startup in 1230 ms
Aug 20, 2015 4:21:31 PM org.apache.catalina.startup.HostConfig undeploy
INFO: Undeploying context [/subiri]
Aug 20, 2015 4:21:31 PM org.apache.catalina.startup.HostConfig deployWAR
INFO: Deploying web application archive /Users/JKeto/Documents/Development/fufuka/apache-tomcat-7.0.63/webapps/jolokia.war
Aug 20, 2015 4:21:31 PM org.apache.catalina.startup.TldConfig execute
INFO: At least one JAR was scanned for TLDs yet contained no TLDs. Enable debug logging for this logger for a complete list of JARs that were scanned but no TLDs were found in them. Skipping unneeded JARs during scanning can improve startup time and JSP compilation time.
Aug 20, 2015 4:21:31 PM org.apache.catalina.startup.HostConfig deployWAR
INFO: Deployment of web application archive /Users/JKeto/Documents/Development/fufuka/apache-tomcat-7.0.63/webapps/jolokia.war has finished in 223 ms
Aug 20, 2015 4:21:37 PM org.apache.catalina.core.StandardServer await
INFO: A valid shutdown command was received via the shutdown port. Stopping the Server instance.
Aug 20, 2015 4:21:37 PM org.apache.coyote.AbstractProtocol pause
INFO: Pausing ProtocolHandler ["http-bio-8080"]
Aug 20, 2015 4:21:37 PM org.apache.coyote.AbstractProtocol pause
INFO: Pausing ProtocolHandler ["ajp-bio-8009"]
Aug 20, 2015 4:21:38 PM org.apache.coyote.AbstractProtocol pause
INFO: Pausing ProtocolHandler ["http-bio-8080"]
Aug 20, 2015 4:21:38 PM org.apache.catalina.core.StandardService stopInternal
INFO: Stopping service Catalina
Aug 20, 2015 4:21:38 PM org.apache.coyote.AbstractProtocol stop
INFO: Stopping ProtocolHandler ["http-bio-8080"]
Aug 20, 2015 4:21:38 PM org.apache.coyote.AbstractProtocol stop
INFO: Stopping ProtocolHandler ["ajp-bio-8009"]
Aug 20, 2015 4:21:38 PM org.apache.coyote.AbstractProtocol destroy
INFO: Destroying ProtocolHandler ["http-bio-8080"]
Aug 20, 2015 4:21:38 PM org.apache.coyote.AbstractProtocol destroy
INFO: Destroying ProtocolHandler ["ajp-bio-8009"]
Aug 20, 2015 4:21:38 PM org.apache.coyote.AbstractProtocol stop
INFO: Stopping ProtocolHandler ["http-bio-8080"]
Aug 20, 2015 4:21:38 PM org.apache.coyote.AbstractProtocol destroy
INFO: Destroying ProtocolHandler ["http-bio-8080"]
Aug 20, 2015 4:21:38 PM org.apache.catalina.util.LifecycleMBeanBase unregister
WARNING: Failed to unregister MBean with name [Catalina:type=Connector,port=8080] during component destruction
javax.management.InstanceNotFoundException: Catalina:type=Connector,port=8080
	at com.sun.jmx.interceptor.DefaultMBeanServerInterceptor.getMBean(DefaultMBeanServerInterceptor.java:1095)
	at com.sun.jmx.interceptor.DefaultMBeanServerInterceptor.exclusiveUnregisterMBean(DefaultMBeanServerInterceptor.java:427)
	at com.sun.jmx.interceptor.DefaultMBeanServerInterceptor.unregisterMBean(DefaultMBeanServerInterceptor.java:415)
	at com.sun.jmx.mbeanserver.JmxMBeanServer.unregisterMBean(JmxMBeanServer.java:546)
	at org.apache.catalina.util.LifecycleMBeanBase.unregister(LifecycleMBeanBase.java:194)
	at org.apache.catalina.util.LifecycleMBeanBase.destroyInternal(LifecycleMBeanBase.java:73)
	at org.apache.catalina.connector.Connector.destroyInternal(Connector.java:1061)
	at org.apache.catalina.util.LifecycleBase.destroy(LifecycleBase.java:305)
	at org.apache.catalina.core.StandardService.destroyInternal(StandardService.java:578)
	at org.apache.catalina.util.LifecycleBase.destroy(LifecycleBase.java:305)
	at org.apache.catalina.core.StandardServer.destroyInternal(StandardServer.java:829)
	at org.apache.catalina.util.LifecycleBase.destroy(LifecycleBase.java:305)
	at org.apache.catalina.startup.Catalina.stop(Catalina.java:763)
	at org.apache.catalina.startup.Catalina.start(Catalina.java:724)
	at sun.reflect.NativeMethodAccessorImpl.invoke0(Native Method)
	at sun.reflect.NativeMethodAccessorImpl.invoke(NativeMethodAccessorImpl.java:62)
	at sun.reflect.DelegatingMethodAccessorImpl.invoke(DelegatingMethodAccessorImpl.java:43)
	at java.lang.reflect.Method.invoke(Method.java:497)
	at org.apache.catalina.startup.Bootstrap.start(Bootstrap.java:321)
	at org.apache.catalina.startup.Bootstrap.main(Bootstrap.java:455)

Aug 20, 2015 4:21:40 PM org.apache.catalina.startup.SetAllPropertiesRule begin
WARNING: [SetAllPropertiesRule]{Server/Service/Connector} Setting property 'maxSpareThreads' to '75' did not find a matching property.
Aug 20, 2015 4:21:40 PM org.apache.catalina.startup.VersionLoggerListener log
INFO: Server version:        Apache Tomcat/7.0.63
Aug 20, 2015 4:21:40 PM org.apache.catalina.startup.VersionLoggerListener log
INFO: Server built:          Jun 30 2015 08:08:33 UTC
Aug 20, 2015 4:21:40 PM org.apache.catalina.startup.VersionLoggerListener log
INFO: Server number:         7.0.63.0
Aug 20, 2015 4:21:40 PM org.apache.catalina.startup.VersionLoggerListener log
INFO: OS Name:               Mac OS X
Aug 20, 2015 4:21:40 PM org.apache.catalina.startup.VersionLoggerListener log
INFO: OS Version:            10.10.4
Aug 20, 2015 4:21:40 PM org.apache.catalina.startup.VersionLoggerListener log
INFO: Architecture:          x86_64
Aug 20, 2015 4:21:40 PM org.apache.catalina.startup.VersionLoggerListener log
INFO: Java Home:             /Library/Java/JavaVirtualMachines/jdk1.8.0_45.jdk/Contents/Home/jre
Aug 20, 2015 4:21:40 PM org.apache.catalina.startup.VersionLoggerListener log
INFO: JVM Version:           1.8.0_45-b14
Aug 20, 2015 4:21:40 PM org.apache.catalina.startup.VersionLoggerListener log
INFO: JVM Vendor:            Oracle Corporation
Aug 20, 2015 4:21:40 PM org.apache.catalina.startup.VersionLoggerListener log
INFO: CATALINA_BASE:         /Users/JKeto/Documents/Development/fufuka/apache-tomcat-7.0.63
Aug 20, 2015 4:21:40 PM org.apache.catalina.startup.VersionLoggerListener log
INFO: CATALINA_HOME:         /Users/JKeto/Documents/Development/fufuka/apache-tomcat-7.0.63
Aug 20, 2015 4:21:40 PM org.apache.catalina.startup.VersionLoggerListener log
INFO: Command line argument: -Djava.util.logging.config.file=/Users/JKeto/Documents/Development/fufuka/apache-tomcat-7.0.63/conf/logging.properties
Aug 20, 2015 4:21:40 PM org.apache.catalina.startup.VersionLoggerListener log
INFO: Command line argument: -Djava.util.logging.manager=org.apache.juli.ClassLoaderLogManager
Aug 20, 2015 4:21:40 PM org.apache.catalina.startup.VersionLoggerListener log
INFO: Command line argument: -Djava.endorsed.dirs=/Users/JKeto/Documents/Development/fufuka/apache-tomcat-7.0.63/endorsed
Aug 20, 2015 4:21:40 PM org.apache.catalina.startup.VersionLoggerListener log
INFO: Command line argument: -Dcatalina.base=/Users/JKeto/Documents/Development/fufuka/apache-tomcat-7.0.63
Aug 20, 2015 4:21:40 PM org.apache.catalina.startup.VersionLoggerListener log
INFO: Command line argument: -Dcatalina.home=/Users/JKeto/Documents/Development/fufuka/apache-tomcat-7.0.63
Aug 20, 2015 4:21:40 PM org.apache.catalina.startup.VersionLoggerListener log
INFO: Command line argument: -Djava.io.tmpdir=/Users/JKeto/Documents/Development/fufuka/apache-tomcat-7.0.63/temp
Aug 20, 2015 4:21:40 PM org.apache.catalina.core.AprLifecycleListener lifecycleEvent
INFO: The APR based Apache Tomcat Native library which allows optimal performance in production environments was not found on the java.library.path: /Users/JKeto/Library/Java/Extensions:/Library/Java/Extensions:/Network/Library/Java/Extensions:/System/Library/Java/Extensions:/usr/lib/java:.
Aug 20, 2015 4:21:40 PM org.apache.coyote.AbstractProtocol init
INFO: Initializing ProtocolHandler ["http-bio-8080"]
Aug 20, 2015 4:21:40 PM org.apache.coyote.AbstractProtocol init
INFO: Initializing ProtocolHandler ["ajp-bio-8009"]
Aug 20, 2015 4:21:40 PM org.apache.coyote.AbstractProtocol init
INFO: Initializing ProtocolHandler ["http-bio-8080"]
Aug 20, 2015 4:21:40 PM org.apache.coyote.AbstractProtocol init
SEVERE: Failed to initialize end point associated with ProtocolHandler ["http-bio-8080"]
java.net.BindException: Address already in use <null>:8080
	at org.apache.tomcat.util.net.JIoEndpoint.bind(JIoEndpoint.java:413)
	at org.apache.tomcat.util.net.AbstractEndpoint.init(AbstractEndpoint.java:649)
	at org.apache.coyote.AbstractProtocol.init(AbstractProtocol.java:434)
	at org.apache.coyote.http11.AbstractHttp11JsseProtocol.init(AbstractHttp11JsseProtocol.java:119)
	at org.apache.catalina.connector.Connector.initInternal(Connector.java:978)
	at org.apache.catalina.util.LifecycleBase.init(LifecycleBase.java:102)
	at org.apache.catalina.core.StandardService.initInternal(StandardService.java:559)
	at org.apache.catalina.util.LifecycleBase.init(LifecycleBase.java:102)
	at org.apache.catalina.core.StandardServer.initInternal(StandardServer.java:821)
	at org.apache.catalina.util.LifecycleBase.init(LifecycleBase.java:102)
	at org.apache.catalina.startup.Catalina.load(Catalina.java:638)
	at org.apache.catalina.startup.Catalina.load(Catalina.java:663)
	at sun.reflect.NativeMethodAccessorImpl.invoke0(Native Method)
	at sun.reflect.NativeMethodAccessorImpl.invoke(NativeMethodAccessorImpl.java:62)
	at sun.reflect.DelegatingMethodAccessorImpl.invoke(DelegatingMethodAccessorImpl.java:43)
	at java.lang.reflect.Method.invoke(Method.java:497)
	at org.apache.catalina.startup.Bootstrap.load(Bootstrap.java:280)
	at org.apache.catalina.startup.Bootstrap.main(Bootstrap.java:454)
Caused by: java.net.BindException: Address already in use
	at java.net.PlainSocketImpl.socketBind(Native Method)
	at java.net.AbstractPlainSocketImpl.bind(AbstractPlainSocketImpl.java:382)
	at java.net.ServerSocket.bind(ServerSocket.java:375)
	at java.net.ServerSocket.<init>(ServerSocket.java:237)
	at java.net.ServerSocket.<init>(ServerSocket.java:181)
	at org.apache.tomcat.util.net.DefaultServerSocketFactory.createSocket(DefaultServerSocketFactory.java:49)
	at org.apache.tomcat.util.net.JIoEndpoint.bind(JIoEndpoint.java:400)
	... 17 more

Aug 20, 2015 4:21:40 PM org.apache.catalina.core.StandardService initInternal
SEVERE: Failed to initialize connector [Connector[HTTP/1.1-8080]]
org.apache.catalina.LifecycleException: Failed to initialize component [Connector[HTTP/1.1-8080]]
	at org.apache.catalina.util.LifecycleBase.init(LifecycleBase.java:106)
	at org.apache.catalina.core.StandardService.initInternal(StandardService.java:559)
	at org.apache.catalina.util.LifecycleBase.init(LifecycleBase.java:102)
	at org.apache.catalina.core.StandardServer.initInternal(StandardServer.java:821)
	at org.apache.catalina.util.LifecycleBase.init(LifecycleBase.java:102)
	at org.apache.catalina.startup.Catalina.load(Catalina.java:638)
	at org.apache.catalina.startup.Catalina.load(Catalina.java:663)
	at sun.reflect.NativeMethodAccessorImpl.invoke0(Native Method)
	at sun.reflect.NativeMethodAccessorImpl.invoke(NativeMethodAccessorImpl.java:62)
	at sun.reflect.DelegatingMethodAccessorImpl.invoke(DelegatingMethodAccessorImpl.java:43)
	at java.lang.reflect.Method.invoke(Method.java:497)
	at org.apache.catalina.startup.Bootstrap.load(Bootstrap.java:280)
	at org.apache.catalina.startup.Bootstrap.main(Bootstrap.java:454)
Caused by: org.apache.catalina.LifecycleException: Protocol handler initialization failed
	at org.apache.catalina.connector.Connector.initInternal(Connector.java:980)
	at org.apache.catalina.util.LifecycleBase.init(LifecycleBase.java:102)
	... 12 more
Caused by: java.net.BindException: Address already in use <null>:8080
	at org.apache.tomcat.util.net.JIoEndpoint.bind(JIoEndpoint.java:413)
	at org.apache.tomcat.util.net.AbstractEndpoint.init(AbstractEndpoint.java:649)
	at org.apache.coyote.AbstractProtocol.init(AbstractProtocol.java:434)
	at org.apache.coyote.http11.AbstractHttp11JsseProtocol.init(AbstractHttp11JsseProtocol.java:119)
	at org.apache.catalina.connector.Connector.initInternal(Connector.java:978)
	... 13 more
Caused by: java.net.BindException: Address already in use
	at java.net.PlainSocketImpl.socketBind(Native Method)
	at java.net.AbstractPlainSocketImpl.bind(AbstractPlainSocketImpl.java:382)
	at java.net.ServerSocket.bind(ServerSocket.java:375)
	at java.net.ServerSocket.<init>(ServerSocket.java:237)
	at java.net.ServerSocket.<init>(ServerSocket.java:181)
	at org.apache.tomcat.util.net.DefaultServerSocketFactory.createSocket(DefaultServerSocketFactory.java:49)
	at org.apache.tomcat.util.net.JIoEndpoint.bind(JIoEndpoint.java:400)
	... 17 more

Aug 20, 2015 4:21:40 PM org.apache.catalina.startup.Catalina load
INFO: Initialization processed in 583 ms
Aug 20, 2015 4:21:40 PM org.apache.catalina.core.StandardService startInternal
INFO: Starting service Catalina
Aug 20, 2015 4:21:40 PM org.apache.catalina.core.StandardEngine startInternal
INFO: Starting Servlet Engine: Apache Tomcat/7.0.63
Aug 20, 2015 4:21:40 PM org.apache.catalina.startup.HostConfig deployWAR
INFO: Deploying web application archive /Users/JKeto/Documents/Development/fufuka/apache-tomcat-7.0.63/webapps/jolokia.war
Aug 20, 2015 4:21:41 PM org.apache.catalina.startup.TldConfig execute
INFO: At least one JAR was scanned for TLDs yet contained no TLDs. Enable debug logging for this logger for a complete list of JARs that were scanned but no TLDs were found in them. Skipping unneeded JARs during scanning can improve startup time and JSP compilation time.
Aug 20, 2015 4:21:41 PM org.apache.catalina.startup.HostConfig deployWAR
INFO: Deployment of web application archive /Users/JKeto/Documents/Development/fufuka/apache-tomcat-7.0.63/webapps/jolokia.war has finished in 527 ms
Aug 20, 2015 4:21:41 PM org.apache.catalina.startup.HostConfig deployDirectory
INFO: Deploying web application directory /Users/JKeto/Documents/Development/fufuka/apache-tomcat-7.0.63/webapps/docs
Aug 20, 2015 4:21:41 PM org.apache.catalina.startup.HostConfig deployDirectory
INFO: Deployment of web application directory /Users/JKeto/Documents/Development/fufuka/apache-tomcat-7.0.63/webapps/docs has finished in 117 ms
Aug 20, 2015 4:21:41 PM org.apache.catalina.startup.HostConfig deployDirectory
INFO: Deploying web application directory /Users/JKeto/Documents/Development/fufuka/apache-tomcat-7.0.63/webapps/examples
Aug 20, 2015 4:21:41 PM org.apache.catalina.startup.HostConfig deployDirectory
INFO: Deployment of web application directory /Users/JKeto/Documents/Development/fufuka/apache-tomcat-7.0.63/webapps/examples has finished in 385 ms
Aug 20, 2015 4:21:41 PM org.apache.catalina.startup.HostConfig deployDirectory
INFO: Deploying web application directory /Users/JKeto/Documents/Development/fufuka/apache-tomcat-7.0.63/webapps/host-manager
Aug 20, 2015 4:21:41 PM org.apache.catalina.startup.HostConfig deployDirectory
INFO: Deployment of web application directory /Users/JKeto/Documents/Development/fufuka/apache-tomcat-7.0.63/webapps/host-manager has finished in 82 ms
Aug 20, 2015 4:21:41 PM org.apache.catalina.startup.HostConfig deployDirectory
INFO: Deploying web application directory /Users/JKeto/Documents/Development/fufuka/apache-tomcat-7.0.63/webapps/manager
Aug 20, 2015 4:21:41 PM org.apache.catalina.startup.HostConfig deployDirectory
INFO: Deployment of web application directory /Users/JKeto/Documents/Development/fufuka/apache-tomcat-7.0.63/webapps/manager has finished in 61 ms
Aug 20, 2015 4:21:41 PM org.apache.catalina.startup.HostConfig deployDirectory
INFO: Deploying web application directory /Users/JKeto/Documents/Development/fufuka/apache-tomcat-7.0.63/webapps/ROOT
Aug 20, 2015 4:21:41 PM org.apache.catalina.startup.HostConfig deployDirectory
INFO: Deployment of web application directory /Users/JKeto/Documents/Development/fufuka/apache-tomcat-7.0.63/webapps/ROOT has finished in 59 ms
Aug 20, 2015 4:21:41 PM org.apache.coyote.AbstractProtocol start
INFO: Starting ProtocolHandler ["http-bio-8080"]
Aug 20, 2015 4:21:41 PM org.apache.coyote.AbstractProtocol start
INFO: Starting ProtocolHandler ["ajp-bio-8009"]
Aug 20, 2015 4:21:41 PM org.apache.catalina.startup.Catalina start
INFO: Server startup in 1305 ms
Aug 20, 2015 4:22:32 PM org.apache.catalina.startup.HostConfig undeploy
INFO: Undeploying context [/jolokia]
Aug 20, 2015 4:22:32 PM org.apache.catalina.startup.HostConfig deployWAR
INFO: Deploying web application archive /Users/JKeto/Documents/Development/fufuka/apache-tomcat-7.0.63/webapps/subiri.war
Aug 20, 2015 4:22:32 PM org.apache.catalina.startup.TldConfig execute
INFO: At least one JAR was scanned for TLDs yet contained no TLDs. Enable debug logging for this logger for a complete list of JARs that were scanned but no TLDs were found in them. Skipping unneeded JARs during scanning can improve startup time and JSP compilation time.
Aug 20, 2015 4:22:32 PM org.apache.catalina.startup.HostConfig deployWAR
INFO: Deployment of web application archive /Users/JKeto/Documents/Development/fufuka/apache-tomcat-7.0.63/webapps/subiri.war has finished in 169 ms
Aug 20, 2015 4:23:12 PM org.apache.catalina.core.StandardServer await
INFO: A valid shutdown command was received via the shutdown port. Stopping the Server instance.
Aug 20, 2015 4:23:12 PM org.apache.coyote.AbstractProtocol pause
INFO: Pausing ProtocolHandler ["http-bio-8080"]
Aug 20, 2015 4:23:12 PM org.apache.coyote.AbstractProtocol pause
INFO: Pausing ProtocolHandler ["ajp-bio-8009"]
Aug 20, 2015 4:23:12 PM org.apache.coyote.AbstractProtocol pause
INFO: Pausing ProtocolHandler ["http-bio-8080"]
Aug 20, 2015 4:23:12 PM org.apache.catalina.core.StandardService stopInternal
INFO: Stopping service Catalina
Aug 20, 2015 4:23:12 PM org.apache.coyote.AbstractProtocol stop
INFO: Stopping ProtocolHandler ["http-bio-8080"]
Aug 20, 2015 4:23:12 PM org.apache.coyote.AbstractProtocol stop
INFO: Stopping ProtocolHandler ["ajp-bio-8009"]
Aug 20, 2015 4:23:12 PM org.apache.coyote.AbstractProtocol destroy
INFO: Destroying ProtocolHandler ["http-bio-8080"]
Aug 20, 2015 4:23:12 PM org.apache.coyote.AbstractProtocol destroy
INFO: Destroying ProtocolHandler ["ajp-bio-8009"]
Aug 20, 2015 4:23:12 PM org.apache.coyote.AbstractProtocol stop
INFO: Stopping ProtocolHandler ["http-bio-8080"]
Aug 20, 2015 4:23:12 PM org.apache.coyote.AbstractProtocol destroy
INFO: Destroying ProtocolHandler ["http-bio-8080"]
Aug 20, 2015 4:23:12 PM org.apache.catalina.util.LifecycleMBeanBase unregister
WARNING: Failed to unregister MBean with name [Catalina:type=Connector,port=8080] during component destruction
javax.management.InstanceNotFoundException: Catalina:type=Connector,port=8080
	at com.sun.jmx.interceptor.DefaultMBeanServerInterceptor.getMBean(DefaultMBeanServerInterceptor.java:1095)
	at com.sun.jmx.interceptor.DefaultMBeanServerInterceptor.exclusiveUnregisterMBean(DefaultMBeanServerInterceptor.java:427)
	at com.sun.jmx.interceptor.DefaultMBeanServerInterceptor.unregisterMBean(DefaultMBeanServerInterceptor.java:415)
	at com.sun.jmx.mbeanserver.JmxMBeanServer.unregisterMBean(JmxMBeanServer.java:546)
	at org.apache.catalina.util.LifecycleMBeanBase.unregister(LifecycleMBeanBase.java:194)
	at org.apache.catalina.util.LifecycleMBeanBase.destroyInternal(LifecycleMBeanBase.java:73)
	at org.apache.catalina.connector.Connector.destroyInternal(Connector.java:1061)
	at org.apache.catalina.util.LifecycleBase.destroy(LifecycleBase.java:305)
	at org.apache.catalina.core.StandardService.destroyInternal(StandardService.java:578)
	at org.apache.catalina.util.LifecycleBase.destroy(LifecycleBase.java:305)
	at org.apache.catalina.core.StandardServer.destroyInternal(StandardServer.java:829)
	at org.apache.catalina.util.LifecycleBase.destroy(LifecycleBase.java:305)
	at org.apache.catalina.startup.Catalina.stop(Catalina.java:763)
	at org.apache.catalina.startup.Catalina.start(Catalina.java:724)
	at sun.reflect.NativeMethodAccessorImpl.invoke0(Native Method)
	at sun.reflect.NativeMethodAccessorImpl.invoke(NativeMethodAccessorImpl.java:62)
	at sun.reflect.DelegatingMethodAccessorImpl.invoke(DelegatingMethodAccessorImpl.java:43)
	at java.lang.reflect.Method.invoke(Method.java:497)
	at org.apache.catalina.startup.Bootstrap.start(Bootstrap.java:321)
	at org.apache.catalina.startup.Bootstrap.main(Bootstrap.java:455)

Aug 20, 2015 4:23:15 PM org.apache.catalina.startup.SetAllPropertiesRule begin
WARNING: [SetAllPropertiesRule]{Server/Service/Connector} Setting property 'maxSpareThreads' to '75' did not find a matching property.
Aug 20, 2015 4:23:15 PM org.apache.catalina.startup.VersionLoggerListener log
INFO: Server version:        Apache Tomcat/7.0.63
Aug 20, 2015 4:23:15 PM org.apache.catalina.startup.VersionLoggerListener log
INFO: Server built:          Jun 30 2015 08:08:33 UTC
Aug 20, 2015 4:23:15 PM org.apache.catalina.startup.VersionLoggerListener log
INFO: Server number:         7.0.63.0
Aug 20, 2015 4:23:15 PM org.apache.catalina.startup.VersionLoggerListener log
INFO: OS Name:               Mac OS X
Aug 20, 2015 4:23:15 PM org.apache.catalina.startup.VersionLoggerListener log
INFO: OS Version:            10.10.4
Aug 20, 2015 4:23:15 PM org.apache.catalina.startup.VersionLoggerListener log
INFO: Architecture:          x86_64
Aug 20, 2015 4:23:15 PM org.apache.catalina.startup.VersionLoggerListener log
INFO: Java Home:             /Library/Java/JavaVirtualMachines/jdk1.8.0_45.jdk/Contents/Home/jre
Aug 20, 2015 4:23:15 PM org.apache.catalina.startup.VersionLoggerListener log
INFO: JVM Version:           1.8.0_45-b14
Aug 20, 2015 4:23:15 PM org.apache.catalina.startup.VersionLoggerListener log
INFO: JVM Vendor:            Oracle Corporation
Aug 20, 2015 4:23:15 PM org.apache.catalina.startup.VersionLoggerListener log
INFO: CATALINA_BASE:         /Users/JKeto/Documents/Development/fufuka/apache-tomcat-7.0.63
Aug 20, 2015 4:23:15 PM org.apache.catalina.startup.VersionLoggerListener log
INFO: CATALINA_HOME:         /Users/JKeto/Documents/Development/fufuka/apache-tomcat-7.0.63
Aug 20, 2015 4:23:15 PM org.apache.catalina.startup.VersionLoggerListener log
INFO: Command line argument: -Djava.util.logging.config.file=/Users/JKeto/Documents/Development/fufuka/apache-tomcat-7.0.63/conf/logging.properties
Aug 20, 2015 4:23:15 PM org.apache.catalina.startup.VersionLoggerListener log
INFO: Command line argument: -Djava.util.logging.manager=org.apache.juli.ClassLoaderLogManager
Aug 20, 2015 4:23:15 PM org.apache.catalina.startup.VersionLoggerListener log
INFO: Command line argument: -Djava.endorsed.dirs=/Users/JKeto/Documents/Development/fufuka/apache-tomcat-7.0.63/endorsed
Aug 20, 2015 4:23:15 PM org.apache.catalina.startup.VersionLoggerListener log
INFO: Command line argument: -Dcatalina.base=/Users/JKeto/Documents/Development/fufuka/apache-tomcat-7.0.63
Aug 20, 2015 4:23:15 PM org.apache.catalina.startup.VersionLoggerListener log
INFO: Command line argument: -Dcatalina.home=/Users/JKeto/Documents/Development/fufuka/apache-tomcat-7.0.63
Aug 20, 2015 4:23:15 PM org.apache.catalina.startup.VersionLoggerListener log
INFO: Command line argument: -Djava.io.tmpdir=/Users/JKeto/Documents/Development/fufuka/apache-tomcat-7.0.63/temp
Aug 20, 2015 4:23:15 PM org.apache.catalina.core.AprLifecycleListener lifecycleEvent
INFO: The APR based Apache Tomcat Native library which allows optimal performance in production environments was not found on the java.library.path: /Users/JKeto/Library/Java/Extensions:/Library/Java/Extensions:/Network/Library/Java/Extensions:/System/Library/Java/Extensions:/usr/lib/java:.
Aug 20, 2015 4:23:15 PM org.apache.coyote.AbstractProtocol init
INFO: Initializing ProtocolHandler ["http-bio-8080"]
Aug 20, 2015 4:23:15 PM org.apache.coyote.AbstractProtocol init
INFO: Initializing ProtocolHandler ["ajp-bio-8009"]
Aug 20, 2015 4:23:15 PM org.apache.coyote.AbstractProtocol init
INFO: Initializing ProtocolHandler ["http-bio-8080"]
Aug 20, 2015 4:23:15 PM org.apache.coyote.AbstractProtocol init
SEVERE: Failed to initialize end point associated with ProtocolHandler ["http-bio-8080"]
java.net.BindException: Address already in use <null>:8080
	at org.apache.tomcat.util.net.JIoEndpoint.bind(JIoEndpoint.java:413)
	at org.apache.tomcat.util.net.AbstractEndpoint.init(AbstractEndpoint.java:649)
	at org.apache.coyote.AbstractProtocol.init(AbstractProtocol.java:434)
	at org.apache.coyote.http11.AbstractHttp11JsseProtocol.init(AbstractHttp11JsseProtocol.java:119)
	at org.apache.catalina.connector.Connector.initInternal(Connector.java:978)
	at org.apache.catalina.util.LifecycleBase.init(LifecycleBase.java:102)
	at org.apache.catalina.core.StandardService.initInternal(StandardService.java:559)
	at org.apache.catalina.util.LifecycleBase.init(LifecycleBase.java:102)
	at org.apache.catalina.core.StandardServer.initInternal(StandardServer.java:821)
	at org.apache.catalina.util.LifecycleBase.init(LifecycleBase.java:102)
	at org.apache.catalina.startup.Catalina.load(Catalina.java:638)
	at org.apache.catalina.startup.Catalina.load(Catalina.java:663)
	at sun.reflect.NativeMethodAccessorImpl.invoke0(Native Method)
	at sun.reflect.NativeMethodAccessorImpl.invoke(NativeMethodAccessorImpl.java:62)
	at sun.reflect.DelegatingMethodAccessorImpl.invoke(DelegatingMethodAccessorImpl.java:43)
	at java.lang.reflect.Method.invoke(Method.java:497)
	at org.apache.catalina.startup.Bootstrap.load(Bootstrap.java:280)
	at org.apache.catalina.startup.Bootstrap.main(Bootstrap.java:454)
Caused by: java.net.BindException: Address already in use
	at java.net.PlainSocketImpl.socketBind(Native Method)
	at java.net.AbstractPlainSocketImpl.bind(AbstractPlainSocketImpl.java:382)
	at java.net.ServerSocket.bind(ServerSocket.java:375)
	at java.net.ServerSocket.<init>(ServerSocket.java:237)
	at java.net.ServerSocket.<init>(ServerSocket.java:181)
	at org.apache.tomcat.util.net.DefaultServerSocketFactory.createSocket(DefaultServerSocketFactory.java:49)
	at org.apache.tomcat.util.net.JIoEndpoint.bind(JIoEndpoint.java:400)
	... 17 more

Aug 20, 2015 4:23:15 PM org.apache.catalina.core.StandardService initInternal
SEVERE: Failed to initialize connector [Connector[HTTP/1.1-8080]]
org.apache.catalina.LifecycleException: Failed to initialize component [Connector[HTTP/1.1-8080]]
	at org.apache.catalina.util.LifecycleBase.init(LifecycleBase.java:106)
	at org.apache.catalina.core.StandardService.initInternal(StandardService.java:559)
	at org.apache.catalina.util.LifecycleBase.init(LifecycleBase.java:102)
	at org.apache.catalina.core.StandardServer.initInternal(StandardServer.java:821)
	at org.apache.catalina.util.LifecycleBase.init(LifecycleBase.java:102)
	at org.apache.catalina.startup.Catalina.load(Catalina.java:638)
	at org.apache.catalina.startup.Catalina.load(Catalina.java:663)
	at sun.reflect.NativeMethodAccessorImpl.invoke0(Native Method)
	at sun.reflect.NativeMethodAccessorImpl.invoke(NativeMethodAccessorImpl.java:62)
	at sun.reflect.DelegatingMethodAccessorImpl.invoke(DelegatingMethodAccessorImpl.java:43)
	at java.lang.reflect.Method.invoke(Method.java:497)
	at org.apache.catalina.startup.Bootstrap.load(Bootstrap.java:280)
	at org.apache.catalina.startup.Bootstrap.main(Bootstrap.java:454)
Caused by: org.apache.catalina.LifecycleException: Protocol handler initialization failed
	at org.apache.catalina.connector.Connector.initInternal(Connector.java:980)
	at org.apache.catalina.util.LifecycleBase.init(LifecycleBase.java:102)
	... 12 more
Caused by: java.net.BindException: Address already in use <null>:8080
	at org.apache.tomcat.util.net.JIoEndpoint.bind(JIoEndpoint.java:413)
	at org.apache.tomcat.util.net.AbstractEndpoint.init(AbstractEndpoint.java:649)
	at org.apache.coyote.AbstractProtocol.init(AbstractProtocol.java:434)
	at org.apache.coyote.http11.AbstractHttp11JsseProtocol.init(AbstractHttp11JsseProtocol.java:119)
	at org.apache.catalina.connector.Connector.initInternal(Connector.java:978)
	... 13 more
Caused by: java.net.BindException: Address already in use
	at java.net.PlainSocketImpl.socketBind(Native Method)
	at java.net.AbstractPlainSocketImpl.bind(AbstractPlainSocketImpl.java:382)
	at java.net.ServerSocket.bind(ServerSocket.java:375)
	at java.net.ServerSocket.<init>(ServerSocket.java:237)
	at java.net.ServerSocket.<init>(ServerSocket.java:181)
	at org.apache.tomcat.util.net.DefaultServerSocketFactory.createSocket(DefaultServerSocketFactory.java:49)
	at org.apache.tomcat.util.net.JIoEndpoint.bind(JIoEndpoint.java:400)
	... 17 more

Aug 20, 2015 4:23:15 PM org.apache.catalina.startup.Catalina load
INFO: Initialization processed in 579 ms
Aug 20, 2015 4:23:15 PM org.apache.catalina.core.StandardService startInternal
INFO: Starting service Catalina
Aug 20, 2015 4:23:15 PM org.apache.catalina.core.StandardEngine startInternal
INFO: Starting Servlet Engine: Apache Tomcat/7.0.63
Aug 20, 2015 4:23:15 PM org.apache.catalina.startup.HostConfig deployWAR
INFO: Deploying web application archive /Users/JKeto/Documents/Development/fufuka/apache-tomcat-7.0.63/webapps/subiri.war
Aug 20, 2015 4:23:15 PM org.apache.catalina.startup.TldConfig execute
INFO: At least one JAR was scanned for TLDs yet contained no TLDs. Enable debug logging for this logger for a complete list of JARs that were scanned but no TLDs were found in them. Skipping unneeded JARs during scanning can improve startup time and JSP compilation time.
Aug 20, 2015 4:23:15 PM org.apache.catalina.startup.HostConfig deployWAR
INFO: Deployment of web application archive /Users/JKeto/Documents/Development/fufuka/apache-tomcat-7.0.63/webapps/subiri.war has finished in 506 ms
Aug 20, 2015 4:23:15 PM org.apache.catalina.startup.HostConfig deployDirectory
INFO: Deploying web application directory /Users/JKeto/Documents/Development/fufuka/apache-tomcat-7.0.63/webapps/docs
Aug 20, 2015 4:23:15 PM org.apache.catalina.startup.HostConfig deployDirectory
INFO: Deployment of web application directory /Users/JKeto/Documents/Development/fufuka/apache-tomcat-7.0.63/webapps/docs has finished in 67 ms
Aug 20, 2015 4:23:15 PM org.apache.catalina.startup.HostConfig deployDirectory
INFO: Deploying web application directory /Users/JKeto/Documents/Development/fufuka/apache-tomcat-7.0.63/webapps/examples
Aug 20, 2015 4:23:16 PM org.apache.catalina.startup.HostConfig deployDirectory
INFO: Deployment of web application directory /Users/JKeto/Documents/Development/fufuka/apache-tomcat-7.0.63/webapps/examples has finished in 265 ms
Aug 20, 2015 4:23:16 PM org.apache.catalina.startup.HostConfig deployDirectory
INFO: Deploying web application directory /Users/JKeto/Documents/Development/fufuka/apache-tomcat-7.0.63/webapps/host-manager
Aug 20, 2015 4:23:16 PM org.apache.catalina.startup.HostConfig deployDirectory
INFO: Deployment of web application directory /Users/JKeto/Documents/Development/fufuka/apache-tomcat-7.0.63/webapps/host-manager has finished in 60 ms
Aug 20, 2015 4:23:16 PM org.apache.catalina.startup.HostConfig deployDirectory
INFO: Deploying web application directory /Users/JKeto/Documents/Development/fufuka/apache-tomcat-7.0.63/webapps/manager
Aug 20, 2015 4:23:16 PM org.apache.catalina.startup.HostConfig deployDirectory
INFO: Deployment of web application directory /Users/JKeto/Documents/Development/fufuka/apache-tomcat-7.0.63/webapps/manager has finished in 60 ms
Aug 20, 2015 4:23:16 PM org.apache.catalina.startup.HostConfig deployDirectory
INFO: Deploying web application directory /Users/JKeto/Documents/Development/fufuka/apache-tomcat-7.0.63/webapps/ROOT
Aug 20, 2015 4:23:16 PM org.apache.catalina.startup.HostConfig deployDirectory
INFO: Deployment of web application directory /Users/JKeto/Documents/Development/fufuka/apache-tomcat-7.0.63/webapps/ROOT has finished in 58 ms
Aug 20, 2015 4:23:16 PM org.apache.coyote.AbstractProtocol start
INFO: Starting ProtocolHandler ["http-bio-8080"]
Aug 20, 2015 4:23:16 PM org.apache.coyote.AbstractProtocol start
INFO: Starting ProtocolHandler ["ajp-bio-8009"]
Aug 20, 2015 4:23:16 PM org.apache.catalina.startup.Catalina start
INFO: Server startup in 1077 ms
Aug 20, 2015 4:23:18 PM org.apache.catalina.core.StandardServer await
INFO: A valid shutdown command was received via the shutdown port. Stopping the Server instance.
Aug 20, 2015 4:23:18 PM org.apache.coyote.AbstractProtocol pause
INFO: Pausing ProtocolHandler ["http-bio-8080"]
Aug 20, 2015 4:23:18 PM org.apache.coyote.AbstractProtocol pause
INFO: Pausing ProtocolHandler ["ajp-bio-8009"]
Aug 20, 2015 4:23:18 PM org.apache.coyote.AbstractProtocol pause
INFO: Pausing ProtocolHandler ["http-bio-8080"]
Aug 20, 2015 4:23:18 PM org.apache.catalina.core.StandardService stopInternal
INFO: Stopping service Catalina
Aug 20, 2015 4:23:18 PM org.apache.coyote.AbstractProtocol stop
INFO: Stopping ProtocolHandler ["http-bio-8080"]
Aug 20, 2015 4:23:18 PM org.apache.coyote.AbstractProtocol stop
INFO: Stopping ProtocolHandler ["ajp-bio-8009"]
Aug 20, 2015 4:23:18 PM org.apache.coyote.AbstractProtocol destroy
INFO: Destroying ProtocolHandler ["http-bio-8080"]
Aug 20, 2015 4:23:18 PM org.apache.coyote.AbstractProtocol destroy
INFO: Destroying ProtocolHandler ["ajp-bio-8009"]
Aug 20, 2015 4:23:18 PM org.apache.coyote.AbstractProtocol stop
INFO: Stopping ProtocolHandler ["http-bio-8080"]
Aug 20, 2015 4:23:18 PM org.apache.coyote.AbstractProtocol destroy
INFO: Destroying ProtocolHandler ["http-bio-8080"]
Aug 20, 2015 4:23:18 PM org.apache.catalina.util.LifecycleMBeanBase unregister
WARNING: Failed to unregister MBean with name [Catalina:type=Connector,port=8080] during component destruction
javax.management.InstanceNotFoundException: Catalina:type=Connector,port=8080
	at com.sun.jmx.interceptor.DefaultMBeanServerInterceptor.getMBean(DefaultMBeanServerInterceptor.java:1095)
	at com.sun.jmx.interceptor.DefaultMBeanServerInterceptor.exclusiveUnregisterMBean(DefaultMBeanServerInterceptor.java:427)
	at com.sun.jmx.interceptor.DefaultMBeanServerInterceptor.unregisterMBean(DefaultMBeanServerInterceptor.java:415)
	at com.sun.jmx.mbeanserver.JmxMBeanServer.unregisterMBean(JmxMBeanServer.java:546)
	at org.apache.catalina.util.LifecycleMBeanBase.unregister(LifecycleMBeanBase.java:194)
	at org.apache.catalina.util.LifecycleMBeanBase.destroyInternal(LifecycleMBeanBase.java:73)
	at org.apache.catalina.connector.Connector.destroyInternal(Connector.java:1061)
	at org.apache.catalina.util.LifecycleBase.destroy(LifecycleBase.java:305)
	at org.apache.catalina.core.StandardService.destroyInternal(StandardService.java:578)
	at org.apache.catalina.util.LifecycleBase.destroy(LifecycleBase.java:305)
	at org.apache.catalina.core.StandardServer.destroyInternal(StandardServer.java:829)
	at org.apache.catalina.util.LifecycleBase.destroy(LifecycleBase.java:305)
	at org.apache.catalina.startup.Catalina.stop(Catalina.java:763)
	at org.apache.catalina.startup.Catalina.start(Catalina.java:724)
	at sun.reflect.NativeMethodAccessorImpl.invoke0(Native Method)
	at sun.reflect.NativeMethodAccessorImpl.invoke(NativeMethodAccessorImpl.java:62)
	at sun.reflect.DelegatingMethodAccessorImpl.invoke(DelegatingMethodAccessorImpl.java:43)
	at java.lang.reflect.Method.invoke(Method.java:497)
	at org.apache.catalina.startup.Bootstrap.start(Bootstrap.java:321)
	at org.apache.catalina.startup.Bootstrap.main(Bootstrap.java:455)

Aug 20, 2015 4:24:01 PM org.apache.catalina.startup.SetAllPropertiesRule begin
WARNING: [SetAllPropertiesRule]{Server/Service/Connector} Setting property 'maxSpareThreads' to '75' did not find a matching property.
Aug 20, 2015 4:24:01 PM org.apache.catalina.startup.VersionLoggerListener log
INFO: Server version:        Apache Tomcat/7.0.63
Aug 20, 2015 4:24:01 PM org.apache.catalina.startup.VersionLoggerListener log
INFO: Server built:          Jun 30 2015 08:08:33 UTC
Aug 20, 2015 4:24:01 PM org.apache.catalina.startup.VersionLoggerListener log
INFO: Server number:         7.0.63.0
Aug 20, 2015 4:24:01 PM org.apache.catalina.startup.VersionLoggerListener log
INFO: OS Name:               Mac OS X
Aug 20, 2015 4:24:01 PM org.apache.catalina.startup.VersionLoggerListener log
INFO: OS Version:            10.10.4
Aug 20, 2015 4:24:01 PM org.apache.catalina.startup.VersionLoggerListener log
INFO: Architecture:          x86_64
Aug 20, 2015 4:24:01 PM org.apache.catalina.startup.VersionLoggerListener log
INFO: Java Home:             /Library/Java/JavaVirtualMachines/jdk1.8.0_45.jdk/Contents/Home/jre
Aug 20, 2015 4:24:01 PM org.apache.catalina.startup.VersionLoggerListener log
INFO: JVM Version:           1.8.0_45-b14
Aug 20, 2015 4:24:01 PM org.apache.catalina.startup.VersionLoggerListener log
INFO: JVM Vendor:            Oracle Corporation
Aug 20, 2015 4:24:01 PM org.apache.catalina.startup.VersionLoggerListener log
INFO: CATALINA_BASE:         /Users/JKeto/Documents/Development/fufuka/apache-tomcat-7.0.63
Aug 20, 2015 4:24:01 PM org.apache.catalina.startup.VersionLoggerListener log
INFO: CATALINA_HOME:         /Users/JKeto/Documents/Development/fufuka/apache-tomcat-7.0.63
Aug 20, 2015 4:24:01 PM org.apache.catalina.startup.VersionLoggerListener log
INFO: Command line argument: -Djava.util.logging.config.file=/Users/JKeto/Documents/Development/fufuka/apache-tomcat-7.0.63/conf/logging.properties
Aug 20, 2015 4:24:01 PM org.apache.catalina.startup.VersionLoggerListener log
INFO: Command line argument: -Djava.util.logging.manager=org.apache.juli.ClassLoaderLogManager
Aug 20, 2015 4:24:01 PM org.apache.catalina.startup.VersionLoggerListener log
INFO: Command line argument: -Djava.endorsed.dirs=/Users/JKeto/Documents/Development/fufuka/apache-tomcat-7.0.63/endorsed
Aug 20, 2015 4:24:01 PM org.apache.catalina.startup.VersionLoggerListener log
INFO: Command line argument: -Dcatalina.base=/Users/JKeto/Documents/Development/fufuka/apache-tomcat-7.0.63
Aug 20, 2015 4:24:01 PM org.apache.catalina.startup.VersionLoggerListener log
INFO: Command line argument: -Dcatalina.home=/Users/JKeto/Documents/Development/fufuka/apache-tomcat-7.0.63
Aug 20, 2015 4:24:01 PM org.apache.catalina.startup.VersionLoggerListener log
INFO: Command line argument: -Djava.io.tmpdir=/Users/JKeto/Documents/Development/fufuka/apache-tomcat-7.0.63/temp
Aug 20, 2015 4:24:01 PM org.apache.catalina.core.AprLifecycleListener lifecycleEvent
INFO: The APR based Apache Tomcat Native library which allows optimal performance in production environments was not found on the java.library.path: /Users/JKeto/Library/Java/Extensions:/Library/Java/Extensions:/Network/Library/Java/Extensions:/System/Library/Java/Extensions:/usr/lib/java:.
Aug 20, 2015 4:24:01 PM org.apache.coyote.AbstractProtocol init
INFO: Initializing ProtocolHandler ["http-bio-8080"]
Aug 20, 2015 4:24:01 PM org.apache.coyote.AbstractProtocol init
INFO: Initializing ProtocolHandler ["ajp-bio-8009"]
Aug 20, 2015 4:24:01 PM org.apache.coyote.AbstractProtocol init
INFO: Initializing ProtocolHandler ["http-bio-8080"]
Aug 20, 2015 4:24:01 PM org.apache.coyote.AbstractProtocol init
SEVERE: Failed to initialize end point associated with ProtocolHandler ["http-bio-8080"]
java.net.BindException: Address already in use <null>:8080
	at org.apache.tomcat.util.net.JIoEndpoint.bind(JIoEndpoint.java:413)
	at org.apache.tomcat.util.net.AbstractEndpoint.init(AbstractEndpoint.java:649)
	at org.apache.coyote.AbstractProtocol.init(AbstractProtocol.java:434)
	at org.apache.coyote.http11.AbstractHttp11JsseProtocol.init(AbstractHttp11JsseProtocol.java:119)
	at org.apache.catalina.connector.Connector.initInternal(Connector.java:978)
	at org.apache.catalina.util.LifecycleBase.init(LifecycleBase.java:102)
	at org.apache.catalina.core.StandardService.initInternal(StandardService.java:559)
	at org.apache.catalina.util.LifecycleBase.init(LifecycleBase.java:102)
	at org.apache.catalina.core.StandardServer.initInternal(StandardServer.java:821)
	at org.apache.catalina.util.LifecycleBase.init(LifecycleBase.java:102)
	at org.apache.catalina.startup.Catalina.load(Catalina.java:638)
	at org.apache.catalina.startup.Catalina.load(Catalina.java:663)
	at sun.reflect.NativeMethodAccessorImpl.invoke0(Native Method)
	at sun.reflect.NativeMethodAccessorImpl.invoke(NativeMethodAccessorImpl.java:62)
	at sun.reflect.DelegatingMethodAccessorImpl.invoke(DelegatingMethodAccessorImpl.java:43)
	at java.lang.reflect.Method.invoke(Method.java:497)
	at org.apache.catalina.startup.Bootstrap.load(Bootstrap.java:280)
	at org.apache.catalina.startup.Bootstrap.main(Bootstrap.java:454)
Caused by: java.net.BindException: Address already in use
	at java.net.PlainSocketImpl.socketBind(Native Method)
	at java.net.AbstractPlainSocketImpl.bind(AbstractPlainSocketImpl.java:382)
	at java.net.ServerSocket.bind(ServerSocket.java:375)
	at java.net.ServerSocket.<init>(ServerSocket.java:237)
	at java.net.ServerSocket.<init>(ServerSocket.java:181)
	at org.apache.tomcat.util.net.DefaultServerSocketFactory.createSocket(DefaultServerSocketFactory.java:49)
	at org.apache.tomcat.util.net.JIoEndpoint.bind(JIoEndpoint.java:400)
	... 17 more

Aug 20, 2015 4:24:01 PM org.apache.catalina.core.StandardService initInternal
SEVERE: Failed to initialize connector [Connector[HTTP/1.1-8080]]
org.apache.catalina.LifecycleException: Failed to initialize component [Connector[HTTP/1.1-8080]]
	at org.apache.catalina.util.LifecycleBase.init(LifecycleBase.java:106)
	at org.apache.catalina.core.StandardService.initInternal(StandardService.java:559)
	at org.apache.catalina.util.LifecycleBase.init(LifecycleBase.java:102)
	at org.apache.catalina.core.StandardServer.initInternal(StandardServer.java:821)
	at org.apache.catalina.util.LifecycleBase.init(LifecycleBase.java:102)
	at org.apache.catalina.startup.Catalina.load(Catalina.java:638)
	at org.apache.catalina.startup.Catalina.load(Catalina.java:663)
	at sun.reflect.NativeMethodAccessorImpl.invoke0(Native Method)
	at sun.reflect.NativeMethodAccessorImpl.invoke(NativeMethodAccessorImpl.java:62)
	at sun.reflect.DelegatingMethodAccessorImpl.invoke(DelegatingMethodAccessorImpl.java:43)
	at java.lang.reflect.Method.invoke(Method.java:497)
	at org.apache.catalina.startup.Bootstrap.load(Bootstrap.java:280)
	at org.apache.catalina.startup.Bootstrap.main(Bootstrap.java:454)
Caused by: org.apache.catalina.LifecycleException: Protocol handler initialization failed
	at org.apache.catalina.connector.Connector.initInternal(Connector.java:980)
	at org.apache.catalina.util.LifecycleBase.init(LifecycleBase.java:102)
	... 12 more
Caused by: java.net.BindException: Address already in use <null>:8080
	at org.apache.tomcat.util.net.JIoEndpoint.bind(JIoEndpoint.java:413)
	at org.apache.tomcat.util.net.AbstractEndpoint.init(AbstractEndpoint.java:649)
	at org.apache.coyote.AbstractProtocol.init(AbstractProtocol.java:434)
	at org.apache.coyote.http11.AbstractHttp11JsseProtocol.init(AbstractHttp11JsseProtocol.java:119)
	at org.apache.catalina.connector.Connector.initInternal(Connector.java:978)
	... 13 more
Caused by: java.net.BindException: Address already in use
	at java.net.PlainSocketImpl.socketBind(Native Method)
	at java.net.AbstractPlainSocketImpl.bind(AbstractPlainSocketImpl.java:382)
	at java.net.ServerSocket.bind(ServerSocket.java:375)
	at java.net.ServerSocket.<init>(ServerSocket.java:237)
	at java.net.ServerSocket.<init>(ServerSocket.java:181)
	at org.apache.tomcat.util.net.DefaultServerSocketFactory.createSocket(DefaultServerSocketFactory.java:49)
	at org.apache.tomcat.util.net.JIoEndpoint.bind(JIoEndpoint.java:400)
	... 17 more

Aug 20, 2015 4:24:01 PM org.apache.catalina.startup.Catalina load
INFO: Initialization processed in 557 ms
Aug 20, 2015 4:24:01 PM org.apache.catalina.core.StandardService startInternal
INFO: Starting service Catalina
Aug 20, 2015 4:24:01 PM org.apache.catalina.core.StandardEngine startInternal
INFO: Starting Servlet Engine: Apache Tomcat/7.0.63
Aug 20, 2015 4:24:01 PM org.apache.catalina.startup.HostConfig deployWAR
INFO: Deploying web application archive /Users/JKeto/Documents/Development/fufuka/apache-tomcat-7.0.63/webapps/subiri.war
Aug 20, 2015 4:24:02 PM org.apache.catalina.startup.TldConfig execute
INFO: At least one JAR was scanned for TLDs yet contained no TLDs. Enable debug logging for this logger for a complete list of JARs that were scanned but no TLDs were found in them. Skipping unneeded JARs during scanning can improve startup time and JSP compilation time.
Aug 20, 2015 4:24:02 PM org.apache.catalina.startup.HostConfig deployWAR
INFO: Deployment of web application archive /Users/JKeto/Documents/Development/fufuka/apache-tomcat-7.0.63/webapps/subiri.war has finished in 522 ms
Aug 20, 2015 4:24:02 PM org.apache.catalina.startup.HostConfig deployDirectory
INFO: Deploying web application directory /Users/JKeto/Documents/Development/fufuka/apache-tomcat-7.0.63/webapps/docs
Aug 20, 2015 4:24:02 PM org.apache.catalina.startup.HostConfig deployDirectory
INFO: Deployment of web application directory /Users/JKeto/Documents/Development/fufuka/apache-tomcat-7.0.63/webapps/docs has finished in 78 ms
Aug 20, 2015 4:24:02 PM org.apache.catalina.startup.HostConfig deployDirectory
INFO: Deploying web application directory /Users/JKeto/Documents/Development/fufuka/apache-tomcat-7.0.63/webapps/examples
Aug 20, 2015 4:24:02 PM org.apache.catalina.startup.HostConfig deployDirectory
INFO: Deployment of web application directory /Users/JKeto/Documents/Development/fufuka/apache-tomcat-7.0.63/webapps/examples has finished in 216 ms
Aug 20, 2015 4:24:02 PM org.apache.catalina.startup.HostConfig deployDirectory
INFO: Deploying web application directory /Users/JKeto/Documents/Development/fufuka/apache-tomcat-7.0.63/webapps/host-manager
Aug 20, 2015 4:24:02 PM org.apache.catalina.startup.HostConfig deployDirectory
INFO: Deployment of web application directory /Users/JKeto/Documents/Development/fufuka/apache-tomcat-7.0.63/webapps/host-manager has finished in 54 ms
Aug 20, 2015 4:24:02 PM org.apache.catalina.startup.HostConfig deployDirectory
INFO: Deploying web application directory /Users/JKeto/Documents/Development/fufuka/apache-tomcat-7.0.63/webapps/manager
Aug 20, 2015 4:24:02 PM org.apache.catalina.startup.HostConfig deployDirectory
INFO: Deployment of web application directory /Users/JKeto/Documents/Development/fufuka/apache-tomcat-7.0.63/webapps/manager has finished in 48 ms
Aug 20, 2015 4:24:02 PM org.apache.catalina.startup.HostConfig deployDirectory
INFO: Deploying web application directory /Users/JKeto/Documents/Development/fufuka/apache-tomcat-7.0.63/webapps/ROOT
Aug 20, 2015 4:24:02 PM org.apache.catalina.startup.HostConfig deployDirectory
INFO: Deployment of web application directory /Users/JKeto/Documents/Development/fufuka/apache-tomcat-7.0.63/webapps/ROOT has finished in 51 ms
Aug 20, 2015 4:24:02 PM org.apache.coyote.AbstractProtocol start
INFO: Starting ProtocolHandler ["http-bio-8080"]
Aug 20, 2015 4:24:02 PM org.apache.coyote.AbstractProtocol start
INFO: Starting ProtocolHandler ["ajp-bio-8009"]
Aug 20, 2015 4:24:02 PM org.apache.catalina.startup.Catalina start
INFO: Server startup in 1058 ms
Aug 20, 2015 4:24:33 PM org.apache.catalina.startup.HostConfig undeploy
INFO: Undeploying context [/subiri]
Aug 20, 2015 4:24:33 PM org.apache.catalina.startup.HostConfig deployWAR
INFO: Deploying web application archive /Users/JKeto/Documents/Development/fufuka/apache-tomcat-7.0.63/webapps/subiri.war
Aug 20, 2015 4:24:33 PM org.apache.catalina.startup.TldConfig execute
INFO: At least one JAR was scanned for TLDs yet contained no TLDs. Enable debug logging for this logger for a complete list of JARs that were scanned but no TLDs were found in them. Skipping unneeded JARs during scanning can improve startup time and JSP compilation time.
Aug 20, 2015 4:24:33 PM org.apache.catalina.startup.HostConfig deployWAR
INFO: Deployment of web application archive /Users/JKeto/Documents/Development/fufuka/apache-tomcat-7.0.63/webapps/subiri.war has finished in 265 ms
Aug 20, 2015 4:24:33 PM org.apache.catalina.startup.HostConfig deployDirectory
INFO: Deploying web application directory /Users/JKeto/Documents/Development/fufuka/apache-tomcat-7.0.63/webapps/jolokia
Aug 20, 2015 4:24:33 PM org.apache.catalina.startup.TldConfig execute
INFO: At least one JAR was scanned for TLDs yet contained no TLDs. Enable debug logging for this logger for a complete list of JARs that were scanned but no TLDs were found in them. Skipping unneeded JARs during scanning can improve startup time and JSP compilation time.
Aug 20, 2015 4:24:33 PM org.apache.catalina.startup.HostConfig deployDirectory
INFO: Deployment of web application directory /Users/JKeto/Documents/Development/fufuka/apache-tomcat-7.0.63/webapps/jolokia has finished in 135 ms
Aug 20, 2015 4:26:33 PM org.apache.catalina.startup.HostConfig undeploy
INFO: Undeploying context [/jolokia]
Aug 20, 2015 4:26:34 PM org.apache.catalina.startup.HostConfig undeploy
INFO: Undeploying context [/subiri]
Aug 20, 2015 4:26:34 PM org.apache.catalina.startup.HostConfig deployWAR
INFO: Deploying web application archive /Users/JKeto/Documents/Development/fufuka/apache-tomcat-7.0.63/webapps/jolokia.war
Aug 20, 2015 4:26:34 PM org.apache.catalina.startup.TldConfig execute
INFO: At least one JAR was scanned for TLDs yet contained no TLDs. Enable debug logging for this logger for a complete list of JARs that were scanned but no TLDs were found in them. Skipping unneeded JARs during scanning can improve startup time and JSP compilation time.
Aug 20, 2015 4:26:34 PM org.apache.catalina.startup.HostConfig deployWAR
INFO: Deployment of web application archive /Users/JKeto/Documents/Development/fufuka/apache-tomcat-7.0.63/webapps/jolokia.war has finished in 229 ms
