Aug 04, 2015 2:35:23 PM org.apache.catalina.core.ApplicationContext log
INFO: ContextListener: contextInitialized()
Aug 04, 2015 2:35:23 PM org.apache.catalina.core.ApplicationContext log
INFO: SessionListener: contextInitialized()
Aug 04, 2015 2:35:23 PM org.apache.catalina.core.ApplicationContext log
INFO: ContextListener: attributeAdded('org.apache.jasper.compiler.TldLocationsCache', 'org.apache.jasper.compiler.TldLocationsCache@869d278')
Aug 04, 2015 2:35:23 PM org.apache.catalina.core.ApplicationContext log
INFO: SessionListener: contextDestroyed()
Aug 04, 2015 2:35:23 PM org.apache.catalina.core.ApplicationContext log
INFO: ContextListener: contextDestroyed()
Aug 04, 2015 3:16:16 PM org.apache.catalina.core.ApplicationContext log
INFO: jolokia-agent: No access restrictor found at classpath:/jolokia-access.xml, access to all MBeans is allowed
Aug 04, 2015 3:16:42 PM org.apache.catalina.core.ApplicationContext log
INFO: jolokia-agent: No access restrictor found at classpath:/jolokia-access.xml, access to all MBeans is allowed
Aug 04, 2015 3:16:42 PM org.apache.catalina.core.ApplicationContext log
INFO: ContextListener: contextInitialized()
Aug 04, 2015 3:16:42 PM org.apache.catalina.core.ApplicationContext log
INFO: SessionListener: contextInitialized()
Aug 04, 2015 3:16:42 PM org.apache.catalina.core.ApplicationContext log
INFO: ContextListener: attributeAdded('org.apache.jasper.compiler.TldLocationsCache', 'org.apache.jasper.compiler.TldLocationsCache@271c7240')
