Aug 07, 2015 1:18:54 PM org.apache.catalina.core.ApplicationContext log
INFO: jolokia-agent: No access restrictor found at classpath:/jolokia-access.xml, access to all MBeans is allowed
Aug 07, 2015 1:18:54 PM org.apache.catalina.core.ApplicationContext log
INFO: ContextListener: contextInitialized()
Aug 07, 2015 1:18:54 PM org.apache.catalina.core.ApplicationContext log
INFO: SessionListener: contextInitialized()
Aug 07, 2015 1:18:54 PM org.apache.catalina.core.ApplicationContext log
INFO: ContextListener: attributeAdded('org.apache.jasper.compiler.TldLocationsCache', 'org.apache.jasper.compiler.TldLocationsCache@291f91b9')
Aug 07, 2015 1:19:46 PM org.apache.catalina.core.ApplicationContext log
INFO: jolokia-agent: No access restrictor found at classpath:/jolokia-access.xml, access to all MBeans is allowed
Aug 07, 2015 1:19:47 PM org.apache.catalina.core.ApplicationContext log
INFO: ContextListener: contextInitialized()
Aug 07, 2015 1:19:47 PM org.apache.catalina.core.ApplicationContext log
INFO: SessionListener: contextInitialized()
Aug 07, 2015 1:19:47 PM org.apache.catalina.core.ApplicationContext log
INFO: ContextListener: attributeAdded('org.apache.jasper.compiler.TldLocationsCache', 'org.apache.jasper.compiler.TldLocationsCache@8a03eda')
Aug 07, 2015 1:19:47 PM org.apache.catalina.core.ApplicationContext log
INFO: SessionListener: contextDestroyed()
Aug 07, 2015 1:19:47 PM org.apache.catalina.core.ApplicationContext log
INFO: ContextListener: contextDestroyed()
