1	BERNARDO	Who's there?
2	FRANCISCO	Nay, answer me: stand, and unfold yourself.
3	BERNARDO	Long live the king!
4	FRANCISCO	Bernardo?
5	BERNARDO	He.

Prod: p1 MSG: 1	BERNARDO	Who's there?
Prod: p1 MSG: 2	FRANCISCO	Nay, answer me: stand, and unfold yourself.
Prod: p1 MSG: 3	BERNARDO	Long live the king!
Prod: p1 MSG: 4	FRANCISCO	Bernardo?
Prod: p1 MSG: 5	BERNARDO	He.
Prod: p1 MSG: 1	BERNARDO	Who's there?
Prod: p1 MSG: 2	FRANCISCO	Nay, answer me: stand, and unfold yourself.
Prod: p1 MSG: 3	BERNARDO	Long live the king!
Prod: p1 MSG: 4	FRANCISCO	Bernardo?
Prod: p1 MSG: 5	BERNARDO	He.
Prod: p1 MSG: 1	BERNARDO	Who's there?
Prod: p1 MSG: 2	FRANCISCO	Nay, answer me: stand, and unfold yourself.
Prod: p1 MSG: 3	BERNARDO	Long live the king!
Prod: p1 MSG: 4	FRANCISCO	Bernardo?
1	BERNARDO	Who's there?
2	FRANCISCO	Nay, answer me: stand, and unfold yourself.
3	BERNARDO	Long live the king!
4	FRANCISCO	Bernardo?
5	BERNARDO	He.
